0:0:0:0:0:0:0:1 - - [27/Oct/2025:00:00:00 +0900] "GET /actuator/health?_t=1761490800581 HTTP/1.1" 200 60
0:0:0:0:0:0:0:1 - - [27/Oct/2025:00:00:15 +0900] "GET /actuator/health?_t=1761490815581 HTTP/1.1" 200 60
0:0:0:0:0:0:0:1 - - [27/Oct/2025:00:00:30 +0900] "GET /actuator/health?_t=1761490830581 HTTP/1.1" 200 60
0:0:0:0:0:0:0:1 - - [27/Oct/2025:00:00:43 +0900] "OPTIONS /users/me/verify-password HTTP/1.1" 200 -
0:0:0:0:0:0:0:1 - - [27/Oct/2025:00:00:43 +0900] "POST /users/me/verify-password HTTP/1.1" 400 47
0:0:0:0:0:0:0:1 - - [27/Oct/2025:00:00:45 +0900] "POST /users/me/verify-password HTTP/1.1" 200 21
0:0:0:0:0:0:0:1 - - [27/Oct/2025:00:00:45 +0900] "OPTIONS /users/me HTTP/1.1" 200 -
0:0:0:0:0:0:0:1 - - [27/Oct/2025:00:00:45 +0900] "GET /users/me HTTP/1.1" 200 319
0:0:0:0:0:0:0:1 - - [27/Oct/2025:00:00:45 +0900] "OPTIONS /users/me/profile-image HTTP/1.1" 200 -
0:0:0:0:0:0:0:1 - - [27/Oct/2025:00:00:45 +0900] "GET /users/me/profile-image HTTP/1.1" 200 8392
0:0:0:0:0:0:0:1 - - [27/Oct/2025:00:00:45 +0900] "GET /actuator/health?_t=1761490845581 HTTP/1.1" 200 60
0:0:0:0:0:0:0:1 - - [27/Oct/2025:00:01:00 +0900] "GET /actuator/health?_t=1761490860581 HTTP/1.1" 200 60
0:0:0:0:0:0:0:1 - - [27/Oct/2025:00:01:03 +0900] "OPTIONS /admin/users?page=0&size=200&sort=createdAt%2Cdesc HTTP/1.1" 200 -
0:0:0:0:0:0:0:1 - - [27/Oct/2025:00:01:03 +0900] "GET /admin/users?page=0&size=200&sort=createdAt%2Cdesc HTTP/1.1" 200 2309
0:0:0:0:0:0:0:1 - - [27/Oct/2025:00:01:03 +0900] "OPTIONS /admin/users?page=1&size=200&sort=createdAt%2Cdesc HTTP/1.1" 200 -
0:0:0:0:0:0:0:1 - - [27/Oct/2025:00:01:03 +0900] "GET /admin/users?page=1&size=200&sort=createdAt%2Cdesc HTTP/1.1" 200 334
0:0:0:0:0:0:0:1 - - [27/Oct/2025:00:01:03 +0900] "OPTIONS /admin/users?role=ROLE_USER&page=0&size=20&sort=createdAt%2Cdesc HTTP/1.1" 200 -
0:0:0:0:0:0:0:1 - - [27/Oct/2025:00:01:03 +0900] "GET /admin/users?role=ROLE_USER&page=0&size=20&sort=createdAt%2Cdesc HTTP/1.1" 200 942
0:0:0:0:0:0:0:1 - - [27/Oct/2025:00:01:03 +0900] "OPTIONS /admin/users/user01/profile-image HTTP/1.1" 200 -
0:0:0:0:0:0:0:1 - - [27/Oct/2025:00:01:03 +0900] "OPTIONS /admin/users/abc123/profile-image HTTP/1.1" 200 -
0:0:0:0:0:0:0:1 - - [27/Oct/2025:00:01:03 +0900] "OPTIONS /admin/users/whrjsgml/profile-image HTTP/1.1" 200 -
0:0:0:0:0:0:0:1 - - [27/Oct/2025:00:01:04 +0900] "OPTIONS /admin/users?role=ROLE_ADMIN&page=0&size=10&sort=createdAt,desc HTTP/1.1" 200 -
0:0:0:0:0:0:0:1 - - [27/Oct/2025:00:01:04 +0900] "GET /admin/users?role=ROLE_ADMIN&page=0&size=10&sort=createdAt,desc HTTP/1.1" 200 911
0:0:0:0:0:0:0:1 - - [27/Oct/2025:00:01:04 +0900] "OPTIONS /admin/users/admin2024/profile-image HTTP/1.1" 200 -
0:0:0:0:0:0:0:1 - - [27/Oct/2025:00:01:04 +0900] "OPTIONS /admin/users/admin/profile-image HTTP/1.1" 200 -
0:0:0:0:0:0:0:1 - - [27/Oct/2025:00:01:04 +0900] "OPTIONS /admin/users/admin2025/profile-image HTTP/1.1" 200 -
0:0:0:0:0:0:0:1 - - [27/Oct/2025:00:01:04 +0900] "GET /admin/users/admin2025/profile-image HTTP/1.1" 404 -
0:0:0:0:0:0:0:1 - - [27/Oct/2025:00:01:13 +0900] "OPTIONS /admin/inquiries?page=0&size=1&sort=createdAt,desc&status=OPEN HTTP/1.1" 200 -
0:0:0:0:0:0:0:1 - - [27/Oct/2025:00:01:13 +0900] "OPTIONS /admin/inquiries?page=0&size=1&sort=createdAt,desc HTTP/1.1" 200 -
0:0:0:0:0:0:0:1 - - [27/Oct/2025:00:01:13 +0900] "OPTIONS /admin/inquiries?page=0&size=1&sort=createdAt,desc&status=ANSWERED HTTP/1.1" 200 -
0:0:0:0:0:0:0:1 - - [27/Oct/2025:00:01:13 +0900] "OPTIONS /admin/inquiries?page=0&size=10&sort=createdAt,desc HTTP/1.1" 200 -
0:0:0:0:0:0:0:1 - - [27/Oct/2025:00:01:13 +0900] "OPTIONS /admin/inquiries?page=0&size=1&sort=createdAt,desc&status=CLOSED HTTP/1.1" 200 -
0:0:0:0:0:0:0:1 - - [27/Oct/2025:00:01:13 +0900] "GET /admin/inquiries?page=0&size=10&sort=createdAt,desc HTTP/1.1" 200 1542
0:0:0:0:0:0:0:1 - - [27/Oct/2025:00:01:13 +0900] "GET /admin/inquiries?page=0&size=1&sort=createdAt,desc&status=OPEN HTTP/1.1" 200 508
0:0:0:0:0:0:0:1 - - [27/Oct/2025:00:01:13 +0900] "GET /admin/inquiries?page=0&size=1&sort=createdAt,desc&status=ANSWERED HTTP/1.1" 200 511
0:0:0:0:0:0:0:1 - - [27/Oct/2025:00:01:13 +0900] "GET /admin/inquiries?page=0&size=1&sort=createdAt,desc&status=CLOSED HTTP/1.1" 200 493
0:0:0:0:0:0:0:1 - - [27/Oct/2025:00:01:13 +0900] "GET /admin/inquiries?page=0&size=1&sort=createdAt,desc HTTP/1.1" 200 508
0:0:0:0:0:0:0:1 - - [27/Oct/2025:00:01:15 +0900] "GET /actuator/health?_t=1761490875582 HTTP/1.1" 200 60
0:0:0:0:0:0:0:1 - - [27/Oct/2025:00:01:21 +0900] "OPTIONS /users/me/verify-password HTTP/1.1" 200 -
0:0:0:0:0:0:0:1 - - [27/Oct/2025:00:01:21 +0900] "POST /users/me/verify-password HTTP/1.1" 200 21
0:0:0:0:0:0:0:1 - - [27/Oct/2025:00:01:21 +0900] "OPTIONS /users/me HTTP/1.1" 200 -
0:0:0:0:0:0:0:1 - - [27/Oct/2025:00:01:21 +0900] "GET /users/me HTTP/1.1" 200 319
0:0:0:0:0:0:0:1 - - [27/Oct/2025:00:01:21 +0900] "OPTIONS /users/me/profile-image HTTP/1.1" 200 -
0:0:0:0:0:0:0:1 - - [27/Oct/2025:00:01:21 +0900] "GET /users/me/profile-image HTTP/1.1" 200 8392
0:0:0:0:0:0:0:1 - - [27/Oct/2025:00:01:30 +0900] "GET /actuator/health?_t=1761490890579 HTTP/1.1" 200 60
0:0:0:0:0:0:0:1 - - [27/Oct/2025:00:01:45 +0900] "GET /actuator/health?_t=1761490905582 HTTP/1.1" 200 60
0:0:0:0:0:0:0:1 - - [27/Oct/2025:00:02:00 +0900] "GET /actuator/health?_t=1761490920582 HTTP/1.1" 200 60
0:0:0:0:0:0:0:1 - - [27/Oct/2025:00:02:15 +0900] "GET /actuator/health?_t=1761490935582 HTTP/1.1" 200 60
0:0:0:0:0:0:0:1 - - [27/Oct/2025:00:02:30 +0900] "GET /actuator/health?_t=1761490950582 HTTP/1.1" 200 60
0:0:0:0:0:0:0:1 - - [27/Oct/2025:00:02:45 +0900] "GET /actuator/health?_t=1761490965582 HTTP/1.1" 200 60
0:0:0:0:0:0:0:1 - - [27/Oct/2025:00:03:00 +0900] "GET /actuator/health?_t=1761490980582 HTTP/1.1" 200 60
0:0:0:0:0:0:0:1 - - [27/Oct/2025:00:03:15 +0900] "GET /actuator/health?_t=1761490995583 HTTP/1.1" 200 60
0:0:0:0:0:0:0:1 - - [27/Oct/2025:00:03:30 +0900] "GET /actuator/health?_t=1761491010583 HTTP/1.1" 200 60
0:0:0:0:0:0:0:1 - - [27/Oct/2025:00:03:45 +0900] "GET /actuator/health?_t=1761491025577 HTTP/1.1" 200 60
0:0:0:0:0:0:0:1 - - [27/Oct/2025:00:04:00 +0900] "GET /actuator/health?_t=1761491040578 HTTP/1.1" 200 60
0:0:0:0:0:0:0:1 - - [27/Oct/2025:00:04:15 +0900] "GET /actuator/health?_t=1761491055578 HTTP/1.1" 200 60
0:0:0:0:0:0:0:1 - - [27/Oct/2025:00:04:30 +0900] "GET /actuator/health?_t=1761491070578 HTTP/1.1" 200 60
0:0:0:0:0:0:0:1 - - [27/Oct/2025:00:04:45 +0900] "GET /actuator/health?_t=1761491085578 HTTP/1.1" 200 60
0:0:0:0:0:0:0:1 - - [27/Oct/2025:00:05:00 +0900] "GET /actuator/health?_t=1761491100578 HTTP/1.1" 200 60
0:0:0:0:0:0:0:1 - - [27/Oct/2025:00:05:08 +0900] "OPTIONS /admin/inquiries?page=0&size=1&sort=createdAt,desc HTTP/1.1" 200 -
0:0:0:0:0:0:0:1 - - [27/Oct/2025:00:05:08 +0900] "OPTIONS /admin/inquiries?page=0&size=1&sort=createdAt,desc&status=OPEN HTTP/1.1" 200 -
0:0:0:0:0:0:0:1 - - [27/Oct/2025:00:05:08 +0900] "OPTIONS /admin/inquiries?page=0&size=1&sort=createdAt,desc&status=ANSWERED HTTP/1.1" 200 -
0:0:0:0:0:0:0:1 - - [27/Oct/2025:00:05:08 +0900] "OPTIONS /admin/inquiries?page=0&size=1&sort=createdAt,desc&status=CLOSED HTTP/1.1" 200 -
0:0:0:0:0:0:0:1 - - [27/Oct/2025:00:05:08 +0900] "OPTIONS /admin/inquiries?page=0&size=10&sort=createdAt,desc HTTP/1.1" 200 -
0:0:0:0:0:0:0:1 - - [27/Oct/2025:00:05:08 +0900] "GET /admin/inquiries?page=0&size=10&sort=createdAt,desc HTTP/1.1" 200 1542
0:0:0:0:0:0:0:1 - - [27/Oct/2025:00:05:08 +0900] "GET /admin/inquiries?page=0&size=1&sort=createdAt,desc&status=OPEN HTTP/1.1" 200 508
0:0:0:0:0:0:0:1 - - [27/Oct/2025:00:05:08 +0900] "GET /admin/inquiries?page=0&size=1&sort=createdAt,desc&status=ANSWERED HTTP/1.1" 200 511
0:0:0:0:0:0:0:1 - - [27/Oct/2025:00:05:08 +0900] "GET /admin/inquiries?page=0&size=1&sort=createdAt,desc&status=CLOSED HTTP/1.1" 200 493
0:0:0:0:0:0:0:1 - - [27/Oct/2025:00:05:08 +0900] "GET /admin/inquiries?page=0&size=1&sort=createdAt,desc HTTP/1.1" 200 508
0:0:0:0:0:0:0:1 - - [27/Oct/2025:00:05:10 +0900] "GET /admin/inquiries?page=0&size=10&sort=createdAt,desc HTTP/1.1" 200 1542
0:0:0:0:0:0:0:1 - - [27/Oct/2025:00:05:10 +0900] "GET /admin/inquiries?page=0&size=1&sort=createdAt,desc&status=OPEN HTTP/1.1" 200 508
0:0:0:0:0:0:0:1 - - [27/Oct/2025:00:05:10 +0900] "GET /admin/inquiries?page=0&size=1&sort=createdAt,desc&status=CLOSED HTTP/1.1" 200 493
0:0:0:0:0:0:0:1 - - [27/Oct/2025:00:05:10 +0900] "GET /admin/inquiries?page=0&size=1&sort=createdAt,desc&status=ANSWERED HTTP/1.1" 200 511
0:0:0:0:0:0:0:1 - - [27/Oct/2025:00:05:10 +0900] "GET /admin/inquiries?page=0&size=1&sort=createdAt,desc HTTP/1.1" 200 508
0:0:0:0:0:0:0:1 - - [27/Oct/2025:00:05:15 +0900] "GET /actuator/health?_t=1761491115578 HTTP/1.1" 200 60
0:0:0:0:0:0:0:1 - - [27/Oct/2025:00:05:30 +0900] "GET /actuator/health?_t=1761491130578 HTTP/1.1" 200 60
0:0:0:0:0:0:0:1 - - [27/Oct/2025:00:05:45 +0900] "GET /actuator/health?_t=1761491145578 HTTP/1.1" 200 60
0:0:0:0:0:0:0:1 - - [27/Oct/2025:00:06:00 +0900] "GET /actuator/health?_t=1761491160578 HTTP/1.1" 200 60
0:0:0:0:0:0:0:1 - - [27/Oct/2025:00:06:15 +0900] "GET /actuator/health?_t=1761491175579 HTTP/1.1" 200 60
0:0:0:0:0:0:0:1 - - [27/Oct/2025:00:06:30 +0900] "GET /actuator/health?_t=1761491190579 HTTP/1.1" 200 60
0:0:0:0:0:0:0:1 - - [27/Oct/2025:00:06:45 +0900] "GET /actuator/health?_t=1761491205579 HTTP/1.1" 200 60
0:0:0:0:0:0:0:1 - - [27/Oct/2025:00:07:00 +0900] "GET /actuator/health?_t=1761491220579 HTTP/1.1" 200 60
0:0:0:0:0:0:0:1 - - [27/Oct/2025:00:07:15 +0900] "GET /actuator/health?_t=1761491235579 HTTP/1.1" 200 60
0:0:0:0:0:0:0:1 - - [27/Oct/2025:00:07:30 +0900] "GET /actuator/health?_t=1761491250579 HTTP/1.1" 200 60
0:0:0:0:0:0:0:1 - - [27/Oct/2025:00:07:45 +0900] "GET /actuator/health?_t=1761491265579 HTTP/1.1" 200 60
0:0:0:0:0:0:0:1 - - [27/Oct/2025:00:08:00 +0900] "GET /actuator/health?_t=1761491280580 HTTP/1.1" 200 60
0:0:0:0:0:0:0:1 - - [27/Oct/2025:00:08:15 +0900] "GET /actuator/health?_t=1761491295580 HTTP/1.1" 200 60
0:0:0:0:0:0:0:1 - - [27/Oct/2025:00:08:30 +0900] "GET /actuator/health?_t=1761491310580 HTTP/1.1" 200 60
0:0:0:0:0:0:0:1 - - [27/Oct/2025:00:08:45 +0900] "GET /actuator/health?_t=1761491325580 HTTP/1.1" 200 60
0:0:0:0:0:0:0:1 - - [27/Oct/2025:00:09:00 +0900] "GET /actuator/health?_t=1761491340580 HTTP/1.1" 200 60
0:0:0:0:0:0:0:1 - - [27/Oct/2025:00:09:15 +0900] "GET /actuator/health?_t=1761491355580 HTTP/1.1" 200 60
0:0:0:0:0:0:0:1 - - [27/Oct/2025:00:09:30 +0900] "GET /actuator/health?_t=1761491370580 HTTP/1.1" 200 60
0:0:0:0:0:0:0:1 - - [27/Oct/2025:00:09:38 +0900] "OPTIONS /admin/users/admin/profile-image HTTP/1.1" 200 -
0:0:0:0:0:0:0:1 - - [27/Oct/2025:00:09:38 +0900] "GET /actuator/health?_t=1761491378132 HTTP/1.1" 200 60
0:0:0:0:0:0:0:1 - - [27/Oct/2025:00:09:42 +0900] "OPTIONS /users/me/verify-password HTTP/1.1" 200 -
0:0:0:0:0:0:0:1 - - [27/Oct/2025:00:09:42 +0900] "POST /users/me/verify-password HTTP/1.1" 200 21
0:0:0:0:0:0:0:1 - - [27/Oct/2025:00:09:42 +0900] "OPTIONS /users/me HTTP/1.1" 200 -
0:0:0:0:0:0:0:1 - - [27/Oct/2025:00:09:42 +0900] "GET /users/me HTTP/1.1" 200 319
0:0:0:0:0:0:0:1 - - [27/Oct/2025:00:09:42 +0900] "OPTIONS /users/me/profile-image HTTP/1.1" 200 -
0:0:0:0:0:0:0:1 - - [27/Oct/2025:00:09:42 +0900] "GET /users/me/profile-image HTTP/1.1" 200 8392
0:0:0:0:0:0:0:1 - - [27/Oct/2025:00:09:53 +0900] "GET /actuator/health?_t=1761491393134 HTTP/1.1" 200 60
0:0:0:0:0:0:0:1 - - [27/Oct/2025:00:10:08 +0900] "GET /actuator/health?_t=1761491408136 HTTP/1.1" 200 60
0:0:0:0:0:0:0:1 - - [27/Oct/2025:00:10:23 +0900] "GET /actuator/health?_t=1761491423135 HTTP/1.1" 200 60
0:0:0:0:0:0:0:1 - - [27/Oct/2025:00:10:38 +0900] "GET /actuator/health?_t=1761491438136 HTTP/1.1" 200 60
0:0:0:0:0:0:0:1 - - [27/Oct/2025:00:10:53 +0900] "GET /actuator/health?_t=1761491453134 HTTP/1.1" 200 60
0:0:0:0:0:0:0:1 - - [27/Oct/2025:00:11:08 +0900] "GET /actuator/health?_t=1761491468137 HTTP/1.1" 200 60
0:0:0:0:0:0:0:1 - - [27/Oct/2025:00:11:23 +0900] "GET /actuator/health?_t=1761491483136 HTTP/1.1" 200 60
0:0:0:0:0:0:0:1 - - [27/Oct/2025:00:11:38 +0900] "GET /actuator/health?_t=1761491498137 HTTP/1.1" 200 60
0:0:0:0:0:0:0:1 - - [27/Oct/2025:00:11:53 +0900] "GET /actuator/health?_t=1761491513137 HTTP/1.1" 200 60
0:0:0:0:0:0:0:1 - - [27/Oct/2025:00:12:08 +0900] "GET /actuator/health?_t=1761491528137 HTTP/1.1" 200 60
0:0:0:0:0:0:0:1 - - [27/Oct/2025:00:12:23 +0900] "GET /actuator/health?_t=1761491543133 HTTP/1.1" 200 60
0:0:0:0:0:0:0:1 - - [27/Oct/2025:00:12:38 +0900] "GET /actuator/health?_t=1761491558138 HTTP/1.1" 200 60
0:0:0:0:0:0:0:1 - - [27/Oct/2025:00:12:53 +0900] "GET /actuator/health?_t=1761491573132 HTTP/1.1" 200 60
0:0:0:0:0:0:0:1 - - [27/Oct/2025:00:13:08 +0900] "GET /actuator/health?_t=1761491588132 HTTP/1.1" 200 60
0:0:0:0:0:0:0:1 - - [27/Oct/2025:00:13:23 +0900] "GET /actuator/health?_t=1761491603132 HTTP/1.1" 200 60
0:0:0:0:0:0:0:1 - - [27/Oct/2025:00:13:38 +0900] "GET /actuator/health?_t=1761491618133 HTTP/1.1" 200 60
0:0:0:0:0:0:0:1 - - [27/Oct/2025:00:13:53 +0900] "GET /actuator/health?_t=1761491633133 HTTP/1.1" 200 60
0:0:0:0:0:0:0:1 - - [27/Oct/2025:00:14:08 +0900] "GET /actuator/health?_t=1761491648133 HTTP/1.1" 200 60
0:0:0:0:0:0:0:1 - - [27/Oct/2025:00:14:23 +0900] "GET /actuator/health?_t=1761491663133 HTTP/1.1" 200 60
0:0:0:0:0:0:0:1 - - [27/Oct/2025:00:14:38 +0900] "GET /actuator/health?_t=1761491678133 HTTP/1.1" 200 60
0:0:0:0:0:0:0:1 - - [27/Oct/2025:00:14:52 +0900] "OPTIONS /users/me/verify-password HTTP/1.1" 200 -
0:0:0:0:0:0:0:1 - - [27/Oct/2025:00:14:52 +0900] "POST /users/me/verify-password HTTP/1.1" 200 21
0:0:0:0:0:0:0:1 - - [27/Oct/2025:00:14:52 +0900] "OPTIONS /users/me HTTP/1.1" 200 -
0:0:0:0:0:0:0:1 - - [27/Oct/2025:00:14:52 +0900] "GET /users/me HTTP/1.1" 200 319
0:0:0:0:0:0:0:1 - - [27/Oct/2025:00:14:52 +0900] "OPTIONS /users/me/profile-image HTTP/1.1" 200 -
0:0:0:0:0:0:0:1 - - [27/Oct/2025:00:14:52 +0900] "GET /users/me/profile-image HTTP/1.1" 200 8392
0:0:0:0:0:0:0:1 - - [27/Oct/2025:00:14:53 +0900] "GET /actuator/health?_t=1761491693133 HTTP/1.1" 200 60
0:0:0:0:0:0:0:1 - - [27/Oct/2025:00:15:08 +0900] "GET /actuator/health?_t=1761491708133 HTTP/1.1" 200 60
0:0:0:0:0:0:0:1 - - [27/Oct/2025:00:15:23 +0900] "GET /actuator/health?_t=1761491723134 HTTP/1.1" 200 60
0:0:0:0:0:0:0:1 - - [27/Oct/2025:00:15:38 +0900] "GET /actuator/health?_t=1761491738134 HTTP/1.1" 200 60
0:0:0:0:0:0:0:1 - - [27/Oct/2025:00:15:53 +0900] "GET /actuator/health?_t=1761491753134 HTTP/1.1" 200 60
0:0:0:0:0:0:0:1 - - [27/Oct/2025:00:16:08 +0900] "GET /actuator/health?_t=1761491768134 HTTP/1.1" 200 60
0:0:0:0:0:0:0:1 - - [27/Oct/2025:00:16:23 +0900] "GET /actuator/health?_t=1761491783134 HTTP/1.1" 200 60
0:0:0:0:0:0:0:1 - - [27/Oct/2025:00:16:38 +0900] "GET /actuator/health?_t=1761491798134 HTTP/1.1" 200 60
0:0:0:0:0:0:0:1 - - [27/Oct/2025:00:16:53 +0900] "GET /actuator/health?_t=1761491813134 HTTP/1.1" 200 60
0:0:0:0:0:0:0:1 - - [27/Oct/2025:00:17:08 +0900] "GET /actuator/health?_t=1761491828134 HTTP/1.1" 200 60
0:0:0:0:0:0:0:1 - - [27/Oct/2025:00:17:23 +0900] "GET /actuator/health?_t=1761491843133 HTTP/1.1" 200 60
0:0:0:0:0:0:0:1 - - [27/Oct/2025:00:17:38 +0900] "GET /actuator/health?_t=1761491858135 HTTP/1.1" 200 60
0:0:0:0:0:0:0:1 - - [27/Oct/2025:00:17:53 +0900] "GET /actuator/health?_t=1761491873135 HTTP/1.1" 200 60
0:0:0:0:0:0:0:1 - - [27/Oct/2025:00:18:08 +0900] "GET /actuator/health?_t=1761491888134 HTTP/1.1" 200 60
0:0:0:0:0:0:0:1 - - [27/Oct/2025:00:18:23 +0900] "GET /actuator/health?_t=1761491903135 HTTP/1.1" 200 60
0:0:0:0:0:0:0:1 - - [27/Oct/2025:00:18:38 +0900] "GET /actuator/health?_t=1761491918135 HTTP/1.1" 200 60
0:0:0:0:0:0:0:1 - - [27/Oct/2025:00:18:53 +0900] "GET /actuator/health?_t=1761491933135 HTTP/1.1" 200 60
0:0:0:0:0:0:0:1 - - [27/Oct/2025:00:19:05 +0900] "OPTIONS /users/me/verify-password HTTP/1.1" 200 -
0:0:0:0:0:0:0:1 - - [27/Oct/2025:00:19:05 +0900] "POST /users/me/verify-password HTTP/1.1" 200 21
0:0:0:0:0:0:0:1 - - [27/Oct/2025:00:19:05 +0900] "OPTIONS /users/me HTTP/1.1" 200 -
0:0:0:0:0:0:0:1 - - [27/Oct/2025:00:19:05 +0900] "GET /users/me HTTP/1.1" 200 319
0:0:0:0:0:0:0:1 - - [27/Oct/2025:00:19:05 +0900] "OPTIONS /users/me/profile-image HTTP/1.1" 200 -
0:0:0:0:0:0:0:1 - - [27/Oct/2025:00:19:05 +0900] "GET /users/me/profile-image HTTP/1.1" 200 8392
0:0:0:0:0:0:0:1 - - [27/Oct/2025:00:19:08 +0900] "GET /actuator/health?_t=1761491948134 HTTP/1.1" 200 60
0:0:0:0:0:0:0:1 - - [27/Oct/2025:00:19:23 +0900] "GET /actuator/health?_t=1761491963136 HTTP/1.1" 200 60
0:0:0:0:0:0:0:1 - - [27/Oct/2025:00:19:38 +0900] "GET /actuator/health?_t=1761491978136 HTTP/1.1" 200 60
0:0:0:0:0:0:0:1 - - [27/Oct/2025:00:19:53 +0900] "GET /actuator/health?_t=1761491993136 HTTP/1.1" 200 60
0:0:0:0:0:0:0:1 - - [27/Oct/2025:00:20:06 +0900] "OPTIONS /admin/users/admin/profile-image HTTP/1.1" 200 -
0:0:0:0:0:0:0:1 - - [27/Oct/2025:00:20:06 +0900] "GET /actuator/health?_t=1761492006505 HTTP/1.1" 200 60
0:0:0:0:0:0:0:1 - - [27/Oct/2025:00:20:10 +0900] "OPTIONS /users/me/verify-password HTTP/1.1" 200 -
0:0:0:0:0:0:0:1 - - [27/Oct/2025:00:20:10 +0900] "POST /users/me/verify-password HTTP/1.1" 200 21
0:0:0:0:0:0:0:1 - - [27/Oct/2025:00:20:10 +0900] "OPTIONS /users/me HTTP/1.1" 200 -
0:0:0:0:0:0:0:1 - - [27/Oct/2025:00:20:10 +0900] "GET /users/me HTTP/1.1" 200 319
0:0:0:0:0:0:0:1 - - [27/Oct/2025:00:20:10 +0900] "OPTIONS /users/me/profile-image HTTP/1.1" 200 -
0:0:0:0:0:0:0:1 - - [27/Oct/2025:00:20:10 +0900] "GET /users/me/profile-image HTTP/1.1" 200 8392
0:0:0:0:0:0:0:1 - - [27/Oct/2025:00:20:21 +0900] "OPTIONS /admin/inquiries?page=0&size=1&sort=createdAt,desc HTTP/1.1" 200 -
0:0:0:0:0:0:0:1 - - [27/Oct/2025:00:20:21 +0900] "OPTIONS /admin/inquiries?page=0&size=1&sort=createdAt,desc&status=OPEN HTTP/1.1" 200 -
0:0:0:0:0:0:0:1 - - [27/Oct/2025:00:20:21 +0900] "OPTIONS /admin/inquiries?page=0&size=1&sort=createdAt,desc&status=ANSWERED HTTP/1.1" 200 -
0:0:0:0:0:0:0:1 - - [27/Oct/2025:00:20:21 +0900] "OPTIONS /admin/inquiries?page=0&size=1&sort=createdAt,desc&status=CLOSED HTTP/1.1" 200 -
0:0:0:0:0:0:0:1 - - [27/Oct/2025:00:20:21 +0900] "OPTIONS /admin/inquiries?page=0&size=10&sort=createdAt,desc HTTP/1.1" 200 -
0:0:0:0:0:0:0:1 - - [27/Oct/2025:00:20:21 +0900] "GET /admin/inquiries?page=0&size=10&sort=createdAt,desc HTTP/1.1" 200 1542
0:0:0:0:0:0:0:1 - - [27/Oct/2025:00:20:21 +0900] "GET /admin/inquiries?page=0&size=1&sort=createdAt,desc&status=OPEN HTTP/1.1" 200 508
0:0:0:0:0:0:0:1 - - [27/Oct/2025:00:20:21 +0900] "GET /admin/inquiries?page=0&size=1&sort=createdAt,desc&status=CLOSED HTTP/1.1" 200 493
0:0:0:0:0:0:0:1 - - [27/Oct/2025:00:20:21 +0900] "GET /admin/inquiries?page=0&size=1&sort=createdAt,desc&status=ANSWERED HTTP/1.1" 200 511
0:0:0:0:0:0:0:1 - - [27/Oct/2025:00:20:21 +0900] "GET /admin/inquiries?page=0&size=1&sort=createdAt,desc HTTP/1.1" 200 508
0:0:0:0:0:0:0:1 - - [27/Oct/2025:00:20:21 +0900] "GET /actuator/health?_t=1761492021508 HTTP/1.1" 200 60
0:0:0:0:0:0:0:1 - - [27/Oct/2025:00:20:24 +0900] "OPTIONS /admin/notices?page=0&size=1&sort=updatedAt,desc HTTP/1.1" 200 -
0:0:0:0:0:0:0:1 - - [27/Oct/2025:00:20:24 +0900] "OPTIONS /admin/notices?page=0&size=1&type=MAINTENANCE&sort=updatedAt,desc HTTP/1.1" 200 -
0:0:0:0:0:0:0:1 - - [27/Oct/2025:00:20:24 +0900] "OPTIONS /admin/notices?page=0&size=1&type=INFO&sort=updatedAt,desc HTTP/1.1" 200 -
0:0:0:0:0:0:0:1 - - [27/Oct/2025:00:20:24 +0900] "OPTIONS /admin/notices?page=0&size=1&type=UPDATE&sort=updatedAt,desc HTTP/1.1" 200 -
0:0:0:0:0:0:0:1 - - [27/Oct/2025:00:20:24 +0900] "OPTIONS /admin/notices?page=0&size=10&sort=updatedAt,desc HTTP/1.1" 200 -
0:0:0:0:0:0:0:1 - - [27/Oct/2025:00:20:24 +0900] "GET /admin/notices?page=0&size=1&type=MAINTENANCE&sort=updatedAt,desc HTTP/1.1" 200 327
0:0:0:0:0:0:0:1 - - [27/Oct/2025:00:20:24 +0900] "GET /admin/notices?page=0&size=10&sort=updatedAt,desc HTTP/1.1" 200 963
0:0:0:0:0:0:0:1 - - [27/Oct/2025:00:20:24 +0900] "GET /admin/notices?page=0&size=1&type=INFO&sort=updatedAt,desc HTTP/1.1" 200 545
0:0:0:0:0:0:0:1 - - [27/Oct/2025:00:20:24 +0900] "GET /admin/notices?page=0&size=1&type=UPDATE&sort=updatedAt,desc HTTP/1.1" 200 527
0:0:0:0:0:0:0:1 - - [27/Oct/2025:00:20:24 +0900] "GET /admin/notices?page=0&size=1&sort=updatedAt,desc HTTP/1.1" 200 545
0:0:0:0:0:0:0:1 - - [27/Oct/2025:00:20:36 +0900] "GET /actuator/health?_t=1761492036508 HTTP/1.1" 200 60
0:0:0:0:0:0:0:1 - - [27/Oct/2025:00:20:39 +0900] "OPTIONS /admin/inquiries?page=0&size=1&sort=createdAt,desc HTTP/1.1" 200 -
0:0:0:0:0:0:0:1 - - [27/Oct/2025:00:20:39 +0900] "OPTIONS /admin/inquiries?page=0&size=1&sort=createdAt,desc&status=OPEN HTTP/1.1" 200 -
0:0:0:0:0:0:0:1 - - [27/Oct/2025:00:20:39 +0900] "OPTIONS /admin/inquiries?page=0&size=1&sort=createdAt,desc&status=ANSWERED HTTP/1.1" 200 -
0:0:0:0:0:0:0:1 - - [27/Oct/2025:00:20:39 +0900] "OPTIONS /admin/inquiries?page=0&size=1&sort=createdAt,desc&status=CLOSED HTTP/1.1" 200 -
0:0:0:0:0:0:0:1 - - [27/Oct/2025:00:20:39 +0900] "OPTIONS /admin/inquiries?page=0&size=10&sort=createdAt,desc HTTP/1.1" 200 -
0:0:0:0:0:0:0:1 - - [27/Oct/2025:00:20:39 +0900] "GET /admin/inquiries?page=0&size=10&sort=createdAt,desc HTTP/1.1" 200 1542
0:0:0:0:0:0:0:1 - - [27/Oct/2025:00:20:39 +0900] "GET /admin/inquiries?page=0&size=1&sort=createdAt,desc&status=OPEN HTTP/1.1" 200 508
0:0:0:0:0:0:0:1 - - [27/Oct/2025:00:20:39 +0900] "GET /admin/inquiries?page=0&size=1&sort=createdAt,desc&status=CLOSED HTTP/1.1" 200 493
0:0:0:0:0:0:0:1 - - [27/Oct/2025:00:20:39 +0900] "GET /admin/inquiries?page=0&size=1&sort=createdAt,desc HTTP/1.1" 200 508
0:0:0:0:0:0:0:1 - - [27/Oct/2025:00:20:39 +0900] "GET /admin/inquiries?page=0&size=1&sort=createdAt,desc&status=ANSWERED HTTP/1.1" 200 511
0:0:0:0:0:0:0:1 - - [27/Oct/2025:00:20:42 +0900] "OPTIONS /users/me/verify-password HTTP/1.1" 200 -
0:0:0:0:0:0:0:1 - - [27/Oct/2025:00:20:42 +0900] "POST /users/me/verify-password HTTP/1.1" 200 21
0:0:0:0:0:0:0:1 - - [27/Oct/2025:00:20:42 +0900] "OPTIONS /users/me HTTP/1.1" 200 -
0:0:0:0:0:0:0:1 - - [27/Oct/2025:00:20:42 +0900] "GET /users/me HTTP/1.1" 200 319
0:0:0:0:0:0:0:1 - - [27/Oct/2025:00:20:42 +0900] "OPTIONS /users/me/profile-image HTTP/1.1" 200 -
0:0:0:0:0:0:0:1 - - [27/Oct/2025:00:20:42 +0900] "GET /users/me/profile-image HTTP/1.1" 200 8392
0:0:0:0:0:0:0:1 - - [27/Oct/2025:00:20:51 +0900] "GET /actuator/health?_t=1761492051509 HTTP/1.1" 200 60
0:0:0:0:0:0:0:1 - - [27/Oct/2025:00:20:58 +0900] "OPTIONS /admin/inquiries?page=0&size=1&sort=createdAt,desc HTTP/1.1" 200 -
0:0:0:0:0:0:0:1 - - [27/Oct/2025:00:20:58 +0900] "OPTIONS /admin/inquiries?page=0&size=1&sort=createdAt,desc&status=ANSWERED HTTP/1.1" 200 -
0:0:0:0:0:0:0:1 - - [27/Oct/2025:00:20:58 +0900] "OPTIONS /admin/inquiries?page=0&size=1&sort=createdAt,desc&status=OPEN HTTP/1.1" 200 -
0:0:0:0:0:0:0:1 - - [27/Oct/2025:00:20:58 +0900] "OPTIONS /admin/inquiries?page=0&size=1&sort=createdAt,desc&status=CLOSED HTTP/1.1" 200 -
0:0:0:0:0:0:0:1 - - [27/Oct/2025:00:20:58 +0900] "OPTIONS /admin/inquiries?page=0&size=10&sort=createdAt,desc HTTP/1.1" 200 -
0:0:0:0:0:0:0:1 - - [27/Oct/2025:00:20:59 +0900] "GET /admin/inquiries?page=0&size=10&sort=createdAt,desc HTTP/1.1" 200 1542
0:0:0:0:0:0:0:1 - - [27/Oct/2025:00:20:59 +0900] "GET /admin/inquiries?page=0&size=1&sort=createdAt,desc&status=ANSWERED HTTP/1.1" 200 511
0:0:0:0:0:0:0:1 - - [27/Oct/2025:00:20:59 +0900] "GET /admin/inquiries?page=0&size=1&sort=createdAt,desc&status=OPEN HTTP/1.1" 200 508
0:0:0:0:0:0:0:1 - - [27/Oct/2025:00:20:59 +0900] "GET /admin/inquiries?page=0&size=1&sort=createdAt,desc&status=CLOSED HTTP/1.1" 200 493
0:0:0:0:0:0:0:1 - - [27/Oct/2025:00:20:59 +0900] "GET /admin/inquiries?page=0&size=1&sort=createdAt,desc HTTP/1.1" 200 508
0:0:0:0:0:0:0:1 - - [27/Oct/2025:00:21:06 +0900] "GET /actuator/health?_t=1761492066509 HTTP/1.1" 200 60
0:0:0:0:0:0:0:1 - - [27/Oct/2025:00:21:21 +0900] "GET /actuator/health?_t=1761492081509 HTTP/1.1" 200 60
0:0:0:0:0:0:0:1 - - [27/Oct/2025:00:21:36 +0900] "GET /actuator/health?_t=1761492096509 HTTP/1.1" 200 60
0:0:0:0:0:0:0:1 - - [27/Oct/2025:00:21:43 +0900] "OPTIONS /users/me/verify-password HTTP/1.1" 200 -
0:0:0:0:0:0:0:1 - - [27/Oct/2025:00:21:43 +0900] "POST /users/me/verify-password HTTP/1.1" 200 21
0:0:0:0:0:0:0:1 - - [27/Oct/2025:00:21:43 +0900] "OPTIONS /users/me HTTP/1.1" 200 -
0:0:0:0:0:0:0:1 - - [27/Oct/2025:00:21:43 +0900] "GET /users/me HTTP/1.1" 200 319
0:0:0:0:0:0:0:1 - - [27/Oct/2025:00:21:43 +0900] "OPTIONS /users/me/profile-image HTTP/1.1" 200 -
0:0:0:0:0:0:0:1 - - [27/Oct/2025:00:21:43 +0900] "GET /users/me/profile-image HTTP/1.1" 200 8392
0:0:0:0:0:0:0:1 - - [27/Oct/2025:00:21:51 +0900] "GET /actuator/health?_t=1761492111509 HTTP/1.1" 200 60
0:0:0:0:0:0:0:1 - - [27/Oct/2025:00:22:06 +0900] "GET /actuator/health?_t=1761492126508 HTTP/1.1" 200 60
0:0:0:0:0:0:0:1 - - [27/Oct/2025:00:22:21 +0900] "GET /actuator/health?_t=1761492141509 HTTP/1.1" 200 60
0:0:0:0:0:0:0:1 - - [27/Oct/2025:00:22:36 +0900] "GET /actuator/health?_t=1761492156510 HTTP/1.1" 200 60
0:0:0:0:0:0:0:1 - - [27/Oct/2025:00:22:51 +0900] "GET /actuator/health?_t=1761492171510 HTTP/1.1" 200 60
0:0:0:0:0:0:0:1 - - [27/Oct/2025:00:23:06 +0900] "GET /actuator/health?_t=1761492186508 HTTP/1.1" 200 60
0:0:0:0:0:0:0:1 - - [27/Oct/2025:00:23:21 +0900] "GET /actuator/health?_t=1761492201510 HTTP/1.1" 200 60
0:0:0:0:0:0:0:1 - - [27/Oct/2025:00:23:36 +0900] "GET /actuator/health?_t=1761492216510 HTTP/1.1" 200 60
0:0:0:0:0:0:0:1 - - [27/Oct/2025:00:23:51 +0900] "GET /actuator/health?_t=1761492231510 HTTP/1.1" 200 60
0:0:0:0:0:0:0:1 - - [27/Oct/2025:00:24:06 +0900] "GET /actuator/health?_t=1761492246508 HTTP/1.1" 200 60
0:0:0:0:0:0:0:1 - - [27/Oct/2025:00:24:21 +0900] "GET /actuator/health?_t=1761492261510 HTTP/1.1" 200 60
0:0:0:0:0:0:0:1 - - [27/Oct/2025:00:24:36 +0900] "GET /actuator/health?_t=1761492276505 HTTP/1.1" 200 60
0:0:0:0:0:0:0:1 - - [27/Oct/2025:00:24:51 +0900] "GET /actuator/health?_t=1761492291505 HTTP/1.1" 200 60
0:0:0:0:0:0:0:1 - - [27/Oct/2025:00:25:06 +0900] "GET /actuator/health?_t=1761492306505 HTTP/1.1" 200 60
0:0:0:0:0:0:0:1 - - [27/Oct/2025:00:25:21 +0900] "GET /actuator/health?_t=1761492321505 HTTP/1.1" 200 60
0:0:0:0:0:0:0:1 - - [27/Oct/2025:00:25:36 +0900] "GET /actuator/health?_t=1761492336505 HTTP/1.1" 200 60
0:0:0:0:0:0:0:1 - - [27/Oct/2025:00:25:51 +0900] "GET /actuator/health?_t=1761492351506 HTTP/1.1" 200 60
0:0:0:0:0:0:0:1 - - [27/Oct/2025:00:26:06 +0900] "GET /actuator/health?_t=1761492366506 HTTP/1.1" 200 60
0:0:0:0:0:0:0:1 - - [27/Oct/2025:00:26:21 +0900] "GET /actuator/health?_t=1761492381506 HTTP/1.1" 200 60
0:0:0:0:0:0:0:1 - - [27/Oct/2025:00:26:36 +0900] "GET /actuator/health?_t=1761492396506 HTTP/1.1" 200 60
0:0:0:0:0:0:0:1 - - [27/Oct/2025:00:26:51 +0900] "GET /actuator/health?_t=1761492411506 HTTP/1.1" 200 60
0:0:0:0:0:0:0:1 - - [27/Oct/2025:00:27:06 +0900] "GET /actuator/health?_t=1761492426506 HTTP/1.1" 200 60
0:0:0:0:0:0:0:1 - - [27/Oct/2025:00:27:21 +0900] "GET /actuator/health?_t=1761492441506 HTTP/1.1" 200 60
0:0:0:0:0:0:0:1 - - [27/Oct/2025:00:27:36 +0900] "GET /actuator/health?_t=1761492456507 HTTP/1.1" 200 60
0:0:0:0:0:0:0:1 - - [27/Oct/2025:00:27:51 +0900] "GET /actuator/health?_t=1761492471506 HTTP/1.1" 200 60
0:0:0:0:0:0:0:1 - - [27/Oct/2025:00:28:06 +0900] "GET /actuator/health?_t=1761492486507 HTTP/1.1" 200 60
0:0:0:0:0:0:0:1 - - [27/Oct/2025:00:28:21 +0900] "GET /actuator/health?_t=1761492501507 HTTP/1.1" 200 60
0:0:0:0:0:0:0:1 - - [27/Oct/2025:00:28:36 +0900] "GET /actuator/health?_t=1761492516507 HTTP/1.1" 200 60
0:0:0:0:0:0:0:1 - - [27/Oct/2025:00:28:50 +0900] "OPTIONS /users/me/verify-password HTTP/1.1" 200 -
0:0:0:0:0:0:0:1 - - [27/Oct/2025:00:28:50 +0900] "POST /users/me/verify-password HTTP/1.1" 200 21
0:0:0:0:0:0:0:1 - - [27/Oct/2025:00:28:50 +0900] "OPTIONS /users/me HTTP/1.1" 200 -
0:0:0:0:0:0:0:1 - - [27/Oct/2025:00:28:50 +0900] "GET /users/me HTTP/1.1" 200 319
0:0:0:0:0:0:0:1 - - [27/Oct/2025:00:28:50 +0900] "OPTIONS /users/me/profile-image HTTP/1.1" 200 -
0:0:0:0:0:0:0:1 - - [27/Oct/2025:00:28:50 +0900] "GET /users/me/profile-image HTTP/1.1" 200 8392
0:0:0:0:0:0:0:1 - - [27/Oct/2025:00:28:51 +0900] "GET /actuator/health?_t=1761492531506 HTTP/1.1" 200 60
0:0:0:0:0:0:0:1 - - [27/Oct/2025:00:29:06 +0900] "GET /actuator/health?_t=1761492546507 HTTP/1.1" 200 60
0:0:0:0:0:0:0:1 - - [27/Oct/2025:00:29:21 +0900] "GET /actuator/health?_t=1761492561507 HTTP/1.1" 200 60
0:0:0:0:0:0:0:1 - - [27/Oct/2025:00:29:36 +0900] "GET /actuator/health?_t=1761492576508 HTTP/1.1" 200 60
0:0:0:0:0:0:0:1 - - [27/Oct/2025:00:29:51 +0900] "GET /actuator/health?_t=1761492591508 HTTP/1.1" 200 60
0:0:0:0:0:0:0:1 - - [27/Oct/2025:00:30:06 +0900] "GET /actuator/health?_t=1761492606508 HTTP/1.1" 200 60
0:0:0:0:0:0:0:1 - - [27/Oct/2025:00:30:21 +0900] "GET /actuator/health?_t=1761492621508 HTTP/1.1" 200 60
0:0:0:0:0:0:0:1 - - [27/Oct/2025:00:30:36 +0900] "GET /actuator/health?_t=1761492636508 HTTP/1.1" 200 60
0:0:0:0:0:0:0:1 - - [27/Oct/2025:00:30:51 +0900] "GET /actuator/health?_t=1761492651508 HTTP/1.1" 200 60
0:0:0:0:0:0:0:1 - - [27/Oct/2025:00:31:06 +0900] "GET /actuator/health?_t=1761492666506 HTTP/1.1" 200 60
0:0:0:0:0:0:0:1 - - [27/Oct/2025:00:31:21 +0900] "GET /actuator/health?_t=1761492681505 HTTP/1.1" 200 60
0:0:0:0:0:0:0:1 - - [27/Oct/2025:00:31:36 +0900] "GET /actuator/health?_t=1761492696508 HTTP/1.1" 200 60
0:0:0:0:0:0:0:1 - - [27/Oct/2025:00:31:51 +0900] "GET /actuator/health?_t=1761492711509 HTTP/1.1" 200 60
0:0:0:0:0:0:0:1 - - [27/Oct/2025:00:32:06 +0900] "GET /actuator/health?_t=1761492726509 HTTP/1.1" 200 60
0:0:0:0:0:0:0:1 - - [27/Oct/2025:00:32:21 +0900] "GET /actuator/health?_t=1761492741509 HTTP/1.1" 200 60
0:0:0:0:0:0:0:1 - - [27/Oct/2025:00:32:36 +0900] "GET /actuator/health?_t=1761492756509 HTTP/1.1" 200 60
0:0:0:0:0:0:0:1 - - [27/Oct/2025:00:32:51 +0900] "GET /actuator/health?_t=1761492771509 HTTP/1.1" 200 60
0:0:0:0:0:0:0:1 - - [27/Oct/2025:00:33:06 +0900] "GET /actuator/health?_t=1761492786509 HTTP/1.1" 200 60
0:0:0:0:0:0:0:1 - - [27/Oct/2025:00:33:21 +0900] "GET /actuator/health?_t=1761492801510 HTTP/1.1" 200 60
0:0:0:0:0:0:0:1 - - [27/Oct/2025:00:33:36 +0900] "GET /actuator/health?_t=1761492816510 HTTP/1.1" 200 60
0:0:0:0:0:0:0:1 - - [27/Oct/2025:00:33:51 +0900] "GET /actuator/health?_t=1761492831510 HTTP/1.1" 200 60
0:0:0:0:0:0:0:1 - - [27/Oct/2025:00:34:06 +0900] "GET /actuator/health?_t=1761492846510 HTTP/1.1" 200 60
0:0:0:0:0:0:0:1 - - [27/Oct/2025:00:34:21 +0900] "GET /actuator/health?_t=1761492861507 HTTP/1.1" 200 60
0:0:0:0:0:0:0:1 - - [27/Oct/2025:00:34:36 +0900] "GET /actuator/health?_t=1761492876510 HTTP/1.1" 200 60
0:0:0:0:0:0:0:1 - - [27/Oct/2025:00:34:51 +0900] "GET /actuator/health?_t=1761492891510 HTTP/1.1" 200 60
0:0:0:0:0:0:0:1 - - [27/Oct/2025:00:35:06 +0900] "GET /actuator/health?_t=1761492906505 HTTP/1.1" 200 60
0:0:0:0:0:0:0:1 - - [27/Oct/2025:00:35:21 +0900] "GET /actuator/health?_t=1761492921505 HTTP/1.1" 200 60
0:0:0:0:0:0:0:1 - - [27/Oct/2025:00:35:36 +0900] "GET /actuator/health?_t=1761492936505 HTTP/1.1" 200 60
0:0:0:0:0:0:0:1 - - [27/Oct/2025:00:35:51 +0900] "GET /actuator/health?_t=1761492951505 HTTP/1.1" 200 60
0:0:0:0:0:0:0:1 - - [27/Oct/2025:00:36:06 +0900] "GET /actuator/health?_t=1761492966505 HTTP/1.1" 200 60
0:0:0:0:0:0:0:1 - - [27/Oct/2025:00:36:17 +0900] "OPTIONS /users/me/verify-password HTTP/1.1" 200 -
0:0:0:0:0:0:0:1 - - [27/Oct/2025:00:36:17 +0900] "POST /users/me/verify-password HTTP/1.1" 400 47
0:0:0:0:0:0:0:1 - - [27/Oct/2025:00:36:19 +0900] "POST /users/me/verify-password HTTP/1.1" 200 21
0:0:0:0:0:0:0:1 - - [27/Oct/2025:00:36:19 +0900] "OPTIONS /users/me HTTP/1.1" 200 -
0:0:0:0:0:0:0:1 - - [27/Oct/2025:00:36:19 +0900] "GET /users/me HTTP/1.1" 200 319
0:0:0:0:0:0:0:1 - - [27/Oct/2025:00:36:19 +0900] "OPTIONS /users/me/profile-image HTTP/1.1" 200 -
0:0:0:0:0:0:0:1 - - [27/Oct/2025:00:36:19 +0900] "GET /users/me/profile-image HTTP/1.1" 200 8392
0:0:0:0:0:0:0:1 - - [27/Oct/2025:00:36:21 +0900] "GET /actuator/health?_t=1761492981506 HTTP/1.1" 200 60
0:0:0:0:0:0:0:1 - - [27/Oct/2025:00:36:36 +0900] "GET /actuator/health?_t=1761492996506 HTTP/1.1" 200 60
0:0:0:0:0:0:0:1 - - [27/Oct/2025:00:36:37 +0900] "OPTIONS /admin/inquiries?page=0&size=1&sort=createdAt,desc HTTP/1.1" 200 -
0:0:0:0:0:0:0:1 - - [27/Oct/2025:00:36:37 +0900] "OPTIONS /admin/inquiries?page=0&size=1&sort=createdAt,desc&status=ANSWERED HTTP/1.1" 200 -
0:0:0:0:0:0:0:1 - - [27/Oct/2025:00:36:37 +0900] "OPTIONS /admin/inquiries?page=0&size=1&sort=createdAt,desc&status=OPEN HTTP/1.1" 200 -
0:0:0:0:0:0:0:1 - - [27/Oct/2025:00:36:37 +0900] "OPTIONS /admin/inquiries?page=0&size=1&sort=createdAt,desc&status=CLOSED HTTP/1.1" 200 -
0:0:0:0:0:0:0:1 - - [27/Oct/2025:00:36:37 +0900] "OPTIONS /admin/inquiries?page=0&size=10&sort=createdAt,desc HTTP/1.1" 200 -
0:0:0:0:0:0:0:1 - - [27/Oct/2025:00:36:37 +0900] "GET /admin/inquiries?page=0&size=10&sort=createdAt,desc HTTP/1.1" 200 1542
0:0:0:0:0:0:0:1 - - [27/Oct/2025:00:36:37 +0900] "GET /admin/inquiries?page=0&size=1&sort=createdAt,desc&status=ANSWERED HTTP/1.1" 200 511
0:0:0:0:0:0:0:1 - - [27/Oct/2025:00:36:37 +0900] "GET /admin/inquiries?page=0&size=1&sort=createdAt,desc&status=OPEN HTTP/1.1" 200 508
0:0:0:0:0:0:0:1 - - [27/Oct/2025:00:36:37 +0900] "GET /admin/inquiries?page=0&size=1&sort=createdAt,desc&status=CLOSED HTTP/1.1" 200 493
0:0:0:0:0:0:0:1 - - [27/Oct/2025:00:36:37 +0900] "GET /admin/inquiries?page=0&size=1&sort=createdAt,desc HTTP/1.1" 200 508
0:0:0:0:0:0:0:1 - - [27/Oct/2025:00:36:38 +0900] "OPTIONS /admin/notices?page=0&size=1&sort=updatedAt,desc HTTP/1.1" 200 -
0:0:0:0:0:0:0:1 - - [27/Oct/2025:00:36:38 +0900] "OPTIONS /admin/notices?page=0&size=1&type=INFO&sort=updatedAt,desc HTTP/1.1" 200 -
0:0:0:0:0:0:0:1 - - [27/Oct/2025:00:36:38 +0900] "OPTIONS /admin/notices?page=0&size=1&type=UPDATE&sort=updatedAt,desc HTTP/1.1" 200 -
0:0:0:0:0:0:0:1 - - [27/Oct/2025:00:36:38 +0900] "OPTIONS /admin/notices?page=0&size=1&type=MAINTENANCE&sort=updatedAt,desc HTTP/1.1" 200 -
0:0:0:0:0:0:0:1 - - [27/Oct/2025:00:36:38 +0900] "OPTIONS /admin/notices?page=0&size=10&sort=updatedAt,desc HTTP/1.1" 200 -
0:0:0:0:0:0:0:1 - - [27/Oct/2025:00:36:38 +0900] "GET /admin/notices?page=0&size=1&type=MAINTENANCE&sort=updatedAt,desc HTTP/1.1" 200 327
0:0:0:0:0:0:0:1 - - [27/Oct/2025:00:36:38 +0900] "GET /admin/notices?page=0&size=10&sort=updatedAt,desc HTTP/1.1" 200 963
0:0:0:0:0:0:0:1 - - [27/Oct/2025:00:36:38 +0900] "GET /admin/notices?page=0&size=1&sort=updatedAt,desc HTTP/1.1" 200 545
0:0:0:0:0:0:0:1 - - [27/Oct/2025:00:36:38 +0900] "GET /admin/notices?page=0&size=1&type=UPDATE&sort=updatedAt,desc HTTP/1.1" 200 527
0:0:0:0:0:0:0:1 - - [27/Oct/2025:00:36:38 +0900] "GET /admin/notices?page=0&size=1&type=INFO&sort=updatedAt,desc HTTP/1.1" 200 545
0:0:0:0:0:0:0:1 - - [27/Oct/2025:00:36:38 +0900] "OPTIONS /admin/drivers/pending?search=&size=10&page=0&sort=createdAt,desc HTTP/1.1" 200 -
0:0:0:0:0:0:0:1 - - [27/Oct/2025:00:36:38 +0900] "GET /admin/drivers/pending?search=&size=10&page=0&sort=createdAt,desc HTTP/1.1" 200 329
0:0:0:0:0:0:0:1 - - [27/Oct/2025:00:36:38 +0900] "OPTIONS /admin/drivers/counts HTTP/1.1" 200 -
0:0:0:0:0:0:0:1 - - [27/Oct/2025:00:36:38 +0900] "GET /admin/drivers/counts HTTP/1.1" 200 50
0:0:0:0:0:0:0:1 - - [27/Oct/2025:00:36:39 +0900] "OPTIONS /admin/users?page=0&size=200&sort=createdAt%2Cdesc HTTP/1.1" 200 -
0:0:0:0:0:0:0:1 - - [27/Oct/2025:00:36:39 +0900] "GET /admin/users?page=0&size=200&sort=createdAt%2Cdesc HTTP/1.1" 200 2310
0:0:0:0:0:0:0:1 - - [27/Oct/2025:00:36:39 +0900] "OPTIONS /admin/users?page=1&size=200&sort=createdAt%2Cdesc HTTP/1.1" 200 -
0:0:0:0:0:0:0:1 - - [27/Oct/2025:00:36:39 +0900] "GET /admin/users?page=1&size=200&sort=createdAt%2Cdesc HTTP/1.1" 200 334
0:0:0:0:0:0:0:1 - - [27/Oct/2025:00:36:39 +0900] "OPTIONS /admin/users?role=ROLE_USER&page=0&size=20&sort=createdAt%2Cdesc HTTP/1.1" 200 -
0:0:0:0:0:0:0:1 - - [27/Oct/2025:00:36:39 +0900] "GET /admin/users?role=ROLE_USER&page=0&size=20&sort=createdAt%2Cdesc HTTP/1.1" 200 943
0:0:0:0:0:0:0:1 - - [27/Oct/2025:00:36:39 +0900] "OPTIONS /admin/users/user01/profile-image HTTP/1.1" 200 -
0:0:0:0:0:0:0:1 - - [27/Oct/2025:00:36:39 +0900] "OPTIONS /admin/users/whrjsgml/profile-image HTTP/1.1" 200 -
0:0:0:0:0:0:0:1 - - [27/Oct/2025:00:36:39 +0900] "OPTIONS /admin/users/abc123/profile-image HTTP/1.1" 200 -
0:0:0:0:0:0:0:1 - - [27/Oct/2025:00:36:51 +0900] "GET /actuator/health?_t=1761493011506 HTTP/1.1" 200 60
0:0:0:0:0:0:0:1 - - [27/Oct/2025:00:37:06 +0900] "GET /actuator/health?_t=1761493026506 HTTP/1.1" 200 60
0:0:0:0:0:0:0:1 - - [27/Oct/2025:00:37:21 +0900] "GET /actuator/health?_t=1761493041506 HTTP/1.1" 200 60
0:0:0:0:0:0:0:1 - - [27/Oct/2025:00:37:36 +0900] "GET /actuator/health?_t=1761493056505 HTTP/1.1" 200 60
0:0:0:0:0:0:0:1 - - [27/Oct/2025:00:37:51 +0900] "GET /actuator/health?_t=1761493071506 HTTP/1.1" 200 60
0:0:0:0:0:0:0:1 - - [27/Oct/2025:00:38:06 +0900] "GET /actuator/health?_t=1761493086507 HTTP/1.1" 200 60
0:0:0:0:0:0:0:1 - - [27/Oct/2025:00:38:21 +0900] "GET /actuator/health?_t=1761493101507 HTTP/1.1" 200 60
0:0:0:0:0:0:0:1 - - [27/Oct/2025:00:38:36 +0900] "GET /actuator/health?_t=1761493116507 HTTP/1.1" 200 60
0:0:0:0:0:0:0:1 - - [27/Oct/2025:00:38:51 +0900] "GET /actuator/health?_t=1761493131507 HTTP/1.1" 200 60
0:0:0:0:0:0:0:1 - - [27/Oct/2025:00:39:06 +0900] "GET /actuator/health?_t=1761493146505 HTTP/1.1" 200 60
0:0:0:0:0:0:0:1 - - [27/Oct/2025:00:39:21 +0900] "GET /actuator/health?_t=1761493161507 HTTP/1.1" 200 60
0:0:0:0:0:0:0:1 - - [27/Oct/2025:00:39:36 +0900] "GET /actuator/health?_t=1761493176507 HTTP/1.1" 200 60
0:0:0:0:0:0:0:1 - - [27/Oct/2025:00:39:51 +0900] "GET /actuator/health?_t=1761493191508 HTTP/1.1" 200 60
0:0:0:0:0:0:0:1 - - [27/Oct/2025:00:40:06 +0900] "GET /actuator/health?_t=1761493206508 HTTP/1.1" 200 60
0:0:0:0:0:0:0:1 - - [27/Oct/2025:00:40:21 +0900] "GET /actuator/health?_t=1761493221508 HTTP/1.1" 200 60
0:0:0:0:0:0:0:1 - - [27/Oct/2025:00:40:36 +0900] "GET /actuator/health?_t=1761493236508 HTTP/1.1" 200 60
0:0:0:0:0:0:0:1 - - [27/Oct/2025:00:40:51 +0900] "GET /actuator/health?_t=1761493251508 HTTP/1.1" 200 60
0:0:0:0:0:0:0:1 - - [27/Oct/2025:00:41:06 +0900] "GET /actuator/health?_t=1761493266508 HTTP/1.1" 200 60
0:0:0:0:0:0:0:1 - - [27/Oct/2025:00:41:21 +0900] "GET /actuator/health?_t=1761493281508 HTTP/1.1" 200 60
0:0:0:0:0:0:0:1 - - [27/Oct/2025:00:41:36 +0900] "GET /actuator/health?_t=1761493296508 HTTP/1.1" 200 60
0:0:0:0:0:0:0:1 - - [27/Oct/2025:00:41:51 +0900] "GET /actuator/health?_t=1761493311509 HTTP/1.1" 200 60
0:0:0:0:0:0:0:1 - - [27/Oct/2025:00:42:06 +0900] "GET /actuator/health?_t=1761493326506 HTTP/1.1" 200 60
0:0:0:0:0:0:0:1 - - [27/Oct/2025:00:42:21 +0900] "GET /actuator/health?_t=1761493341509 HTTP/1.1" 200 60
0:0:0:0:0:0:0:1 - - [27/Oct/2025:00:42:36 +0900] "GET /actuator/health?_t=1761493356508 HTTP/1.1" 200 60
0:0:0:0:0:0:0:1 - - [27/Oct/2025:00:42:51 +0900] "GET /actuator/health?_t=1761493371509 HTTP/1.1" 200 60
0:0:0:0:0:0:0:1 - - [27/Oct/2025:00:43:06 +0900] "GET /actuator/health?_t=1761493386509 HTTP/1.1" 200 60
0:0:0:0:0:0:0:1 - - [27/Oct/2025:00:43:21 +0900] "GET /actuator/health?_t=1761493401505 HTTP/1.1" 200 60
0:0:0:0:0:0:0:1 - - [27/Oct/2025:00:43:36 +0900] "GET /actuator/health?_t=1761493416509 HTTP/1.1" 200 60
0:0:0:0:0:0:0:1 - - [27/Oct/2025:00:43:51 +0900] "GET /actuator/health?_t=1761493431510 HTTP/1.1" 200 60
0:0:0:0:0:0:0:1 - - [27/Oct/2025:00:44:06 +0900] "GET /actuator/health?_t=1761493446510 HTTP/1.1" 200 60
0:0:0:0:0:0:0:1 - - [27/Oct/2025:00:44:13 +0900] "OPTIONS /users/me HTTP/1.1" 200 -
0:0:0:0:0:0:0:1 - - [27/Oct/2025:00:44:13 +0900] "GET /users/me HTTP/1.1" 200 319
0:0:0:0:0:0:0:1 - - [27/Oct/2025:00:44:13 +0900] "OPTIONS /admin/users?page=0&size=200&sort=createdAt%2Cdesc HTTP/1.1" 200 -
0:0:0:0:0:0:0:1 - - [27/Oct/2025:00:44:13 +0900] "GET /admin/users?page=0&size=200&sort=createdAt%2Cdesc HTTP/1.1" 200 2309
0:0:0:0:0:0:0:1 - - [27/Oct/2025:00:44:13 +0900] "OPTIONS /admin/users?page=1&size=200&sort=createdAt%2Cdesc HTTP/1.1" 200 -
0:0:0:0:0:0:0:1 - - [27/Oct/2025:00:44:13 +0900] "GET /admin/users?page=1&size=200&sort=createdAt%2Cdesc HTTP/1.1" 200 334
0:0:0:0:0:0:0:1 - - [27/Oct/2025:00:44:13 +0900] "OPTIONS /admin/users?role=ROLE_USER&page=0&size=20&sort=createdAt%2Cdesc HTTP/1.1" 200 -
0:0:0:0:0:0:0:1 - - [27/Oct/2025:00:44:13 +0900] "GET /admin/users?role=ROLE_USER&page=0&size=20&sort=createdAt%2Cdesc HTTP/1.1" 200 942
0:0:0:0:0:0:0:1 - - [27/Oct/2025:00:44:13 +0900] "OPTIONS /admin/users/user01/profile-image HTTP/1.1" 200 -
0:0:0:0:0:0:0:1 - - [27/Oct/2025:00:44:13 +0900] "OPTIONS /admin/users/whrjsgml/profile-image HTTP/1.1" 200 -
0:0:0:0:0:0:0:1 - - [27/Oct/2025:00:44:13 +0900] "OPTIONS /admin/users/abc123/profile-image HTTP/1.1" 200 -
0:0:0:0:0:0:0:1 - - [27/Oct/2025:00:44:14 +0900] "OPTIONS /admin/users?role=ROLE_ADMIN&page=0&size=20&sort=createdAt%2Cdesc HTTP/1.1" 200 -
0:0:0:0:0:0:0:1 - - [27/Oct/2025:00:44:14 +0900] "GET /admin/users?role=ROLE_ADMIN&page=0&size=20&sort=createdAt%2Cdesc HTTP/1.1" 200 911
0:0:0:0:0:0:0:1 - - [27/Oct/2025:00:44:14 +0900] "OPTIONS /admin/users/admin2024/profile-image HTTP/1.1" 200 -
0:0:0:0:0:0:0:1 - - [27/Oct/2025:00:44:14 +0900] "OPTIONS /admin/users/admin2025/profile-image HTTP/1.1" 200 -
0:0:0:0:0:0:0:1 - - [27/Oct/2025:00:44:14 +0900] "GET /admin/users/admin2025/profile-image HTTP/1.1" 404 -
0:0:0:0:0:0:0:1 - - [27/Oct/2025:00:44:15 +0900] "OPTIONS /admin/users?role=ROLE_DRIVER&page=0&size=20&sort=createdAt%2Cdesc HTTP/1.1" 200 -
0:0:0:0:0:0:0:1 - - [27/Oct/2025:00:44:15 +0900] "GET /admin/users?role=ROLE_DRIVER&page=0&size=20&sort=createdAt%2Cdesc HTTP/1.1" 200 1110
0:0:0:0:0:0:0:1 - - [27/Oct/2025:00:44:15 +0900] "OPTIONS /admin/users/driver01/profile-image HTTP/1.1" 200 -
0:0:0:0:0:0:0:1 - - [27/Oct/2025:00:44:15 +0900] "OPTIONS /admin/users/driver04/profile-image HTTP/1.1" 200 -
0:0:0:0:0:0:0:1 - - [27/Oct/2025:00:44:15 +0900] "OPTIONS /admin/users/driver03/profile-image HTTP/1.1" 200 -
0:0:0:0:0:0:0:1 - - [27/Oct/2025:00:44:15 +0900] "OPTIONS /admin/users/driver02/profile-image HTTP/1.1" 200 -
0:0:0:0:0:0:0:1 - - [27/Oct/2025:00:44:16 +0900] "GET /admin/users?role=ROLE_USER&page=0&size=20&sort=createdAt%2Cdesc HTTP/1.1" 200 942
0:0:0:0:0:0:0:1 - - [27/Oct/2025:00:44:20 +0900] "GET /admin/users?role=ROLE_DRIVER&page=0&size=20&sort=createdAt%2Cdesc HTTP/1.1" 200 1110
0:0:0:0:0:0:0:1 - - [27/Oct/2025:00:44:21 +0900] "OPTIONS /admin/users?role=ROLE_ADMIN&page=0&size=20&sort=createdAt%2Cdesc HTTP/1.1" 200 -
0:0:0:0:0:0:0:1 - - [27/Oct/2025:00:44:21 +0900] "GET /admin/users?role=ROLE_ADMIN&page=0&size=20&sort=createdAt%2Cdesc HTTP/1.1" 200 911
0:0:0:0:0:0:0:1 - - [27/Oct/2025:00:44:21 +0900] "OPTIONS /admin/users/admin2024/profile-image HTTP/1.1" 200 -
0:0:0:0:0:0:0:1 - - [27/Oct/2025:00:44:21 +0900] "OPTIONS /admin/users/admin2025/profile-image HTTP/1.1" 200 -
0:0:0:0:0:0:0:1 - - [27/Oct/2025:00:44:21 +0900] "GET /admin/users/admin2025/profile-image HTTP/1.1" 404 -
0:0:0:0:0:0:0:1 - - [27/Oct/2025:00:44:21 +0900] "GET /actuator/health?_t=1761493461507 HTTP/1.1" 200 60
0:0:0:0:0:0:0:1 - - [27/Oct/2025:00:44:22 +0900] "OPTIONS /admin/users?role=ROLE_DRIVER&page=0&size=20&sort=createdAt%2Cdesc HTTP/1.1" 200 -
0:0:0:0:0:0:0:1 - - [27/Oct/2025:00:44:22 +0900] "GET /admin/users?role=ROLE_DRIVER&page=0&size=20&sort=createdAt%2Cdesc HTTP/1.1" 200 1110
0:0:0:0:0:0:0:1 - - [27/Oct/2025:00:44:22 +0900] "OPTIONS /admin/users/driver01/profile-image HTTP/1.1" 200 -
0:0:0:0:0:0:0:1 - - [27/Oct/2025:00:44:22 +0900] "OPTIONS /admin/users/driver04/profile-image HTTP/1.1" 200 -
0:0:0:0:0:0:0:1 - - [27/Oct/2025:00:44:22 +0900] "OPTIONS /admin/users/driver03/profile-image HTTP/1.1" 200 -
0:0:0:0:0:0:0:1 - - [27/Oct/2025:00:44:22 +0900] "OPTIONS /admin/users/driver02/profile-image HTTP/1.1" 200 -
0:0:0:0:0:0:0:1 - - [27/Oct/2025:00:44:25 +0900] "OPTIONS /admin/users?role=ROLE_USER&page=0&size=20&sort=createdAt%2Cdesc HTTP/1.1" 200 -
0:0:0:0:0:0:0:1 - - [27/Oct/2025:00:44:25 +0900] "GET /admin/users?role=ROLE_USER&page=0&size=20&sort=createdAt%2Cdesc HTTP/1.1" 200 942
0:0:0:0:0:0:0:1 - - [27/Oct/2025:00:44:25 +0900] "OPTIONS /admin/users/user01/profile-image HTTP/1.1" 200 -
0:0:0:0:0:0:0:1 - - [27/Oct/2025:00:44:25 +0900] "OPTIONS /admin/users/whrjsgml/profile-image HTTP/1.1" 200 -
0:0:0:0:0:0:0:1 - - [27/Oct/2025:00:44:25 +0900] "OPTIONS /admin/users/abc123/profile-image HTTP/1.1" 200 -
0:0:0:0:0:0:0:1 - - [27/Oct/2025:00:44:27 +0900] "GET /admin/users?role=ROLE_DRIVER&page=0&size=20&sort=createdAt%2Cdesc HTTP/1.1" 200 1110
0:0:0:0:0:0:0:1 - - [27/Oct/2025:00:44:27 +0900] "OPTIONS /admin/users?role=ROLE_ADMIN&page=0&size=20&sort=createdAt%2Cdesc HTTP/1.1" 200 -
0:0:0:0:0:0:0:1 - - [27/Oct/2025:00:44:28 +0900] "GET /admin/users?role=ROLE_ADMIN&page=0&size=20&sort=createdAt%2Cdesc HTTP/1.1" 200 911
0:0:0:0:0:0:0:1 - - [27/Oct/2025:00:44:28 +0900] "OPTIONS /admin/users/admin2024/profile-image HTTP/1.1" 200 -
0:0:0:0:0:0:0:1 - - [27/Oct/2025:00:44:28 +0900] "OPTIONS /admin/users/admin2025/profile-image HTTP/1.1" 200 -
0:0:0:0:0:0:0:1 - - [27/Oct/2025:00:44:28 +0900] "GET /admin/users/admin2025/profile-image HTTP/1.1" 404 -
0:0:0:0:0:0:0:1 - - [27/Oct/2025:00:44:34 +0900] "OPTIONS /users/me HTTP/1.1" 200 -
0:0:0:0:0:0:0:1 - - [27/Oct/2025:00:44:34 +0900] "GET /users/me HTTP/1.1" 200 319
0:0:0:0:0:0:0:1 - - [27/Oct/2025:00:44:34 +0900] "OPTIONS /admin/users?page=0&size=200&sort=createdAt%2Cdesc HTTP/1.1" 200 -
0:0:0:0:0:0:0:1 - - [27/Oct/2025:00:44:34 +0900] "GET /admin/users?page=0&size=200&sort=createdAt%2Cdesc HTTP/1.1" 200 2309
0:0:0:0:0:0:0:1 - - [27/Oct/2025:00:44:34 +0900] "OPTIONS /admin/users?page=1&size=200&sort=createdAt%2Cdesc HTTP/1.1" 200 -
0:0:0:0:0:0:0:1 - - [27/Oct/2025:00:44:34 +0900] "GET /admin/users?page=1&size=200&sort=createdAt%2Cdesc HTTP/1.1" 200 334
0:0:0:0:0:0:0:1 - - [27/Oct/2025:00:44:34 +0900] "OPTIONS /admin/users?role=ROLE_USER&page=0&size=20&sort=createdAt%2Cdesc HTTP/1.1" 200 -
0:0:0:0:0:0:0:1 - - [27/Oct/2025:00:44:34 +0900] "GET /admin/users?role=ROLE_USER&page=0&size=20&sort=createdAt%2Cdesc HTTP/1.1" 200 942
0:0:0:0:0:0:0:1 - - [27/Oct/2025:00:44:34 +0900] "OPTIONS /admin/users/user01/profile-image HTTP/1.1" 200 -
0:0:0:0:0:0:0:1 - - [27/Oct/2025:00:44:34 +0900] "OPTIONS /admin/users/whrjsgml/profile-image HTTP/1.1" 200 -
0:0:0:0:0:0:0:1 - - [27/Oct/2025:00:44:34 +0900] "OPTIONS /admin/users/abc123/profile-image HTTP/1.1" 200 -
0:0:0:0:0:0:0:1 - - [27/Oct/2025:00:44:34 +0900] "OPTIONS /admin/drivers/pending?search=&size=10&page=0&sort=createdAt,desc HTTP/1.1" 200 -
0:0:0:0:0:0:0:1 - - [27/Oct/2025:00:44:34 +0900] "GET /admin/drivers/pending?search=&size=10&page=0&sort=createdAt,desc HTTP/1.1" 200 329
0:0:0:0:0:0:0:1 - - [27/Oct/2025:00:44:34 +0900] "OPTIONS /admin/drivers/counts HTTP/1.1" 200 -
0:0:0:0:0:0:0:1 - - [27/Oct/2025:00:44:35 +0900] "GET /admin/drivers/counts HTTP/1.1" 200 50
0:0:0:0:0:0:0:1 - - [27/Oct/2025:00:44:35 +0900] "OPTIONS /admin/notices?page=0&size=1&sort=updatedAt,desc HTTP/1.1" 200 -
0:0:0:0:0:0:0:1 - - [27/Oct/2025:00:44:35 +0900] "OPTIONS /admin/notices?page=0&size=1&type=INFO&sort=updatedAt,desc HTTP/1.1" 200 -
0:0:0:0:0:0:0:1 - - [27/Oct/2025:00:44:35 +0900] "OPTIONS /admin/notices?page=0&size=1&type=UPDATE&sort=updatedAt,desc HTTP/1.1" 200 -
0:0:0:0:0:0:0:1 - - [27/Oct/2025:00:44:35 +0900] "OPTIONS /admin/notices?page=0&size=1&type=MAINTENANCE&sort=updatedAt,desc HTTP/1.1" 200 -
0:0:0:0:0:0:0:1 - - [27/Oct/2025:00:44:35 +0900] "OPTIONS /admin/notices?page=0&size=10&sort=updatedAt,desc HTTP/1.1" 200 -
0:0:0:0:0:0:0:1 - - [27/Oct/2025:00:44:35 +0900] "GET /admin/notices?page=0&size=1&type=MAINTENANCE&sort=updatedAt,desc HTTP/1.1" 200 327
0:0:0:0:0:0:0:1 - - [27/Oct/2025:00:44:35 +0900] "GET /admin/notices?page=0&size=10&sort=updatedAt,desc HTTP/1.1" 200 963
0:0:0:0:0:0:0:1 - - [27/Oct/2025:00:44:35 +0900] "GET /admin/notices?page=0&size=1&type=UPDATE&sort=updatedAt,desc HTTP/1.1" 200 527
0:0:0:0:0:0:0:1 - - [27/Oct/2025:00:44:35 +0900] "GET /admin/notices?page=0&size=1&type=INFO&sort=updatedAt,desc HTTP/1.1" 200 545
0:0:0:0:0:0:0:1 - - [27/Oct/2025:00:44:35 +0900] "GET /admin/notices?page=0&size=1&sort=updatedAt,desc HTTP/1.1" 200 545
0:0:0:0:0:0:0:1 - - [27/Oct/2025:00:44:35 +0900] "OPTIONS /admin/inquiries?page=0&size=1&sort=createdAt,desc HTTP/1.1" 200 -
0:0:0:0:0:0:0:1 - - [27/Oct/2025:00:44:35 +0900] "OPTIONS /admin/inquiries?page=0&size=1&sort=createdAt,desc&status=OPEN HTTP/1.1" 200 -
0:0:0:0:0:0:0:1 - - [27/Oct/2025:00:44:35 +0900] "OPTIONS /admin/inquiries?page=0&size=1&sort=createdAt,desc&status=ANSWERED HTTP/1.1" 200 -
0:0:0:0:0:0:0:1 - - [27/Oct/2025:00:44:35 +0900] "OPTIONS /admin/inquiries?page=0&size=1&sort=createdAt,desc&status=CLOSED HTTP/1.1" 200 -
0:0:0:0:0:0:0:1 - - [27/Oct/2025:00:44:35 +0900] "OPTIONS /admin/inquiries?page=0&size=10&sort=createdAt,desc HTTP/1.1" 200 -
0:0:0:0:0:0:0:1 - - [27/Oct/2025:00:44:35 +0900] "GET /admin/inquiries?page=0&size=10&sort=createdAt,desc HTTP/1.1" 200 1542
0:0:0:0:0:0:0:1 - - [27/Oct/2025:00:44:35 +0900] "GET /admin/inquiries?page=0&size=1&sort=createdAt,desc&status=ANSWERED HTTP/1.1" 200 511
0:0:0:0:0:0:0:1 - - [27/Oct/2025:00:44:35 +0900] "GET /admin/inquiries?page=0&size=1&sort=createdAt,desc HTTP/1.1" 200 508
0:0:0:0:0:0:0:1 - - [27/Oct/2025:00:44:35 +0900] "GET /admin/inquiries?page=0&size=1&sort=createdAt,desc&status=CLOSED HTTP/1.1" 200 493
0:0:0:0:0:0:0:1 - - [27/Oct/2025:00:44:35 +0900] "GET /admin/inquiries?page=0&size=1&sort=createdAt,desc&status=OPEN HTTP/1.1" 200 508
0:0:0:0:0:0:0:1 - - [27/Oct/2025:00:44:36 +0900] "GET /actuator/health?_t=1761493476510 HTTP/1.1" 200 60
0:0:0:0:0:0:0:1 - - [27/Oct/2025:00:44:37 +0900] "GET /admin/inquiries?page=0&size=10&sort=createdAt,desc HTTP/1.1" 200 1542
0:0:0:0:0:0:0:1 - - [27/Oct/2025:00:44:37 +0900] "GET /admin/inquiries?page=0&size=1&sort=createdAt,desc&status=ANSWERED HTTP/1.1" 200 511
0:0:0:0:0:0:0:1 - - [27/Oct/2025:00:44:37 +0900] "GET /admin/inquiries?page=0&size=1&sort=createdAt,desc HTTP/1.1" 200 508
0:0:0:0:0:0:0:1 - - [27/Oct/2025:00:44:37 +0900] "GET /admin/inquiries?page=0&size=1&sort=createdAt,desc&status=CLOSED HTTP/1.1" 200 493
0:0:0:0:0:0:0:1 - - [27/Oct/2025:00:44:37 +0900] "GET /admin/inquiries?page=0&size=1&sort=createdAt,desc&status=OPEN HTTP/1.1" 200 508
0:0:0:0:0:0:0:1 - - [27/Oct/2025:00:44:37 +0900] "GET /admin/notices?page=0&size=10&sort=updatedAt,desc HTTP/1.1" 200 963
0:0:0:0:0:0:0:1 - - [27/Oct/2025:00:44:37 +0900] "GET /admin/notices?page=0&size=1&type=MAINTENANCE&sort=updatedAt,desc HTTP/1.1" 200 327
0:0:0:0:0:0:0:1 - - [27/Oct/2025:00:44:37 +0900] "GET /admin/notices?page=0&size=1&type=UPDATE&sort=updatedAt,desc HTTP/1.1" 200 527
0:0:0:0:0:0:0:1 - - [27/Oct/2025:00:44:37 +0900] "GET /admin/notices?page=0&size=1&sort=updatedAt,desc HTTP/1.1" 200 545
0:0:0:0:0:0:0:1 - - [27/Oct/2025:00:44:37 +0900] "GET /admin/notices?page=0&size=1&type=INFO&sort=updatedAt,desc HTTP/1.1" 200 545
0:0:0:0:0:0:0:1 - - [27/Oct/2025:00:44:37 +0900] "GET /admin/drivers/pending?search=&size=10&page=0&sort=createdAt,desc HTTP/1.1" 200 329
0:0:0:0:0:0:0:1 - - [27/Oct/2025:00:44:37 +0900] "GET /admin/drivers/counts HTTP/1.1" 200 50
0:0:0:0:0:0:0:1 - - [27/Oct/2025:00:44:38 +0900] "GET /users/me HTTP/1.1" 200 319
0:0:0:0:0:0:0:1 - - [27/Oct/2025:00:44:38 +0900] "GET /admin/users?page=0&size=200&sort=createdAt%2Cdesc HTTP/1.1" 200 2309
0:0:0:0:0:0:0:1 - - [27/Oct/2025:00:44:38 +0900] "GET /admin/users?page=1&size=200&sort=createdAt%2Cdesc HTTP/1.1" 200 334
0:0:0:0:0:0:0:1 - - [27/Oct/2025:00:44:38 +0900] "GET /admin/users?role=ROLE_USER&page=0&size=20&sort=createdAt%2Cdesc HTTP/1.1" 200 942
0:0:0:0:0:0:0:1 - - [27/Oct/2025:00:44:51 +0900] "GET /actuator/health?_t=1761493491510 HTTP/1.1" 200 60
0:0:0:0:0:0:0:1 - - [27/Oct/2025:00:45:06 +0900] "GET /actuator/health?_t=1761493506510 HTTP/1.1" 200 60
0:0:0:0:0:0:0:1 - - [27/Oct/2025:00:45:21 +0900] "GET /actuator/health?_t=1761493521510 HTTP/1.1" 200 60
0:0:0:0:0:0:0:1 - - [27/Oct/2025:00:45:36 +0900] "GET /actuator/health?_t=1761493536505 HTTP/1.1" 200 60
0:0:0:0:0:0:0:1 - - [27/Oct/2025:00:45:51 +0900] "GET /actuator/health?_t=1761493551505 HTTP/1.1" 200 60
0:0:0:0:0:0:0:1 - - [27/Oct/2025:00:46:06 +0900] "GET /actuator/health?_t=1761493566505 HTTP/1.1" 200 60
0:0:0:0:0:0:0:1 - - [27/Oct/2025:00:46:21 +0900] "GET /actuator/health?_t=1761493581505 HTTP/1.1" 200 60
0:0:0:0:0:0:0:1 - - [27/Oct/2025:00:46:36 +0900] "GET /actuator/health?_t=1761493596506 HTTP/1.1" 200 60
0:0:0:0:0:0:0:1 - - [27/Oct/2025:00:46:51 +0900] "GET /actuator/health?_t=1761493611506 HTTP/1.1" 200 60
0:0:0:0:0:0:0:1 - - [27/Oct/2025:00:47:06 +0900] "GET /actuator/health?_t=1761493626506 HTTP/1.1" 200 60
0:0:0:0:0:0:0:1 - - [27/Oct/2025:00:47:21 +0900] "GET /actuator/health?_t=1761493641506 HTTP/1.1" 200 60
0:0:0:0:0:0:0:1 - - [27/Oct/2025:00:47:36 +0900] "GET /actuator/health?_t=1761493656506 HTTP/1.1" 200 60
0:0:0:0:0:0:0:1 - - [27/Oct/2025:00:47:51 +0900] "GET /actuator/health?_t=1761493671506 HTTP/1.1" 200 60
0:0:0:0:0:0:0:1 - - [27/Oct/2025:00:48:06 +0900] "GET /actuator/health?_t=1761493686506 HTTP/1.1" 200 60
0:0:0:0:0:0:0:1 - - [27/Oct/2025:00:48:21 +0900] "GET /actuator/health?_t=1761493701506 HTTP/1.1" 200 60
0:0:0:0:0:0:0:1 - - [27/Oct/2025:00:48:36 +0900] "GET /actuator/health?_t=1761493716506 HTTP/1.1" 200 60
0:0:0:0:0:0:0:1 - - [27/Oct/2025:00:48:51 +0900] "GET /actuator/health?_t=1761493731507 HTTP/1.1" 200 60
0:0:0:0:0:0:0:1 - - [27/Oct/2025:00:49:06 +0900] "GET /actuator/health?_t=1761493746507 HTTP/1.1" 200 60
0:0:0:0:0:0:0:1 - - [27/Oct/2025:00:49:21 +0900] "GET /actuator/health?_t=1761493761505 HTTP/1.1" 200 60
0:0:0:0:0:0:0:1 - - [27/Oct/2025:00:49:36 +0900] "GET /actuator/health?_t=1761493776507 HTTP/1.1" 200 60
0:0:0:0:0:0:0:1 - - [27/Oct/2025:00:49:51 +0900] "GET /actuator/health?_t=1761493791507 HTTP/1.1" 200 60
0:0:0:0:0:0:0:1 - - [27/Oct/2025:00:50:06 +0900] "GET /actuator/health?_t=1761493806507 HTTP/1.1" 200 60
0:0:0:0:0:0:0:1 - - [27/Oct/2025:00:50:21 +0900] "GET /actuator/health?_t=1761493821507 HTTP/1.1" 200 60
0:0:0:0:0:0:0:1 - - [27/Oct/2025:00:50:36 +0900] "GET /actuator/health?_t=1761493836508 HTTP/1.1" 200 60
0:0:0:0:0:0:0:1 - - [27/Oct/2025:00:50:51 +0900] "GET /actuator/health?_t=1761493851507 HTTP/1.1" 200 60
0:0:0:0:0:0:0:1 - - [27/Oct/2025:00:51:06 +0900] "GET /actuator/health?_t=1761493866508 HTTP/1.1" 200 60
0:0:0:0:0:0:0:1 - - [27/Oct/2025:00:51:21 +0900] "GET /actuator/health?_t=1761493881508 HTTP/1.1" 200 60
0:0:0:0:0:0:0:1 - - [27/Oct/2025:00:51:36 +0900] "GET /actuator/health?_t=1761493896508 HTTP/1.1" 200 60
0:0:0:0:0:0:0:1 - - [27/Oct/2025:00:51:51 +0900] "GET /actuator/health?_t=1761493911508 HTTP/1.1" 200 60
0:0:0:0:0:0:0:1 - - [27/Oct/2025:00:52:06 +0900] "GET /actuator/health?_t=1761493926508 HTTP/1.1" 200 60
0:0:0:0:0:0:0:1 - - [27/Oct/2025:00:52:21 +0900] "GET /actuator/health?_t=1761493941508 HTTP/1.1" 200 60
0:0:0:0:0:0:0:1 - - [27/Oct/2025:00:52:36 +0900] "GET /actuator/health?_t=1761493956507 HTTP/1.1" 200 60
0:0:0:0:0:0:0:1 - - [27/Oct/2025:00:52:51 +0900] "GET /actuator/health?_t=1761493971509 HTTP/1.1" 200 60
0:0:0:0:0:0:0:1 - - [27/Oct/2025:00:53:06 +0900] "GET /actuator/health?_t=1761493986508 HTTP/1.1" 200 60
0:0:0:0:0:0:0:1 - - [27/Oct/2025:00:53:21 +0900] "GET /actuator/health?_t=1761494001509 HTTP/1.1" 200 60
0:0:0:0:0:0:0:1 - - [27/Oct/2025:00:53:36 +0900] "GET /actuator/health?_t=1761494016509 HTTP/1.1" 200 60
0:0:0:0:0:0:0:1 - - [27/Oct/2025:00:53:51 +0900] "GET /actuator/health?_t=1761494031509 HTTP/1.1" 200 60
0:0:0:0:0:0:0:1 - - [27/Oct/2025:00:54:06 +0900] "GET /actuator/health?_t=1761494046509 HTTP/1.1" 200 60
0:0:0:0:0:0:0:1 - - [27/Oct/2025:00:54:21 +0900] "GET /actuator/health?_t=1761494061509 HTTP/1.1" 200 60
0:0:0:0:0:0:0:1 - - [27/Oct/2025:00:54:36 +0900] "GET /actuator/health?_t=1761494076511 HTTP/1.1" 200 60
0:0:0:0:0:0:0:1 - - [27/Oct/2025:00:54:51 +0900] "GET /actuator/health?_t=1761494091510 HTTP/1.1" 200 60
0:0:0:0:0:0:0:1 - - [27/Oct/2025:00:55:06 +0900] "GET /actuator/health?_t=1761494106510 HTTP/1.1" 200 60
0:0:0:0:0:0:0:1 - - [27/Oct/2025:00:55:21 +0900] "GET /actuator/health?_t=1761494121507 HTTP/1.1" 200 60
0:0:0:0:0:0:0:1 - - [27/Oct/2025:00:55:36 +0900] "GET /actuator/health?_t=1761494136510 HTTP/1.1" 200 60
0:0:0:0:0:0:0:1 - - [27/Oct/2025:00:55:51 +0900] "GET /actuator/health?_t=1761494151510 HTTP/1.1" 200 60
0:0:0:0:0:0:0:1 - - [27/Oct/2025:00:56:06 +0900] "GET /actuator/health?_t=1761494166510 HTTP/1.1" 200 60
0:0:0:0:0:0:0:1 - - [27/Oct/2025:00:56:21 +0900] "GET /actuator/health?_t=1761494181505 HTTP/1.1" 200 60
0:0:0:0:0:0:0:1 - - [27/Oct/2025:00:56:36 +0900] "GET /actuator/health?_t=1761494196505 HTTP/1.1" 200 60
0:0:0:0:0:0:0:1 - - [27/Oct/2025:00:56:51 +0900] "GET /actuator/health?_t=1761494211505 HTTP/1.1" 200 60
0:0:0:0:0:0:0:1 - - [27/Oct/2025:00:57:06 +0900] "GET /actuator/health?_t=1761494226505 HTTP/1.1" 200 60
0:0:0:0:0:0:0:1 - - [27/Oct/2025:00:57:21 +0900] "GET /actuator/health?_t=1761494241505 HTTP/1.1" 200 60
0:0:0:0:0:0:0:1 - - [27/Oct/2025:00:57:36 +0900] "GET /actuator/health?_t=1761494256506 HTTP/1.1" 200 60
0:0:0:0:0:0:0:1 - - [27/Oct/2025:00:57:51 +0900] "GET /actuator/health?_t=1761494271506 HTTP/1.1" 200 60
0:0:0:0:0:0:0:1 - - [27/Oct/2025:00:58:06 +0900] "GET /actuator/health?_t=1761494286506 HTTP/1.1" 200 60
0:0:0:0:0:0:0:1 - - [27/Oct/2025:00:58:21 +0900] "GET /actuator/health?_t=1761494301506 HTTP/1.1" 200 60
0:0:0:0:0:0:0:1 - - [27/Oct/2025:00:58:36 +0900] "GET /actuator/health?_t=1761494316506 HTTP/1.1" 200 60
0:0:0:0:0:0:0:1 - - [27/Oct/2025:00:58:51 +0900] "GET /actuator/health?_t=1761494331506 HTTP/1.1" 200 60
0:0:0:0:0:0:0:1 - - [27/Oct/2025:00:59:06 +0900] "GET /actuator/health?_t=1761494346506 HTTP/1.1" 200 60
0:0:0:0:0:0:0:1 - - [27/Oct/2025:00:59:21 +0900] "GET /actuator/health?_t=1761494361507 HTTP/1.1" 200 60
0:0:0:0:0:0:0:1 - - [27/Oct/2025:00:59:36 +0900] "GET /actuator/health?_t=1761494376507 HTTP/1.1" 200 60
0:0:0:0:0:0:0:1 - - [27/Oct/2025:00:59:51 +0900] "GET /actuator/health?_t=1761494391507 HTTP/1.1" 200 60
0:0:0:0:0:0:0:1 - - [27/Oct/2025:01:00:06 +0900] "GET /actuator/health?_t=1761494406507 HTTP/1.1" 200 60
0:0:0:0:0:0:0:1 - - [27/Oct/2025:01:00:21 +0900] "GET /actuator/health?_t=1761494421507 HTTP/1.1" 200 60
0:0:0:0:0:0:0:1 - - [27/Oct/2025:01:00:36 +0900] "GET /actuator/health?_t=1761494436507 HTTP/1.1" 200 60
0:0:0:0:0:0:0:1 - - [27/Oct/2025:01:00:51 +0900] "GET /actuator/health?_t=1761494451507 HTTP/1.1" 200 60
0:0:0:0:0:0:0:1 - - [27/Oct/2025:01:01:06 +0900] "GET /actuator/health?_t=1761494466508 HTTP/1.1" 200 60
0:0:0:0:0:0:0:1 - - [27/Oct/2025:01:01:21 +0900] "GET /actuator/health?_t=1761494481508 HTTP/1.1" 200 60
0:0:0:0:0:0:0:1 - - [27/Oct/2025:01:01:37 +0900] "GET /actuator/health?_t=1761494497132 HTTP/1.1" 200 60
0:0:0:0:0:0:0:1 - - [27/Oct/2025:01:01:52 +0900] "GET /actuator/health?_t=1761494512127 HTTP/1.1" 200 60
0:0:0:0:0:0:0:1 - - [27/Oct/2025:01:02:07 +0900] "GET /actuator/health?_t=1761494527127 HTTP/1.1" 200 60
0:0:0:0:0:0:0:1 - - [27/Oct/2025:01:02:22 +0900] "GET /actuator/health?_t=1761494542123 HTTP/1.1" 200 60
0:0:0:0:0:0:0:1 - - [27/Oct/2025:01:03:23 +0900] "GET /actuator/health?_t=1761494603129 HTTP/1.1" 200 60
0:0:0:0:0:0:0:1 - - [27/Oct/2025:01:04:23 +0900] "GET /actuator/health?_t=1761494663120 HTTP/1.1" 200 60
0:0:0:0:0:0:0:1 - - [27/Oct/2025:01:05:23 +0900] "GET /actuator/health?_t=1761494723125 HTTP/1.1" 200 60
0:0:0:0:0:0:0:1 - - [27/Oct/2025:01:06:23 +0900] "GET /actuator/health?_t=1761494783130 HTTP/1.1" 200 60
0:0:0:0:0:0:0:1 - - [27/Oct/2025:01:07:23 +0900] "GET /actuator/health?_t=1761494843125 HTTP/1.1" 200 60
0:0:0:0:0:0:0:1 - - [27/Oct/2025:01:08:05 +0900] "OPTIONS /admin/drivers/counts HTTP/1.1" 200 -
0:0:0:0:0:0:0:1 - - [27/Oct/2025:01:08:05 +0900] "GET /admin/drivers/counts HTTP/1.1" 401 24
0:0:0:0:0:0:0:1 - - [27/Oct/2025:01:08:05 +0900] "OPTIONS /auth/refresh?refreshToken=eyJhbGciOiJIUzI1NiJ9.eyJzdWIiOiJhZG1pbiIsImF1ZCI6IkFETUlOX0FQUCIsInJvbGUiOiJST0xFX0FETUlOIiwiZGV2aWNlSWQiOiJ3ZWItMDc4OWNiMGQtZWRiYi00MGM4LTllMmQtYjEwYjc3Y2ZhZjYxIiwic2lkIjoxNywiaWF0IjoxNzYxNDkwNDMxLCJleHAiOjE3NjkyNjY0MzF9.yb0raVvI9mhlzzo7a8OiYaqtRAgXuKBWi-ECZN1xd1E&clientType=ADMIN_APP&deviceId=web-0789cb0d-edbb-40c8-9e2d-b10b77cfaf61 HTTP/1.1" 200 -
0:0:0:0:0:0:0:1 - - [27/Oct/2025:01:08:05 +0900] "POST /auth/refresh?refreshToken=eyJhbGciOiJIUzI1NiJ9.eyJzdWIiOiJhZG1pbiIsImF1ZCI6IkFETUlOX0FQUCIsInJvbGUiOiJST0xFX0FETUlOIiwiZGV2aWNlSWQiOiJ3ZWItMDc4OWNiMGQtZWRiYi00MGM4LTllMmQtYjEwYjc3Y2ZhZjYxIiwic2lkIjoxNywiaWF0IjoxNzYxNDkwNDMxLCJleHAiOjE3NjkyNjY0MzF9.yb0raVvI9mhlzzo7a8OiYaqtRAgXuKBWi-ECZN1xd1E&clientType=ADMIN_APP&deviceId=web-0789cb0d-edbb-40c8-9e2d-b10b77cfaf61 HTTP/1.1" 200 653
0:0:0:0:0:0:0:1 - - [27/Oct/2025:01:08:05 +0900] "GET /admin/drivers/counts HTTP/1.1" 200 50
0:0:0:0:0:0:0:1 - - [27/Oct/2025:01:08:05 +0900] "OPTIONS /admin/drivers/pending?page=0&size=5&sort=createdAt,asc HTTP/1.1" 200 -
0:0:0:0:0:0:0:1 - - [27/Oct/2025:01:08:05 +0900] "GET /admin/drivers/pending?page=0&size=5&sort=createdAt,asc HTTP/1.1" 200 327
0:0:0:0:0:0:0:1 - - [27/Oct/2025:01:08:05 +0900] "OPTIONS /admin/inquiries?status=OPEN&page=0&size=5 HTTP/1.1" 200 -
0:0:0:0:0:0:0:1 - - [27/Oct/2025:01:08:05 +0900] "GET /admin/inquiries?status=OPEN&page=0&size=5 HTTP/1.1" 200 845
0:0:0:0:0:0:0:1 - - [27/Oct/2025:01:08:05 +0900] "OPTIONS /admin/inquiries?status=ANSWERED&page=0&size=2 HTTP/1.1" 200 -
0:0:0:0:0:0:0:1 - - [27/Oct/2025:01:08:05 +0900] "GET /admin/inquiries?status=ANSWERED&page=0&size=2 HTTP/1.1" 200 511
0:0:0:0:0:0:0:1 - - [27/Oct/2025:01:08:05 +0900] "OPTIONS /admin/notices?page=0&size=5&sort=createdAt,desc HTTP/1.1" 200 -
0:0:0:0:0:0:0:1 - - [27/Oct/2025:01:08:05 +0900] "GET /admin/notices?page=0&size=5&sort=createdAt,desc HTTP/1.1" 200 961
0:0:0:0:0:0:0:1 - - [27/Oct/2025:01:08:07 +0900] "GET /actuator/health?_t=1761494887407 HTTP/1.1" 200 60
0:0:0:0:0:0:0:1 - - [27/Oct/2025:01:08:21 +0900] "GET /actuator/health?_t=1761494901506 HTTP/1.1" 200 60
0:0:0:0:0:0:0:1 - - [27/Oct/2025:01:08:21 +0900] "OPTIONS /admin/drivers/pending?search=&size=10&page=0&sort=createdAt,desc HTTP/1.1" 200 -
0:0:0:0:0:0:0:1 - - [27/Oct/2025:01:08:21 +0900] "GET /admin/drivers/pending?search=&size=10&page=0&sort=createdAt,desc HTTP/1.1" 200 329
0:0:0:0:0:0:0:1 - - [27/Oct/2025:01:08:21 +0900] "OPTIONS /admin/drivers/counts HTTP/1.1" 200 -
0:0:0:0:0:0:0:1 - - [27/Oct/2025:01:08:21 +0900] "GET /admin/drivers/counts HTTP/1.1" 200 50
0:0:0:0:0:0:0:1 - - [27/Oct/2025:01:08:22 +0900] "GET /admin/drivers/counts HTTP/1.1" 200 50
0:0:0:0:0:0:0:1 - - [27/Oct/2025:01:08:22 +0900] "OPTIONS /admin/drivers/pending?page=0&size=5&sort=createdAt,asc HTTP/1.1" 200 -
0:0:0:0:0:0:0:1 - - [27/Oct/2025:01:08:22 +0900] "GET /admin/drivers/pending?page=0&size=5&sort=createdAt,asc HTTP/1.1" 200 327
0:0:0:0:0:0:0:1 - - [27/Oct/2025:01:08:22 +0900] "OPTIONS /admin/inquiries?status=OPEN&page=0&size=5 HTTP/1.1" 200 -
0:0:0:0:0:0:0:1 - - [27/Oct/2025:01:08:22 +0900] "GET /admin/inquiries?status=OPEN&page=0&size=5 HTTP/1.1" 200 845
0:0:0:0:0:0:0:1 - - [27/Oct/2025:01:08:22 +0900] "OPTIONS /admin/inquiries?status=ANSWERED&page=0&size=2 HTTP/1.1" 200 -
0:0:0:0:0:0:0:1 - - [27/Oct/2025:01:08:23 +0900] "GET /admin/inquiries?status=ANSWERED&page=0&size=2 HTTP/1.1" 200 511
0:0:0:0:0:0:0:1 - - [27/Oct/2025:01:08:23 +0900] "OPTIONS /admin/notices?page=0&size=5&sort=createdAt,desc HTTP/1.1" 200 -
0:0:0:0:0:0:0:1 - - [27/Oct/2025:01:08:23 +0900] "GET /admin/notices?page=0&size=5&sort=createdAt,desc HTTP/1.1" 200 961
0:0:0:0:0:0:0:1 - - [27/Oct/2025:01:08:26 +0900] "GET /admin/drivers/pending?search=&size=10&page=0&sort=createdAt,desc HTTP/1.1" 200 329
0:0:0:0:0:0:0:1 - - [27/Oct/2025:01:08:26 +0900] "GET /admin/drivers/counts HTTP/1.1" 200 50
0:0:0:0:0:0:0:1 - - [27/Oct/2025:01:08:28 +0900] "OPTIONS /admin/drivers/counts HTTP/1.1" 200 -
0:0:0:0:0:0:0:1 - - [27/Oct/2025:01:08:28 +0900] "GET /admin/drivers/counts HTTP/1.1" 200 50
0:0:0:0:0:0:0:1 - - [27/Oct/2025:01:08:28 +0900] "OPTIONS /admin/drivers/pending?page=0&size=5&sort=createdAt,asc HTTP/1.1" 200 -
0:0:0:0:0:0:0:1 - - [27/Oct/2025:01:08:28 +0900] "GET /admin/drivers/pending?page=0&size=5&sort=createdAt,asc HTTP/1.1" 200 327
0:0:0:0:0:0:0:1 - - [27/Oct/2025:01:08:28 +0900] "OPTIONS /admin/inquiries?status=OPEN&page=0&size=5 HTTP/1.1" 200 -
0:0:0:0:0:0:0:1 - - [27/Oct/2025:01:08:28 +0900] "GET /admin/inquiries?status=OPEN&page=0&size=5 HTTP/1.1" 200 845
0:0:0:0:0:0:0:1 - - [27/Oct/2025:01:08:28 +0900] "OPTIONS /admin/inquiries?status=ANSWERED&page=0&size=2 HTTP/1.1" 200 -
0:0:0:0:0:0:0:1 - - [27/Oct/2025:01:08:28 +0900] "GET /admin/inquiries?status=ANSWERED&page=0&size=2 HTTP/1.1" 200 511
0:0:0:0:0:0:0:1 - - [27/Oct/2025:01:08:28 +0900] "OPTIONS /admin/notices?page=0&size=5&sort=createdAt,desc HTTP/1.1" 200 -
0:0:0:0:0:0:0:1 - - [27/Oct/2025:01:08:28 +0900] "GET /admin/notices?page=0&size=5&sort=createdAt,desc HTTP/1.1" 200 961
0:0:0:0:0:0:0:1 - - [27/Oct/2025:01:08:30 +0900] "OPTIONS /admin/inquiries?page=0&size=1&sort=createdAt,desc HTTP/1.1" 200 -
0:0:0:0:0:0:0:1 - - [27/Oct/2025:01:08:30 +0900] "OPTIONS /admin/inquiries?page=0&size=1&sort=createdAt,desc&status=OPEN HTTP/1.1" 200 -
0:0:0:0:0:0:0:1 - - [27/Oct/2025:01:08:30 +0900] "OPTIONS /admin/inquiries?page=0&size=1&sort=createdAt,desc&status=ANSWERED HTTP/1.1" 200 -
0:0:0:0:0:0:0:1 - - [27/Oct/2025:01:08:30 +0900] "OPTIONS /admin/inquiries?page=0&size=1&sort=createdAt,desc&status=CLOSED HTTP/1.1" 200 -
0:0:0:0:0:0:0:1 - - [27/Oct/2025:01:08:30 +0900] "OPTIONS /admin/inquiries?page=0&size=10&sort=createdAt,desc HTTP/1.1" 200 -
0:0:0:0:0:0:0:1 - - [27/Oct/2025:01:08:30 +0900] "GET /admin/inquiries?page=0&size=10&sort=createdAt,desc HTTP/1.1" 200 1542
0:0:0:0:0:0:0:1 - - [27/Oct/2025:01:08:30 +0900] "GET /admin/inquiries?page=0&size=1&sort=createdAt,desc&status=OPEN HTTP/1.1" 200 508
0:0:0:0:0:0:0:1 - - [27/Oct/2025:01:08:30 +0900] "GET /admin/inquiries?page=0&size=1&sort=createdAt,desc&status=ANSWERED HTTP/1.1" 200 511
0:0:0:0:0:0:0:1 - - [27/Oct/2025:01:08:30 +0900] "GET /admin/inquiries?page=0&size=1&sort=createdAt,desc HTTP/1.1" 200 508
0:0:0:0:0:0:0:1 - - [27/Oct/2025:01:08:30 +0900] "GET /admin/inquiries?page=0&size=1&sort=createdAt,desc&status=CLOSED HTTP/1.1" 200 493
0:0:0:0:0:0:0:1 - - [27/Oct/2025:01:08:32 +0900] "GET /admin/drivers/counts HTTP/1.1" 200 50
0:0:0:0:0:0:0:1 - - [27/Oct/2025:01:08:32 +0900] "GET /admin/drivers/pending?page=0&size=5&sort=createdAt,asc HTTP/1.1" 200 327
0:0:0:0:0:0:0:1 - - [27/Oct/2025:01:08:32 +0900] "GET /admin/inquiries?status=OPEN&page=0&size=5 HTTP/1.1" 200 845
0:0:0:0:0:0:0:1 - - [27/Oct/2025:01:08:32 +0900] "GET /admin/inquiries?status=ANSWERED&page=0&size=2 HTTP/1.1" 200 511
0:0:0:0:0:0:0:1 - - [27/Oct/2025:01:08:32 +0900] "GET /admin/notices?page=0&size=5&sort=createdAt,desc HTTP/1.1" 200 961
0:0:0:0:0:0:0:1 - - [27/Oct/2025:01:08:36 +0900] "GET /actuator/health?_t=1761494916506 HTTP/1.1" 200 60
0:0:0:0:0:0:0:1 - - [27/Oct/2025:01:08:51 +0900] "GET /actuator/health?_t=1761494931506 HTTP/1.1" 200 60
0:0:0:0:0:0:0:1 - - [27/Oct/2025:01:09:07 +0900] "GET /actuator/health?_t=1761494947134 HTTP/1.1" 200 60
0:0:0:0:0:0:0:1 - - [27/Oct/2025:01:09:22 +0900] "GET /actuator/health?_t=1761494962123 HTTP/1.1" 200 60
0:0:0:0:0:0:0:1 - - [27/Oct/2025:01:09:37 +0900] "GET /actuator/health?_t=1761494977130 HTTP/1.1" 200 60
0:0:0:0:0:0:0:1 - - [27/Oct/2025:01:09:52 +0900] "GET /actuator/health?_t=1761494992122 HTTP/1.1" 200 60
0:0:0:0:0:0:0:1 - - [27/Oct/2025:01:10:07 +0900] "GET /actuator/health?_t=1761495007126 HTTP/1.1" 200 60
0:0:0:0:0:0:0:1 - - [27/Oct/2025:01:10:22 +0900] "GET /actuator/health?_t=1761495022126 HTTP/1.1" 200 60
0:0:0:0:0:0:0:1 - - [27/Oct/2025:01:10:37 +0900] "GET /actuator/health?_t=1761495037121 HTTP/1.1" 200 60
0:0:0:0:0:0:0:1 - - [27/Oct/2025:01:10:52 +0900] "GET /actuator/health?_t=1761495052125 HTTP/1.1" 200 60
0:0:0:0:0:0:0:1 - - [27/Oct/2025:01:11:07 +0900] "GET /actuator/health?_t=1761495067128 HTTP/1.1" 200 60
0:0:0:0:0:0:0:1 - - [27/Oct/2025:01:11:22 +0900] "GET /actuator/health?_t=1761495082120 HTTP/1.1" 200 60
0:0:0:0:0:0:0:1 - - [27/Oct/2025:01:11:37 +0900] "GET /actuator/health?_t=1761495097131 HTTP/1.1" 200 60
0:0:0:0:0:0:0:1 - - [27/Oct/2025:01:11:52 +0900] "GET /actuator/health?_t=1761495112120 HTTP/1.1" 200 60
0:0:0:0:0:0:0:1 - - [27/Oct/2025:01:12:23 +0900] "GET /actuator/health?_t=1761495143120 HTTP/1.1" 200 60
0:0:0:0:0:0:0:1 - - [27/Oct/2025:01:13:23 +0900] "GET /actuator/health?_t=1761495203125 HTTP/1.1" 200 60
0:0:0:0:0:0:0:1 - - [27/Oct/2025:01:14:23 +0900] "GET /actuator/health?_t=1761495263122 HTTP/1.1" 200 60
0:0:0:0:0:0:0:1 - - [27/Oct/2025:01:14:55 +0900] "GET /actuator/health?_t=1761495295059 HTTP/1.1" 200 60
0:0:0:0:0:0:0:1 - - [27/Oct/2025:01:14:59 +0900] "OPTIONS /admin/users/admin/profile-image HTTP/1.1" 200 -
0:0:0:0:0:0:0:1 - - [27/Oct/2025:01:15:00 +0900] "GET /actuator/health?_t=1761495299927 HTTP/1.1" 200 60
0:0:0:0:0:0:0:1 - - [27/Oct/2025:01:15:15 +0900] "GET /actuator/health?_t=1761495314932 HTTP/1.1" 200 60
0:0:0:0:0:0:0:1 - - [27/Oct/2025:01:15:30 +0900] "GET /actuator/health?_t=1761495330128 HTTP/1.1" 200 60
0:0:0:0:0:0:0:1 - - [27/Oct/2025:01:15:45 +0900] "GET /actuator/health?_t=1761495345131 HTTP/1.1" 200 60
0:0:0:0:0:0:0:1 - - [27/Oct/2025:01:16:00 +0900] "GET /actuator/health?_t=1761495360129 HTTP/1.1" 200 60
0:0:0:0:0:0:0:1 - - [27/Oct/2025:01:16:15 +0900] "GET /actuator/health?_t=1761495375134 HTTP/1.1" 200 60
0:0:0:0:0:0:0:1 - - [27/Oct/2025:01:16:30 +0900] "GET /actuator/health?_t=1761495390132 HTTP/1.1" 200 60
0:0:0:0:0:0:0:1 - - [27/Oct/2025:01:16:45 +0900] "GET /actuator/health?_t=1761495405124 HTTP/1.1" 200 60
0:0:0:0:0:0:0:1 - - [27/Oct/2025:01:17:23 +0900] "GET /actuator/health?_t=1761495443133 HTTP/1.1" 200 60
0:0:0:0:0:0:0:1 - - [27/Oct/2025:01:17:37 +0900] "GET /actuator/health?_t=1761495457659 HTTP/1.1" 200 60
0:0:0:0:0:0:0:1 - - [27/Oct/2025:01:17:45 +0900] "GET /actuator/health?_t=1761495464928 HTTP/1.1" 200 60
0:0:0:0:0:0:0:1 - - [27/Oct/2025:01:18:00 +0900] "GET /actuator/health?_t=1761495479928 HTTP/1.1" 200 60
0:0:0:0:0:0:0:1 - - [27/Oct/2025:01:18:15 +0900] "GET /actuator/health?_t=1761495495122 HTTP/1.1" 200 60
0:0:0:0:0:0:0:1 - - [27/Oct/2025:01:18:30 +0900] "GET /actuator/health?_t=1761495510120 HTTP/1.1" 200 60
0:0:0:0:0:0:0:1 - - [27/Oct/2025:01:18:45 +0900] "GET /actuator/health?_t=1761495525132 HTTP/1.1" 200 60
0:0:0:0:0:0:0:1 - - [27/Oct/2025:01:19:00 +0900] "GET /actuator/health?_t=1761495540134 HTTP/1.1" 200 60
0:0:0:0:0:0:0:1 - - [27/Oct/2025:01:19:20 +0900] "GET /actuator/health?_t=1761495560714 HTTP/1.1" 200 60
0:0:0:0:0:0:0:1 - - [27/Oct/2025:01:19:30 +0900] "GET /actuator/health?_t=1761495570125 HTTP/1.1" 200 60
0:0:0:0:0:0:0:1 - - [27/Oct/2025:01:19:45 +0900] "GET /actuator/health?_t=1761495585122 HTTP/1.1" 200 60
0:0:0:0:0:0:0:1 - - [27/Oct/2025:01:20:00 +0900] "GET /actuator/health?_t=1761495600132 HTTP/1.1" 200 60
0:0:0:0:0:0:0:1 - - [27/Oct/2025:01:20:15 +0900] "GET /actuator/health?_t=1761495615120 HTTP/1.1" 200 60
0:0:0:0:0:0:0:1 - - [27/Oct/2025:01:21:16 +0900] "GET /actuator/health?_t=1761495676122 HTTP/1.1" 200 60
0:0:0:0:0:0:0:1 - - [27/Oct/2025:01:22:17 +0900] "GET /actuator/health?_t=1761495737123 HTTP/1.1" 200 60
0:0:0:0:0:0:0:1 - - [27/Oct/2025:01:23:18 +0900] "GET /actuator/health?_t=1761495798123 HTTP/1.1" 200 60
0:0:0:0:0:0:0:1 - - [27/Oct/2025:01:24:19 +0900] "GET /actuator/health?_t=1761495859127 HTTP/1.1" 200 60
0:0:0:0:0:0:0:1 - - [27/Oct/2025:01:25:20 +0900] "GET /actuator/health?_t=1761495920130 HTTP/1.1" 200 60
0:0:0:0:0:0:0:1 - - [27/Oct/2025:01:26:21 +0900] "GET /actuator/health?_t=1761495981127 HTTP/1.1" 200 60
0:0:0:0:0:0:0:1 - - [27/Oct/2025:01:27:22 +0900] "GET /actuator/health?_t=1761496042128 HTTP/1.1" 200 60
0:0:0:0:0:0:0:1 - - [27/Oct/2025:01:28:23 +0900] "GET /actuator/health?_t=1761496103133 HTTP/1.1" 200 60
0:0:0:0:0:0:0:1 - - [27/Oct/2025:01:29:23 +0900] "GET /actuator/health?_t=1761496163123 HTTP/1.1" 200 60
0:0:0:0:0:0:0:1 - - [27/Oct/2025:01:29:54 +0900] "GET /actuator/health?_t=1761496194744 HTTP/1.1" 200 60
0:0:0:0:0:0:0:1 - - [27/Oct/2025:01:29:56 +0900] "OPTIONS /admin/users/admin/profile-image HTTP/1.1" 200 -
0:0:0:0:0:0:0:1 - - [27/Oct/2025:01:29:56 +0900] "OPTIONS /admin/drivers/counts HTTP/1.1" 200 -
0:0:0:0:0:0:0:1 - - [27/Oct/2025:01:29:56 +0900] "OPTIONS /admin/drivers/pending?page=0&size=5&sort=createdAt,asc HTTP/1.1" 200 -
0:0:0:0:0:0:0:1 - - [27/Oct/2025:01:29:56 +0900] "OPTIONS /admin/inquiries?status=OPEN&page=0&size=5 HTTP/1.1" 200 -
0:0:0:0:0:0:0:1 - - [27/Oct/2025:01:29:56 +0900] "OPTIONS /admin/notices?page=0&size=5&sort=createdAt,desc HTTP/1.1" 200 -
0:0:0:0:0:0:0:1 - - [27/Oct/2025:01:29:56 +0900] "GET /admin/inquiries?status=OPEN&page=0&size=5 HTTP/1.1" 200 845
0:0:0:0:0:0:0:1 - - [27/Oct/2025:01:29:56 +0900] "GET /admin/drivers/pending?page=0&size=5&sort=createdAt,asc HTTP/1.1" 200 327
0:0:0:0:0:0:0:1 - - [27/Oct/2025:01:29:56 +0900] "GET /admin/notices?page=0&size=5&sort=createdAt,desc HTTP/1.1" 200 961
0:0:0:0:0:0:0:1 - - [27/Oct/2025:01:29:56 +0900] "OPTIONS /admin/inquiries?status=ANSWERED&page=0&size=2 HTTP/1.1" 200 -
0:0:0:0:0:0:0:1 - - [27/Oct/2025:01:29:56 +0900] "GET /admin/drivers/counts HTTP/1.1" 200 50
0:0:0:0:0:0:0:1 - - [27/Oct/2025:01:29:56 +0900] "GET /admin/inquiries?status=ANSWERED&page=0&size=2 HTTP/1.1" 200 511
0:0:0:0:0:0:0:1 - - [27/Oct/2025:01:29:56 +0900] "GET /actuator/health?_t=1761496196446 HTTP/1.1" 200 60
0:0:0:0:0:0:0:1 - - [27/Oct/2025:01:30:11 +0900] "GET /actuator/health?_t=1761496211451 HTTP/1.1" 200 60
0:0:0:0:0:0:0:1 - - [27/Oct/2025:01:30:26 +0900] "GET /actuator/health?_t=1761496226451 HTTP/1.1" 200 60
0:0:0:0:0:0:0:1 - - [27/Oct/2025:01:30:41 +0900] "GET /actuator/health?_t=1761496241451 HTTP/1.1" 200 60
0:0:0:0:0:0:0:1 - - [27/Oct/2025:01:30:56 +0900] "GET /actuator/health?_t=1761496256451 HTTP/1.1" 200 60
0:0:0:0:0:0:0:1 - - [27/Oct/2025:01:31:11 +0900] "GET /actuator/health?_t=1761496271451 HTTP/1.1" 200 60
0:0:0:0:0:0:0:1 - - [27/Oct/2025:01:31:26 +0900] "GET /actuator/health?_t=1761496286451 HTTP/1.1" 200 60
0:0:0:0:0:0:0:1 - - [27/Oct/2025:01:31:41 +0900] "GET /actuator/health?_t=1761496301451 HTTP/1.1" 200 60
0:0:0:0:0:0:0:1 - - [27/Oct/2025:01:31:56 +0900] "GET /actuator/health?_t=1761496316449 HTTP/1.1" 200 60
0:0:0:0:0:0:0:1 - - [27/Oct/2025:01:32:11 +0900] "GET /actuator/health?_t=1761496331452 HTTP/1.1" 200 60
0:0:0:0:0:0:0:1 - - [27/Oct/2025:01:32:26 +0900] "GET /actuator/health?_t=1761496346452 HTTP/1.1" 200 60
0:0:0:0:0:0:0:1 - - [27/Oct/2025:01:32:41 +0900] "GET /actuator/health?_t=1761496361452 HTTP/1.1" 200 60
0:0:0:0:0:0:0:1 - - [27/Oct/2025:01:32:56 +0900] "GET /actuator/health?_t=1761496376447 HTTP/1.1" 200 60
0:0:0:0:0:0:0:1 - - [27/Oct/2025:01:33:11 +0900] "GET /actuator/health?_t=1761496391447 HTTP/1.1" 200 60
0:0:0:0:0:0:0:1 - - [27/Oct/2025:01:33:26 +0900] "GET /actuator/health?_t=1761496406447 HTTP/1.1" 200 60
0:0:0:0:0:0:0:1 - - [27/Oct/2025:01:33:41 +0900] "GET /actuator/health?_t=1761496421447 HTTP/1.1" 200 60
0:0:0:0:0:0:0:1 - - [27/Oct/2025:01:33:56 +0900] "GET /actuator/health?_t=1761496436447 HTTP/1.1" 200 60
0:0:0:0:0:0:0:1 - - [27/Oct/2025:01:34:11 +0900] "GET /actuator/health?_t=1761496451447 HTTP/1.1" 200 60
0:0:0:0:0:0:0:1 - - [27/Oct/2025:01:34:26 +0900] "GET /actuator/health?_t=1761496466447 HTTP/1.1" 200 60
0:0:0:0:0:0:0:1 - - [27/Oct/2025:01:34:41 +0900] "GET /actuator/health?_t=1761496481447 HTTP/1.1" 200 60
0:0:0:0:0:0:0:1 - - [27/Oct/2025:01:34:56 +0900] "GET /actuator/health?_t=1761496496447 HTTP/1.1" 200 60
0:0:0:0:0:0:0:1 - - [27/Oct/2025:01:35:11 +0900] "GET /actuator/health?_t=1761496511447 HTTP/1.1" 200 60
0:0:0:0:0:0:0:1 - - [27/Oct/2025:01:35:26 +0900] "GET /actuator/health?_t=1761496526448 HTTP/1.1" 200 60
0:0:0:0:0:0:0:1 - - [27/Oct/2025:01:35:41 +0900] "GET /actuator/health?_t=1761496541448 HTTP/1.1" 200 60
0:0:0:0:0:0:0:1 - - [27/Oct/2025:01:35:56 +0900] "GET /actuator/health?_t=1761496556448 HTTP/1.1" 200 60
0:0:0:0:0:0:0:1 - - [27/Oct/2025:01:36:11 +0900] "GET /actuator/health?_t=1761496571448 HTTP/1.1" 200 60
0:0:0:0:0:0:0:1 - - [27/Oct/2025:01:36:26 +0900] "GET /actuator/health?_t=1761496586448 HTTP/1.1" 200 60
0:0:0:0:0:0:0:1 - - [27/Oct/2025:01:36:41 +0900] "GET /actuator/health?_t=1761496601448 HTTP/1.1" 200 60
0:0:0:0:0:0:0:1 - - [27/Oct/2025:01:36:56 +0900] "GET /actuator/health?_t=1761496616448 HTTP/1.1" 200 60
0:0:0:0:0:0:0:1 - - [27/Oct/2025:01:37:11 +0900] "GET /actuator/health?_t=1761496631449 HTTP/1.1" 200 60
0:0:0:0:0:0:0:1 - - [27/Oct/2025:01:37:26 +0900] "GET /actuator/health?_t=1761496646449 HTTP/1.1" 200 60
0:0:0:0:0:0:0:1 - - [27/Oct/2025:01:37:41 +0900] "GET /actuator/health?_t=1761496661449 HTTP/1.1" 200 60
0:0:0:0:0:0:0:1 - - [27/Oct/2025:01:37:56 +0900] "GET /actuator/health?_t=1761496676449 HTTP/1.1" 200 60
0:0:0:0:0:0:0:1 - - [27/Oct/2025:01:38:11 +0900] "GET /actuator/health?_t=1761496691449 HTTP/1.1" 200 60
0:0:0:0:0:0:0:1 - - [27/Oct/2025:01:38:26 +0900] "GET /actuator/health?_t=1761496706449 HTTP/1.1" 200 60
0:0:0:0:0:0:0:1 - - [27/Oct/2025:01:38:41 +0900] "GET /actuator/health?_t=1761496721449 HTTP/1.1" 200 60
0:0:0:0:0:0:0:1 - - [27/Oct/2025:01:38:56 +0900] "GET /actuator/health?_t=1761496736449 HTTP/1.1" 200 60
0:0:0:0:0:0:0:1 - - [27/Oct/2025:01:39:11 +0900] "GET /actuator/health?_t=1761496751450 HTTP/1.1" 200 60
0:0:0:0:0:0:0:1 - - [27/Oct/2025:01:39:26 +0900] "GET /actuator/health?_t=1761496766447 HTTP/1.1" 200 60
0:0:0:0:0:0:0:1 - - [27/Oct/2025:01:39:41 +0900] "GET /actuator/health?_t=1761496781449 HTTP/1.1" 200 60
0:0:0:0:0:0:0:1 - - [27/Oct/2025:01:39:56 +0900] "GET /actuator/health?_t=1761496796450 HTTP/1.1" 200 60
0:0:0:0:0:0:0:1 - - [27/Oct/2025:01:40:11 +0900] "GET /actuator/health?_t=1761496811450 HTTP/1.1" 200 60
0:0:0:0:0:0:0:1 - - [27/Oct/2025:01:40:26 +0900] "GET /actuator/health?_t=1761496826450 HTTP/1.1" 200 60
0:0:0:0:0:0:0:1 - - [27/Oct/2025:01:40:41 +0900] "GET /actuator/health?_t=1761496841450 HTTP/1.1" 200 60
0:0:0:0:0:0:0:1 - - [27/Oct/2025:01:40:56 +0900] "GET /actuator/health?_t=1761496856451 HTTP/1.1" 200 60
0:0:0:0:0:0:0:1 - - [27/Oct/2025:01:41:11 +0900] "GET /actuator/health?_t=1761496871451 HTTP/1.1" 200 60
0:0:0:0:0:0:0:1 - - [27/Oct/2025:01:41:26 +0900] "GET /actuator/health?_t=1761496886451 HTTP/1.1" 200 60
0:0:0:0:0:0:0:1 - - [27/Oct/2025:01:41:41 +0900] "GET /actuator/health?_t=1761496901449 HTTP/1.1" 200 60
0:0:0:0:0:0:0:1 - - [27/Oct/2025:01:41:56 +0900] "GET /actuator/health?_t=1761496916450 HTTP/1.1" 200 60
0:0:0:0:0:0:0:1 - - [27/Oct/2025:01:42:11 +0900] "GET /actuator/health?_t=1761496931450 HTTP/1.1" 200 60
0:0:0:0:0:0:0:1 - - [27/Oct/2025:01:42:26 +0900] "GET /actuator/health?_t=1761496946451 HTTP/1.1" 200 60
0:0:0:0:0:0:0:1 - - [27/Oct/2025:01:42:41 +0900] "GET /actuator/health?_t=1761496961451 HTTP/1.1" 200 60
0:0:0:0:0:0:0:1 - - [27/Oct/2025:01:42:56 +0900] "GET /actuator/health?_t=1761496976452 HTTP/1.1" 200 60
0:0:0:0:0:0:0:1 - - [27/Oct/2025:01:43:11 +0900] "GET /actuator/health?_t=1761496991452 HTTP/1.1" 200 60
0:0:0:0:0:0:0:1 - - [27/Oct/2025:01:43:26 +0900] "GET /actuator/health?_t=1761497006452 HTTP/1.1" 200 60
0:0:0:0:0:0:0:1 - - [27/Oct/2025:01:43:41 +0900] "GET /actuator/health?_t=1761497021452 HTTP/1.1" 200 60
0:0:0:0:0:0:0:1 - - [27/Oct/2025:01:43:56 +0900] "GET /actuator/health?_t=1761497036447 HTTP/1.1" 200 60
0:0:0:0:0:0:0:1 - - [27/Oct/2025:01:44:11 +0900] "GET /actuator/health?_t=1761497051447 HTTP/1.1" 200 60
0:0:0:0:0:0:0:1 - - [27/Oct/2025:01:44:26 +0900] "GET /actuator/health?_t=1761497066447 HTTP/1.1" 200 60
0:0:0:0:0:0:0:1 - - [27/Oct/2025:01:44:41 +0900] "GET /actuator/health?_t=1761497081447 HTTP/1.1" 200 60
0:0:0:0:0:0:0:1 - - [27/Oct/2025:01:44:56 +0900] "GET /actuator/health?_t=1761497096447 HTTP/1.1" 200 60
0:0:0:0:0:0:0:1 - - [27/Oct/2025:01:45:11 +0900] "GET /actuator/health?_t=1761497111447 HTTP/1.1" 200 60
0:0:0:0:0:0:0:1 - - [27/Oct/2025:01:45:26 +0900] "GET /actuator/health?_t=1761497126447 HTTP/1.1" 200 60
0:0:0:0:0:0:0:1 - - [27/Oct/2025:01:45:41 +0900] "GET /actuator/health?_t=1761497141448 HTTP/1.1" 200 60
0:0:0:0:0:0:0:1 - - [27/Oct/2025:01:45:56 +0900] "GET /actuator/health?_t=1761497156448 HTTP/1.1" 200 60
0:0:0:0:0:0:0:1 - - [27/Oct/2025:01:46:11 +0900] "GET /actuator/health?_t=1761497171448 HTTP/1.1" 200 60
0:0:0:0:0:0:0:1 - - [27/Oct/2025:01:46:26 +0900] "GET /actuator/health?_t=1761497186448 HTTP/1.1" 200 60
0:0:0:0:0:0:0:1 - - [27/Oct/2025:01:46:41 +0900] "GET /actuator/health?_t=1761497201448 HTTP/1.1" 200 60
0:0:0:0:0:0:0:1 - - [27/Oct/2025:01:46:56 +0900] "GET /actuator/health?_t=1761497216448 HTTP/1.1" 200 60
0:0:0:0:0:0:0:1 - - [27/Oct/2025:01:47:11 +0900] "GET /actuator/health?_t=1761497231448 HTTP/1.1" 200 60
0:0:0:0:0:0:0:1 - - [27/Oct/2025:01:47:26 +0900] "GET /actuator/health?_t=1761497246449 HTTP/1.1" 200 60
0:0:0:0:0:0:0:1 - - [27/Oct/2025:01:47:41 +0900] "GET /actuator/health?_t=1761497261449 HTTP/1.1" 200 60
0:0:0:0:0:0:0:1 - - [27/Oct/2025:01:47:56 +0900] "GET /actuator/health?_t=1761497276449 HTTP/1.1" 200 60
0:0:0:0:0:0:0:1 - - [27/Oct/2025:01:48:11 +0900] "GET /actuator/health?_t=1761497291449 HTTP/1.1" 200 60
0:0:0:0:0:0:0:1 - - [27/Oct/2025:01:48:26 +0900] "GET /actuator/health?_t=1761497306449 HTTP/1.1" 200 60
0:0:0:0:0:0:0:1 - - [27/Oct/2025:01:48:41 +0900] "GET /actuator/health?_t=1761497321449 HTTP/1.1" 200 60
0:0:0:0:0:0:0:1 - - [27/Oct/2025:01:48:56 +0900] "GET /actuator/health?_t=1761497336449 HTTP/1.1" 200 60
0:0:0:0:0:0:0:1 - - [27/Oct/2025:01:49:11 +0900] "GET /actuator/health?_t=1761497351450 HTTP/1.1" 200 60
0:0:0:0:0:0:0:1 - - [27/Oct/2025:01:49:26 +0900] "GET /actuator/health?_t=1761497366450 HTTP/1.1" 200 60
0:0:0:0:0:0:0:1 - - [27/Oct/2025:01:49:41 +0900] "GET /actuator/health?_t=1761497381450 HTTP/1.1" 200 60
0:0:0:0:0:0:0:1 - - [27/Oct/2025:01:49:56 +0900] "GET /actuator/health?_t=1761497396449 HTTP/1.1" 200 60
0:0:0:0:0:0:0:1 - - [27/Oct/2025:01:50:11 +0900] "GET /actuator/health?_t=1761497411450 HTTP/1.1" 200 60
0:0:0:0:0:0:0:1 - - [27/Oct/2025:01:50:26 +0900] "GET /actuator/health?_t=1761497426449 HTTP/1.1" 200 60
0:0:0:0:0:0:0:1 - - [27/Oct/2025:01:50:41 +0900] "GET /actuator/health?_t=1761497441450 HTTP/1.1" 200 60
0:0:0:0:0:0:0:1 - - [27/Oct/2025:01:50:56 +0900] "GET /actuator/health?_t=1761497456450 HTTP/1.1" 200 60
0:0:0:0:0:0:0:1 - - [27/Oct/2025:01:51:11 +0900] "GET /actuator/health?_t=1761497471451 HTTP/1.1" 200 60
0:0:0:0:0:0:0:1 - - [27/Oct/2025:01:51:26 +0900] "GET /actuator/health?_t=1761497486452 HTTP/1.1" 200 60
0:0:0:0:0:0:0:1 - - [27/Oct/2025:01:51:41 +0900] "GET /actuator/health?_t=1761497501451 HTTP/1.1" 200 60
0:0:0:0:0:0:0:1 - - [27/Oct/2025:01:51:56 +0900] "GET /actuator/health?_t=1761497516451 HTTP/1.1" 200 60
0:0:0:0:0:0:0:1 - - [27/Oct/2025:01:52:11 +0900] "GET /actuator/health?_t=1761497531451 HTTP/1.1" 200 60
0:0:0:0:0:0:0:1 - - [27/Oct/2025:01:52:26 +0900] "GET /actuator/health?_t=1761497546451 HTTP/1.1" 200 60
0:0:0:0:0:0:0:1 - - [27/Oct/2025:01:52:41 +0900] "GET /actuator/health?_t=1761497561451 HTTP/1.1" 200 60
0:0:0:0:0:0:0:1 - - [27/Oct/2025:01:52:56 +0900] "GET /actuator/health?_t=1761497576452 HTTP/1.1" 200 60
0:0:0:0:0:0:0:1 - - [27/Oct/2025:01:53:11 +0900] "GET /actuator/health?_t=1761497591452 HTTP/1.1" 200 60
0:0:0:0:0:0:0:1 - - [27/Oct/2025:01:53:26 +0900] "GET /actuator/health?_t=1761497606452 HTTP/1.1" 200 60
0:0:0:0:0:0:0:1 - - [27/Oct/2025:01:53:41 +0900] "GET /actuator/health?_t=1761497621447 HTTP/1.1" 200 60
0:0:0:0:0:0:0:1 - - [27/Oct/2025:01:53:56 +0900] "GET /actuator/health?_t=1761497636447 HTTP/1.1" 200 60
0:0:0:0:0:0:0:1 - - [27/Oct/2025:01:54:11 +0900] "GET /actuator/health?_t=1761497651447 HTTP/1.1" 200 60
0:0:0:0:0:0:0:1 - - [27/Oct/2025:01:54:26 +0900] "GET /actuator/health?_t=1761497666447 HTTP/1.1" 200 60
0:0:0:0:0:0:0:1 - - [27/Oct/2025:01:54:41 +0900] "GET /actuator/health?_t=1761497681447 HTTP/1.1" 200 60
0:0:0:0:0:0:0:1 - - [27/Oct/2025:01:54:51 +0900] "OPTIONS /admin/drivers/counts HTTP/1.1" 200 -
0:0:0:0:0:0:0:1 - - [27/Oct/2025:01:54:51 +0900] "OPTIONS /admin/drivers/pending?page=0&size=5&sort=createdAt,asc HTTP/1.1" 200 -
0:0:0:0:0:0:0:1 - - [27/Oct/2025:01:54:51 +0900] "OPTIONS /admin/inquiries?status=OPEN&page=0&size=5 HTTP/1.1" 200 -
0:0:0:0:0:0:0:1 - - [27/Oct/2025:01:54:51 +0900] "OPTIONS /admin/notices?page=0&size=5&sort=createdAt,desc HTTP/1.1" 200 -
0:0:0:0:0:0:0:1 - - [27/Oct/2025:01:54:51 +0900] "OPTIONS /reservations HTTP/1.1" 200 -
0:0:0:0:0:0:0:1 - - [27/Oct/2025:01:54:51 +0900] "GET /admin/drivers/pending?page=0&size=5&sort=createdAt,asc HTTP/1.1" 200 327
0:0:0:0:0:0:0:1 - - [27/Oct/2025:01:54:51 +0900] "GET /admin/inquiries?status=OPEN&page=0&size=5 HTTP/1.1" 200 845
0:0:0:0:0:0:0:1 - - [27/Oct/2025:01:54:51 +0900] "GET /admin/notices?page=0&size=5&sort=createdAt,desc HTTP/1.1" 200 961
0:0:0:0:0:0:0:1 - - [27/Oct/2025:01:54:51 +0900] "OPTIONS /admin/inquiries?status=ANSWERED&page=0&size=2 HTTP/1.1" 200 -
0:0:0:0:0:0:0:1 - - [27/Oct/2025:01:54:51 +0900] "GET /admin/drivers/counts HTTP/1.1" 200 50
0:0:0:0:0:0:0:1 - - [27/Oct/2025:01:54:51 +0900] "GET /reservations HTTP/1.1" 200 12
0:0:0:0:0:0:0:1 - - [27/Oct/2025:01:54:51 +0900] "GET /admin/inquiries?status=ANSWERED&page=0&size=2 HTTP/1.1" 200 511
0:0:0:0:0:0:0:1 - - [27/Oct/2025:01:54:56 +0900] "GET /actuator/health?_t=1761497696447 HTTP/1.1" 200 60
0:0:0:0:0:0:0:1 - - [27/Oct/2025:01:55:11 +0900] "GET /actuator/health?_t=1761497711447 HTTP/1.1" 200 60
0:0:0:0:0:0:0:1 - - [27/Oct/2025:01:55:26 +0900] "GET /actuator/health?_t=1761497726448 HTTP/1.1" 200 60
0:0:0:0:0:0:0:1 - - [27/Oct/2025:01:55:41 +0900] "GET /actuator/health?_t=1761497741448 HTTP/1.1" 200 60
0:0:0:0:0:0:0:1 - - [27/Oct/2025:01:55:56 +0900] "GET /actuator/health?_t=1761497756447 HTTP/1.1" 200 60
0:0:0:0:0:0:0:1 - - [27/Oct/2025:01:56:11 +0900] "GET /actuator/health?_t=1761497771448 HTTP/1.1" 200 60
0:0:0:0:0:0:0:1 - - [27/Oct/2025:01:56:26 +0900] "GET /actuator/health?_t=1761497786448 HTTP/1.1" 200 60
0:0:0:0:0:0:0:1 - - [27/Oct/2025:01:56:41 +0900] "GET /actuator/health?_t=1761497801448 HTTP/1.1" 200 60
0:0:0:0:0:0:0:1 - - [27/Oct/2025:01:56:56 +0900] "GET /actuator/health?_t=1761497816448 HTTP/1.1" 200 60
0:0:0:0:0:0:0:1 - - [27/Oct/2025:01:57:11 +0900] "GET /actuator/health?_t=1761497831448 HTTP/1.1" 200 60
0:0:0:0:0:0:0:1 - - [27/Oct/2025:01:57:26 +0900] "GET /actuator/health?_t=1761497846449 HTTP/1.1" 200 60
0:0:0:0:0:0:0:1 - - [27/Oct/2025:01:57:41 +0900] "GET /actuator/health?_t=1761497861449 HTTP/1.1" 200 60
0:0:0:0:0:0:0:1 - - [27/Oct/2025:01:57:56 +0900] "GET /actuator/health?_t=1761497876449 HTTP/1.1" 200 60
0:0:0:0:0:0:0:1 - - [27/Oct/2025:01:58:11 +0900] "GET /actuator/health?_t=1761497891449 HTTP/1.1" 200 60
0:0:0:0:0:0:0:1 - - [27/Oct/2025:01:58:26 +0900] "GET /actuator/health?_t=1761497906449 HTTP/1.1" 200 60
0:0:0:0:0:0:0:1 - - [27/Oct/2025:01:58:41 +0900] "GET /actuator/health?_t=1761497921447 HTTP/1.1" 200 60
0:0:0:0:0:0:0:1 - - [27/Oct/2025:01:58:56 +0900] "GET /actuator/health?_t=1761497936449 HTTP/1.1" 200 60
0:0:0:0:0:0:0:1 - - [27/Oct/2025:01:59:11 +0900] "GET /actuator/health?_t=1761497951450 HTTP/1.1" 200 60
0:0:0:0:0:0:0:1 - - [27/Oct/2025:01:59:22 +0900] "OPTIONS /admin/users/admin/profile-image HTTP/1.1" 200 -
0:0:0:0:0:0:0:1 - - [27/Oct/2025:01:59:22 +0900] "OPTIONS /admin/drivers/counts HTTP/1.1" 200 -
0:0:0:0:0:0:0:1 - - [27/Oct/2025:01:59:22 +0900] "OPTIONS /admin/drivers/pending?page=0&size=5&sort=createdAt,asc HTTP/1.1" 200 -
0:0:0:0:0:0:0:1 - - [27/Oct/2025:01:59:22 +0900] "OPTIONS /admin/inquiries?status=OPEN&page=0&size=5 HTTP/1.1" 200 -
0:0:0:0:0:0:0:1 - - [27/Oct/2025:01:59:22 +0900] "OPTIONS /admin/notices?page=0&size=5&sort=createdAt,desc HTTP/1.1" 200 -
0:0:0:0:0:0:0:1 - - [27/Oct/2025:01:59:22 +0900] "OPTIONS /reservations HTTP/1.1" 200 -
0:0:0:0:0:0:0:1 - - [27/Oct/2025:01:59:22 +0900] "GET /admin/notices?page=0&size=5&sort=createdAt,desc HTTP/1.1" 200 961
0:0:0:0:0:0:0:1 - - [27/Oct/2025:01:59:22 +0900] "GET /admin/drivers/pending?page=0&size=5&sort=createdAt,asc HTTP/1.1" 200 327
0:0:0:0:0:0:0:1 - - [27/Oct/2025:01:59:22 +0900] "GET /admin/inquiries?status=OPEN&page=0&size=5 HTTP/1.1" 200 845
0:0:0:0:0:0:0:1 - - [27/Oct/2025:01:59:22 +0900] "OPTIONS /admin/inquiries?status=ANSWERED&page=0&size=2 HTTP/1.1" 200 -
0:0:0:0:0:0:0:1 - - [27/Oct/2025:01:59:22 +0900] "GET /admin/drivers/counts HTTP/1.1" 200 50
0:0:0:0:0:0:0:1 - - [27/Oct/2025:01:59:22 +0900] "GET /admin/inquiries?status=ANSWERED&page=0&size=2 HTTP/1.1" 200 511
0:0:0:0:0:0:0:1 - - [27/Oct/2025:01:59:22 +0900] "GET /reservations HTTP/1.1" 200 7624
0:0:0:0:0:0:0:1 - - [27/Oct/2025:01:59:22 +0900] "GET /actuator/health?_t=1761497962042 HTTP/1.1" 200 60
0:0:0:0:0:0:0:1 - - [27/Oct/2025:01:59:37 +0900] "GET /actuator/health?_t=1761497977043 HTTP/1.1" 200 60
0:0:0:0:0:0:0:1 - - [27/Oct/2025:01:59:52 +0900] "GET /actuator/health?_t=1761497992043 HTTP/1.1" 200 60
0:0:0:0:0:0:0:1 - - [27/Oct/2025:02:00:07 +0900] "GET /actuator/health?_t=1761498007045 HTTP/1.1" 200 60
0:0:0:0:0:0:0:1 - - [27/Oct/2025:02:00:22 +0900] "GET /actuator/health?_t=1761498022133 HTTP/1.1" 200 60
0:0:0:0:0:0:0:1 - - [27/Oct/2025:02:00:37 +0900] "GET /actuator/health?_t=1761498037127 HTTP/1.1" 200 60
0:0:0:0:0:0:0:1 - - [27/Oct/2025:02:00:52 +0900] "GET /actuator/health?_t=1761498052125 HTTP/1.1" 200 60
0:0:0:0:0:0:0:1 - - [27/Oct/2025:02:01:07 +0900] "GET /actuator/health?_t=1761498067123 HTTP/1.1" 200 60
0:0:0:0:0:0:0:1 - - [27/Oct/2025:02:01:23 +0900] "GET /actuator/health?_t=1761498083133 HTTP/1.1" 200 60
0:0:0:0:0:0:0:1 - - [27/Oct/2025:02:02:23 +0900] "GET /actuator/health?_t=1761498143125 HTTP/1.1" 200 60
0:0:0:0:0:0:0:1 - - [27/Oct/2025:02:03:14 +0900] "GET /actuator/health?_t=1761498194778 HTTP/1.1" 200 60
0:0:0:0:0:0:0:1 - - [27/Oct/2025:02:03:22 +0900] "GET /actuator/health?_t=1761498202046 HTTP/1.1" 200 60
0:0:0:0:0:0:0:1 - - [27/Oct/2025:02:03:37 +0900] "GET /actuator/health?_t=1761498217046 HTTP/1.1" 200 60
0:0:0:0:0:0:0:1 - - [27/Oct/2025:02:03:52 +0900] "GET /actuator/health?_t=1761498232047 HTTP/1.1" 200 60
0:0:0:0:0:0:0:1 - - [27/Oct/2025:02:03:56 +0900] "OPTIONS /admin/users/admin/profile-image HTTP/1.1" 200 -
0:0:0:0:0:0:0:1 - - [27/Oct/2025:02:03:56 +0900] "OPTIONS /admin/drivers/counts HTTP/1.1" 200 -
0:0:0:0:0:0:0:1 - - [27/Oct/2025:02:03:56 +0900] "OPTIONS /admin/drivers/pending?page=0&size=5&sort=createdAt,asc HTTP/1.1" 200 -
0:0:0:0:0:0:0:1 - - [27/Oct/2025:02:03:56 +0900] "OPTIONS /admin/inquiries?status=OPEN&page=0&size=5 HTTP/1.1" 200 -
0:0:0:0:0:0:0:1 - - [27/Oct/2025:02:03:56 +0900] "OPTIONS /admin/notices?page=0&size=5&sort=createdAt,desc HTTP/1.1" 200 -
0:0:0:0:0:0:0:1 - - [27/Oct/2025:02:03:56 +0900] "OPTIONS /reservations/me HTTP/1.1" 200 -
0:0:0:0:0:0:0:1 - - [27/Oct/2025:02:03:56 +0900] "GET /admin/inquiries?status=OPEN&page=0&size=5 HTTP/1.1" 200 845
0:0:0:0:0:0:0:1 - - [27/Oct/2025:02:03:56 +0900] "GET /admin/drivers/pending?page=0&size=5&sort=createdAt,asc HTTP/1.1" 200 327
0:0:0:0:0:0:0:1 - - [27/Oct/2025:02:03:56 +0900] "GET /admin/notices?page=0&size=5&sort=createdAt,desc HTTP/1.1" 200 961
0:0:0:0:0:0:0:1 - - [27/Oct/2025:02:03:56 +0900] "GET /reservations/me HTTP/1.1" 200 12
0:0:0:0:0:0:0:1 - - [27/Oct/2025:02:03:56 +0900] "GET /admin/drivers/counts HTTP/1.1" 200 50
0:0:0:0:0:0:0:1 - - [27/Oct/2025:02:03:56 +0900] "OPTIONS /admin/inquiries?status=ANSWERED&page=0&size=2 HTTP/1.1" 200 -
0:0:0:0:0:0:0:1 - - [27/Oct/2025:02:03:56 +0900] "GET /admin/inquiries?status=ANSWERED&page=0&size=2 HTTP/1.1" 200 511
0:0:0:0:0:0:0:1 - - [27/Oct/2025:02:03:56 +0900] "GET /actuator/health?_t=1761498236605 HTTP/1.1" 200 60
