0:0:0:0:0:0:0:1 - - [21/Oct/2025:14:19:38 +0900] "OPTIONS /auth/login HTTP/1.1" 200 -
0:0:0:0:0:0:0:1 - - [21/Oct/2025:14:19:39 +0900] "POST /auth/login HTTP/1.1" 200 459
0:0:0:0:0:0:0:1 - - [21/Oct/2025:14:19:39 +0900] "OPTIONS /users/me HTTP/1.1" 200 -
0:0:0:0:0:0:0:1 - - [21/Oct/2025:14:19:39 +0900] "GET /users/me HTTP/1.1" 200 252
0:0:0:0:0:0:0:1 - - [21/Oct/2025:14:20:03 +0900] "OPTIONS /admin/drivers/pending?search=&size=50 HTTP/1.1" 200 -
0:0:0:0:0:0:0:1 - - [21/Oct/2025:14:20:04 +0900] "GET /admin/drivers/pending?search=&size=50 HTTP/1.1" 200 329
0:0:0:0:0:0:0:1 - - [21/Oct/2025:14:20:05 +0900] "GET /admin/drivers/pending?search=&size=50 HTTP/1.1" 200 329
0:0:0:0:0:0:0:1 - - [21/Oct/2025:14:20:05 +0900] "GET /admin/drivers/pending?search=&size=50 HTTP/1.1" 200 329
0:0:0:0:0:0:0:1 - - [21/Oct/2025:14:20:08 +0900] "GET /admin/drivers/pending?search=&size=50 HTTP/1.1" 200 329
0:0:0:0:0:0:0:1 - - [21/Oct/2025:14:20:08 +0900] "GET /admin/drivers/pending?search=&size=50 HTTP/1.1" 200 329
0:0:0:0:0:0:0:1 - - [21/Oct/2025:14:20:09 +0900] "OPTIONS /admin/drivers/pending?search=&size=50 HTTP/1.1" 200 -
0:0:0:0:0:0:0:1 - - [21/Oct/2025:14:20:09 +0900] "GET /admin/drivers/pending?search=&size=50 HTTP/1.1" 200 329
0:0:0:0:0:0:0:1 - - [21/Oct/2025:14:22:07 +0900] "OPTIONS /admin/drivers/pending?search=&size=50 HTTP/1.1" 200 -
0:0:0:0:0:0:0:1 - - [21/Oct/2025:14:22:07 +0900] "GET /admin/drivers/pending?search=&size=50 HTTP/1.1" 200 329
0:0:0:0:0:0:0:1 - - [21/Oct/2025:14:22:07 +0900] "GET /admin/drivers/pending?search=&size=50 HTTP/1.1" 200 329
0:0:0:0:0:0:0:1 - - [21/Oct/2025:14:22:09 +0900] "GET /admin/drivers/pending?search=&size=50 HTTP/1.1" 200 329
0:0:0:0:0:0:0:1 - - [21/Oct/2025:14:22:10 +0900] "GET /admin/drivers/pending?search=&size=50 HTTP/1.1" 200 329
0:0:0:0:0:0:0:1 - - [21/Oct/2025:14:22:11 +0900] "GET /admin/drivers/pending?search=&size=50 HTTP/1.1" 200 329
0:0:0:0:0:0:0:1 - - [21/Oct/2025:14:22:12 +0900] "OPTIONS /admin/drivers/pending?search=&size=50 HTTP/1.1" 200 -
0:0:0:0:0:0:0:1 - - [21/Oct/2025:14:22:12 +0900] "GET /admin/drivers/pending?search=&size=50 HTTP/1.1" 200 329
0:0:0:0:0:0:0:1 - - [21/Oct/2025:14:22:23 +0900] "OPTIONS /admin/drivers/pending?search=&size=50 HTTP/1.1" 200 -
0:0:0:0:0:0:0:1 - - [21/Oct/2025:14:22:23 +0900] "GET /admin/drivers/pending?search=&size=50 HTTP/1.1" 200 329
0:0:0:0:0:0:0:1 - - [21/Oct/2025:14:22:26 +0900] "GET /admin/drivers/pending?search=&size=50 HTTP/1.1" 200 329
0:0:0:0:0:0:0:1 - - [21/Oct/2025:14:22:43 +0900] "OPTIONS /admin/drivers/pending?search=&size=50 HTTP/1.1" 200 -
0:0:0:0:0:0:0:1 - - [21/Oct/2025:14:22:43 +0900] "GET /admin/drivers/pending?search=&size=50 HTTP/1.1" 200 329
0:0:0:0:0:0:0:1 - - [21/Oct/2025:14:23:00 +0900] "OPTIONS /admin/drivers/pending?search=&size=50 HTTP/1.1" 200 -
0:0:0:0:0:0:0:1 - - [21/Oct/2025:14:23:00 +0900] "GET /admin/drivers/pending?search=&size=50 HTTP/1.1" 200 329
0:0:0:0:0:0:0:1 - - [21/Oct/2025:14:23:25 +0900] "OPTIONS /admin/drivers/pending?search=&size=50 HTTP/1.1" 200 -
0:0:0:0:0:0:0:1 - - [21/Oct/2025:14:23:25 +0900] "GET /admin/drivers/pending?search=&size=50 HTTP/1.1" 200 329
0:0:0:0:0:0:0:1 - - [21/Oct/2025:14:23:26 +0900] "GET /admin/drivers/pending?search=&size=50 HTTP/1.1" 200 329
0:0:0:0:0:0:0:1 - - [21/Oct/2025:14:23:26 +0900] "GET /admin/drivers/pending?search=&size=50 HTTP/1.1" 200 329
0:0:0:0:0:0:0:1 - - [21/Oct/2025:14:23:26 +0900] "GET /admin/drivers/pending?search=&size=50 HTTP/1.1" 200 329
0:0:0:0:0:0:0:1 - - [21/Oct/2025:14:23:26 +0900] "GET /admin/drivers/pending?search=&size=50 HTTP/1.1" 200 329
0:0:0:0:0:0:0:1 - - [21/Oct/2025:14:23:28 +0900] "GET /admin/drivers/pending?search=&size=50 HTTP/1.1" 200 329
0:0:0:0:0:0:0:1 - - [21/Oct/2025:14:23:40 +0900] "OPTIONS /admin/drivers/pending?search=&size=50 HTTP/1.1" 200 -
0:0:0:0:0:0:0:1 - - [21/Oct/2025:14:23:40 +0900] "GET /admin/drivers/pending?search=&size=50 HTTP/1.1" 200 544
0:0:0:0:0:0:0:1 - - [21/Oct/2025:14:23:43 +0900] "GET /admin/drivers/pending?search=&size=50 HTTP/1.1" 200 544
0:0:0:0:0:0:0:1 - - [21/Oct/2025:14:23:49 +0900] "OPTIONS /admin/drivers/pending?search=&size=50 HTTP/1.1" 200 -
0:0:0:0:0:0:0:1 - - [21/Oct/2025:14:23:49 +0900] "GET /admin/drivers/pending?search=&size=50 HTTP/1.1" 200 544
0:0:0:0:0:0:0:1 - - [21/Oct/2025:14:24:24 +0900] "OPTIONS /admin/drivers/pending?search=&size=50 HTTP/1.1" 200 -
0:0:0:0:0:0:0:1 - - [21/Oct/2025:14:24:24 +0900] "GET /admin/drivers/pending?search=&size=50 HTTP/1.1" 200 544
0:0:0:0:0:0:0:1 - - [21/Oct/2025:14:24:26 +0900] "GET /admin/drivers/pending?search=&size=50 HTTP/1.1" 200 544
0:0:0:0:0:0:0:1 - - [21/Oct/2025:14:24:27 +0900] "GET /admin/drivers/pending?search=&size=50 HTTP/1.1" 200 544
0:0:0:0:0:0:0:1 - - [21/Oct/2025:14:24:28 +0900] "GET /admin/drivers/pending?search=&size=50 HTTP/1.1" 200 544
0:0:0:0:0:0:0:1 - - [21/Oct/2025:14:24:32 +0900] "OPTIONS /admin/drivers/pending?search=&size=50 HTTP/1.1" 200 -
0:0:0:0:0:0:0:1 - - [21/Oct/2025:14:24:32 +0900] "GET /admin/drivers/pending?search=&size=50 HTTP/1.1" 200 544
0:0:0:0:0:0:0:1 - - [21/Oct/2025:14:24:33 +0900] "GET /admin/drivers/pending?search=&size=50 HTTP/1.1" 200 544
0:0:0:0:0:0:0:1 - - [21/Oct/2025:14:24:36 +0900] "GET /admin/drivers/pending?search=&size=50 HTTP/1.1" 200 544
0:0:0:0:0:0:0:1 - - [21/Oct/2025:14:25:22 +0900] "OPTIONS /admin/drivers/pending?search=&size=50 HTTP/1.1" 200 -
0:0:0:0:0:0:0:1 - - [21/Oct/2025:14:25:22 +0900] "GET /admin/drivers/pending?search=&size=50 HTTP/1.1" 200 544
0:0:0:0:0:0:0:1 - - [21/Oct/2025:14:25:46 +0900] "OPTIONS /admin/drivers/pending?search=&size=50 HTTP/1.1" 200 -
0:0:0:0:0:0:0:1 - - [21/Oct/2025:14:25:46 +0900] "GET /admin/drivers/pending?search=&size=50 HTTP/1.1" 200 544
0:0:0:0:0:0:0:1 - - [21/Oct/2025:14:25:53 +0900] "OPTIONS /admin/drivers/pending?search=&size=50 HTTP/1.1" 200 -
0:0:0:0:0:0:0:1 - - [21/Oct/2025:14:25:53 +0900] "GET /admin/drivers/pending?search=&size=50 HTTP/1.1" 200 544
0:0:0:0:0:0:0:1 - - [21/Oct/2025:14:25:55 +0900] "GET /admin/drivers/pending?search=&size=50 HTTP/1.1" 200 544
0:0:0:0:0:0:0:1 - - [21/Oct/2025:14:25:59 +0900] "OPTIONS /admin/drivers/pending?search=&size=50 HTTP/1.1" 200 -
0:0:0:0:0:0:0:1 - - [21/Oct/2025:14:25:59 +0900] "GET /admin/drivers/pending?search=&size=50 HTTP/1.1" 200 544
0:0:0:0:0:0:0:1 - - [21/Oct/2025:14:26:57 +0900] "OPTIONS /admin/drivers/pending?search=&size=50 HTTP/1.1" 200 -
0:0:0:0:0:0:0:1 - - [21/Oct/2025:14:26:58 +0900] "GET /admin/drivers/pending?search=&size=50 HTTP/1.1" 200 544
0:0:0:0:0:0:0:1 - - [21/Oct/2025:14:28:04 +0900] "OPTIONS /admin/drivers/pending?search=&size=50 HTTP/1.1" 200 -
0:0:0:0:0:0:0:1 - - [21/Oct/2025:14:28:04 +0900] "GET /admin/drivers/pending?search=&size=50 HTTP/1.1" 200 544
0:0:0:0:0:0:0:1 - - [21/Oct/2025:14:28:05 +0900] "GET /admin/drivers/pending?search=&size=50 HTTP/1.1" 200 544
0:0:0:0:0:0:0:1 - - [21/Oct/2025:14:28:51 +0900] "OPTIONS /admin/drivers/pending?search=&size=50 HTTP/1.1" 200 -
0:0:0:0:0:0:0:1 - - [21/Oct/2025:14:28:51 +0900] "GET /admin/drivers/pending?search=&size=50 HTTP/1.1" 200 544
0:0:0:0:0:0:0:1 - - [21/Oct/2025:14:28:51 +0900] "GET /admin/drivers/pending?search=&size=50 HTTP/1.1" 200 544
0:0:0:0:0:0:0:1 - - [21/Oct/2025:14:35:09 +0900] "OPTIONS /auth/logout HTTP/1.1" 200 -
0:0:0:0:0:0:0:1 - - [21/Oct/2025:14:35:09 +0900] "POST /auth/logout HTTP/1.1" 200 45
0:0:0:0:0:0:0:1 - - [21/Oct/2025:14:35:25 +0900] "OPTIONS /auth/login HTTP/1.1" 200 -
0:0:0:0:0:0:0:1 - - [21/Oct/2025:14:35:25 +0900] "POST /auth/login HTTP/1.1" 200 459
0:0:0:0:0:0:0:1 - - [21/Oct/2025:14:35:25 +0900] "OPTIONS /users/me HTTP/1.1" 200 -
0:0:0:0:0:0:0:1 - - [21/Oct/2025:14:35:26 +0900] "GET /users/me HTTP/1.1" 200 252
0:0:0:0:0:0:0:1 - - [21/Oct/2025:14:35:26 +0900] "OPTIONS /admin/drivers/pending?search=&size=50 HTTP/1.1" 200 -
0:0:0:0:0:0:0:1 - - [21/Oct/2025:14:35:26 +0900] "GET /admin/drivers/pending?search=&size=50 HTTP/1.1" 200 544
0:0:0:0:0:0:0:1 - - [21/Oct/2025:14:35:37 +0900] "OPTIONS /admin/drivers/pending?search=&size=50 HTTP/1.1" 200 -
0:0:0:0:0:0:0:1 - - [21/Oct/2025:14:35:37 +0900] "GET /admin/drivers/pending?search=&size=50 HTTP/1.1" 200 544
0:0:0:0:0:0:0:1 - - [21/Oct/2025:14:39:56 +0900] "OPTIONS /admin/drivers/pending?search=&size=50 HTTP/1.1" 200 -
0:0:0:0:0:0:0:1 - - [21/Oct/2025:14:39:56 +0900] "GET /admin/drivers/pending?search=&size=50 HTTP/1.1" 200 544
0:0:0:0:0:0:0:1 - - [21/Oct/2025:14:39:57 +0900] "GET /admin/drivers/pending?search=&size=50 HTTP/1.1" 200 544
0:0:0:0:0:0:0:1 - - [21/Oct/2025:14:42:37 +0900] "OPTIONS /admin/drivers/pending?search=&size=50 HTTP/1.1" 200 -
0:0:0:0:0:0:0:1 - - [21/Oct/2025:14:42:37 +0900] "GET /admin/drivers/pending?search=&size=50 HTTP/1.1" 200 544
0:0:0:0:0:0:0:1 - - [21/Oct/2025:14:42:39 +0900] "GET /admin/drivers/pending?search=&size=50 HTTP/1.1" 200 544
0:0:0:0:0:0:0:1 - - [21/Oct/2025:14:44:16 +0900] "OPTIONS /admin/drivers/pending?search=&size=50 HTTP/1.1" 200 -
0:0:0:0:0:0:0:1 - - [21/Oct/2025:14:44:16 +0900] "GET /admin/drivers/pending?search=&size=50 HTTP/1.1" 200 544
0:0:0:0:0:0:0:1 - - [21/Oct/2025:14:44:17 +0900] "GET /admin/drivers/pending?search=&size=50 HTTP/1.1" 200 544
0:0:0:0:0:0:0:1 - - [21/Oct/2025:14:44:19 +0900] "GET /admin/drivers/pending?search=&size=50 HTTP/1.1" 200 544
0:0:0:0:0:0:0:1 - - [21/Oct/2025:14:44:49 +0900] "OPTIONS /admin/drivers/pending?search=&size=50 HTTP/1.1" 200 -
0:0:0:0:0:0:0:1 - - [21/Oct/2025:14:44:49 +0900] "GET /admin/drivers/pending?search=&size=50 HTTP/1.1" 200 544
0:0:0:0:0:0:0:1 - - [21/Oct/2025:14:44:50 +0900] "GET /admin/drivers/pending?search=&size=50 HTTP/1.1" 200 544
0:0:0:0:0:0:0:1 - - [21/Oct/2025:14:59:08 +0900] "OPTIONS /admin/drivers/pending?search=&size=50 HTTP/1.1" 200 -
0:0:0:0:0:0:0:1 - - [21/Oct/2025:14:59:08 +0900] "GET /admin/drivers/pending?search=&size=50 HTTP/1.1" 200 544
0:0:0:0:0:0:0:1 - - [21/Oct/2025:14:59:10 +0900] "GET /admin/drivers/pending?search=&size=50 HTTP/1.1" 200 544
0:0:0:0:0:0:0:1 - - [21/Oct/2025:14:59:15 +0900] "OPTIONS /admin/drivers/pending?search=&size=50 HTTP/1.1" 200 -
0:0:0:0:0:0:0:1 - - [21/Oct/2025:14:59:15 +0900] "GET /admin/drivers/pending?search=&size=50 HTTP/1.1" 200 544
0:0:0:0:0:0:0:1 - - [21/Oct/2025:14:59:18 +0900] "OPTIONS /auth/logout HTTP/1.1" 200 -
0:0:0:0:0:0:0:1 - - [21/Oct/2025:14:59:18 +0900] "POST /auth/logout HTTP/1.1" 200 45
0:0:0:0:0:0:0:1 - - [21/Oct/2025:14:59:34 +0900] "OPTIONS /auth/login HTTP/1.1" 200 -
0:0:0:0:0:0:0:1 - - [21/Oct/2025:14:59:34 +0900] "POST /auth/login HTTP/1.1" 401 -
0:0:0:0:0:0:0:1 - - [21/Oct/2025:14:59:39 +0900] "OPTIONS /auth/login HTTP/1.1" 200 -
0:0:0:0:0:0:0:1 - - [21/Oct/2025:14:59:39 +0900] "POST /auth/login HTTP/1.1" 200 459
0:0:0:0:0:0:0:1 - - [21/Oct/2025:14:59:39 +0900] "OPTIONS /users/me HTTP/1.1" 200 -
0:0:0:0:0:0:0:1 - - [21/Oct/2025:14:59:39 +0900] "GET /users/me HTTP/1.1" 200 252
0:0:0:0:0:0:0:1 - - [21/Oct/2025:14:59:48 +0900] "OPTIONS /admin/drivers/pending?search=&size=50 HTTP/1.1" 200 -
0:0:0:0:0:0:0:1 - - [21/Oct/2025:14:59:48 +0900] "GET /admin/drivers/pending?search=&size=50 HTTP/1.1" 200 544
0:0:0:0:0:0:0:1 - - [21/Oct/2025:15:49:35 +0900] "OPTIONS /admin/drivers/pending?search=&size=50 HTTP/1.1" 200 -
0:0:0:0:0:0:0:1 - - [21/Oct/2025:15:49:35 +0900] "GET /admin/drivers/pending?search=&size=50 HTTP/1.1" 200 544
0:0:0:0:0:0:0:1 - - [21/Oct/2025:15:50:46 +0900] "OPTIONS /admin/drivers/pending?search=&size=50 HTTP/1.1" 200 -
0:0:0:0:0:0:0:1 - - [21/Oct/2025:15:50:46 +0900] "GET /admin/drivers/pending?search=&size=50 HTTP/1.1" 200 544
0:0:0:0:0:0:0:1 - - [21/Oct/2025:15:50:48 +0900] "OPTIONS /admin/drivers/driver07/license HTTP/1.1" 200 -
0:0:0:0:0:0:0:1 - - [21/Oct/2025:15:50:48 +0900] "GET /admin/drivers/driver07/license HTTP/1.1" 200 63365
0:0:0:0:0:0:0:1 - - [21/Oct/2025:15:50:52 +0900] "GET /admin/drivers/driver07/license HTTP/1.1" 200 63365
0:0:0:0:0:0:0:1 - - [21/Oct/2025:15:50:54 +0900] "OPTIONS /admin/drivers/driver07/license HTTP/1.1" 200 -
0:0:0:0:0:0:0:1 - - [21/Oct/2025:15:50:54 +0900] "GET /admin/drivers/driver07/license HTTP/1.1" 200 63365
0:0:0:0:0:0:0:1 - - [21/Oct/2025:15:57:24 +0900] "OPTIONS /admin/drivers/pending?search=&size=50 HTTP/1.1" 200 -
0:0:0:0:0:0:0:1 - - [21/Oct/2025:15:57:24 +0900] "GET /admin/drivers/pending?search=&size=50 HTTP/1.1" 200 544
0:0:0:0:0:0:0:1 - - [21/Oct/2025:15:57:27 +0900] "OPTIONS /admin/drivers/driver07/license HTTP/1.1" 200 -
0:0:0:0:0:0:0:1 - - [21/Oct/2025:15:57:27 +0900] "GET /admin/drivers/driver07/license HTTP/1.1" 200 63365
0:0:0:0:0:0:0:1 - - [21/Oct/2025:15:57:27 +0900] "OPTIONS /admin/drivers/driver07/license/info HTTP/1.1" 200 -
0:0:0:0:0:0:0:1 - - [21/Oct/2025:15:57:27 +0900] "GET /admin/drivers/driver07/license/info HTTP/1.1" 404 10815
0:0:0:0:0:0:0:1 - - [21/Oct/2025:15:58:20 +0900] "OPTIONS /admin/drivers/driver07/license HTTP/1.1" 200 -
0:0:0:0:0:0:0:1 - - [21/Oct/2025:15:58:20 +0900] "GET /admin/drivers/driver07/license HTTP/1.1" 200 63365
0:0:0:0:0:0:0:1 - - [21/Oct/2025:15:58:20 +0900] "OPTIONS /admin/drivers/driver07/license/info HTTP/1.1" 200 -
0:0:0:0:0:0:0:1 - - [21/Oct/2025:15:58:20 +0900] "GET /admin/drivers/driver07/license/info HTTP/1.1" 404 10815
0:0:0:0:0:0:0:1 - - [21/Oct/2025:15:58:35 +0900] "OPTIONS /admin/drivers/driver07/license HTTP/1.1" 200 -
0:0:0:0:0:0:0:1 - - [21/Oct/2025:15:58:35 +0900] "GET /admin/drivers/driver07/license HTTP/1.1" 200 63365
0:0:0:0:0:0:0:1 - - [21/Oct/2025:15:58:35 +0900] "OPTIONS /admin/drivers/driver07/license/info HTTP/1.1" 200 -
0:0:0:0:0:0:0:1 - - [21/Oct/2025:15:58:35 +0900] "GET /admin/drivers/driver07/license/info HTTP/1.1" 404 10815
0:0:0:0:0:0:0:1 - - [21/Oct/2025:16:08:53 +0900] "OPTIONS /admin/drivers/driver07/license HTTP/1.1" 200 -
0:0:0:0:0:0:0:1 - - [21/Oct/2025:16:08:53 +0900] "GET /admin/drivers/driver07/license HTTP/1.1" 401 24
0:0:0:0:0:0:0:1 - - [21/Oct/2025:16:08:53 +0900] "OPTIONS /auth/refresh?refreshToken=eyJhbGciOiJIUzI1NiJ9.eyJzdWIiOiJkcml2ZXIwMSIsImF1ZCI6IkFETUlOX0FQUCIsInJvbGUiOiJST0xFX0FETUlOIiwiaWF0IjoxNzYxMDI2Mzc5LCJleHAiOjE3Njg4MDIzNzl9.Xam4D00FpIeQ20oFaNcdaZF6yfVtv8U8ySlL4rhiMX8&clientType=ADMIN_APP&deviceId=web-1ff2ac0c-caa8-447f-b149-619416ab19ac HTTP/1.1" 200 -
0:0:0:0:0:0:0:1 - - [21/Oct/2025:16:08:53 +0900] "POST /auth/refresh?refreshToken=eyJhbGciOiJIUzI1NiJ9.eyJzdWIiOiJkcml2ZXIwMSIsImF1ZCI6IkFETUlOX0FQUCIsInJvbGUiOiJST0xFX0FETUlOIiwiaWF0IjoxNzYxMDI2Mzc5LCJleHAiOjE3Njg4MDIzNzl9.Xam4D00FpIeQ20oFaNcdaZF6yfVtv8U8ySlL4rhiMX8&clientType=ADMIN_APP&deviceId=web-1ff2ac0c-caa8-447f-b149-619416ab19ac HTTP/1.1" 200 459
0:0:0:0:0:0:0:1 - - [21/Oct/2025:16:08:53 +0900] "GET /admin/drivers/driver07/license HTTP/1.1" 200 63365
0:0:0:0:0:0:0:1 - - [21/Oct/2025:16:08:53 +0900] "OPTIONS /admin/drivers/driver07/license/info HTTP/1.1" 200 -
0:0:0:0:0:0:0:1 - - [21/Oct/2025:16:08:53 +0900] "GET /admin/drivers/driver07/license/info HTTP/1.1" 200 134
0:0:0:0:0:0:0:1 - - [21/Oct/2025:16:08:59 +0900] "OPTIONS /admin/drivers/driver07/license HTTP/1.1" 200 -
0:0:0:0:0:0:0:1 - - [21/Oct/2025:16:08:59 +0900] "GET /admin/drivers/driver07/license HTTP/1.1" 200 63365
0:0:0:0:0:0:0:1 - - [21/Oct/2025:16:08:59 +0900] "OPTIONS /admin/drivers/driver07/license/info HTTP/1.1" 200 -
0:0:0:0:0:0:0:1 - - [21/Oct/2025:16:08:59 +0900] "GET /admin/drivers/driver07/license/info HTTP/1.1" 200 134
0:0:0:0:0:0:0:1 - - [21/Oct/2025:16:14:36 +0900] "OPTIONS /admin/drivers/pending?search=&size=50 HTTP/1.1" 200 -
0:0:0:0:0:0:0:1 - - [21/Oct/2025:16:14:36 +0900] "GET /admin/drivers/pending?search=&size=50 HTTP/1.1" 200 544
0:0:0:0:0:0:0:1 - - [21/Oct/2025:16:14:40 +0900] "GET /admin/drivers/pending?search=&size=50 HTTP/1.1" 200 544
0:0:0:0:0:0:0:1 - - [21/Oct/2025:16:14:41 +0900] "OPTIONS /admin/drivers/driver07/license HTTP/1.1" 200 -
0:0:0:0:0:0:0:1 - - [21/Oct/2025:16:14:41 +0900] "GET /admin/drivers/driver07/license HTTP/1.1" 200 63365
0:0:0:0:0:0:0:1 - - [21/Oct/2025:16:14:41 +0900] "OPTIONS /admin/drivers/driver07/license/info HTTP/1.1" 200 -
0:0:0:0:0:0:0:1 - - [21/Oct/2025:16:14:41 +0900] "GET /admin/drivers/driver07/license/info HTTP/1.1" 200 134
0:0:0:0:0:0:0:1 - - [21/Oct/2025:16:15:49 +0900] "OPTIONS /admin/drivers/pending?search=&size=50 HTTP/1.1" 200 -
0:0:0:0:0:0:0:1 - - [21/Oct/2025:16:15:49 +0900] "GET /admin/drivers/pending?search=&size=50 HTTP/1.1" 200 544
0:0:0:0:0:0:0:1 - - [21/Oct/2025:16:15:50 +0900] "OPTIONS /admin/drivers/driver07/license HTTP/1.1" 200 -
0:0:0:0:0:0:0:1 - - [21/Oct/2025:16:15:50 +0900] "GET /admin/drivers/driver07/license HTTP/1.1" 200 63365
0:0:0:0:0:0:0:1 - - [21/Oct/2025:16:15:50 +0900] "OPTIONS /admin/drivers/driver07/license/info HTTP/1.1" 200 -
0:0:0:0:0:0:0:1 - - [21/Oct/2025:16:15:50 +0900] "GET /admin/drivers/driver07/license/info HTTP/1.1" 200 134
0:0:0:0:0:0:0:1 - - [21/Oct/2025:16:22:30 +0900] "OPTIONS /admin/drivers/pending?search=&size=50 HTTP/1.1" 200 -
0:0:0:0:0:0:0:1 - - [21/Oct/2025:16:22:30 +0900] "GET /admin/drivers/pending?search=&size=50 HTTP/1.1" 200 544
0:0:0:0:0:0:0:1 - - [21/Oct/2025:16:22:34 +0900] "OPTIONS /admin/drivers/driver07/license HTTP/1.1" 200 -
0:0:0:0:0:0:0:1 - - [21/Oct/2025:16:22:34 +0900] "GET /admin/drivers/driver07/license HTTP/1.1" 200 63365
0:0:0:0:0:0:0:1 - - [21/Oct/2025:16:22:34 +0900] "OPTIONS /admin/drivers/driver07/license/info HTTP/1.1" 200 -
0:0:0:0:0:0:0:1 - - [21/Oct/2025:16:22:35 +0900] "GET /admin/drivers/driver07/license/info HTTP/1.1" 200 134
0:0:0:0:0:0:0:1 - - [21/Oct/2025:16:22:37 +0900] "GET /admin/drivers/driver07/license HTTP/1.1" 200 63365
0:0:0:0:0:0:0:1 - - [21/Oct/2025:16:22:37 +0900] "GET /admin/drivers/driver07/license/info HTTP/1.1" 200 134
0:0:0:0:0:0:0:1 - - [21/Oct/2025:16:27:24 +0900] "OPTIONS /admin/drivers/pending?search=&size=50 HTTP/1.1" 200 -
0:0:0:0:0:0:0:1 - - [21/Oct/2025:16:27:24 +0900] "GET /admin/drivers/pending?search=&size=50 HTTP/1.1" 200 544
0:0:0:0:0:0:0:1 - - [21/Oct/2025:16:28:20 +0900] "OPTIONS /admin/drivers/pending?search=&size=10&page=0 HTTP/1.1" 200 -
0:0:0:0:0:0:0:1 - - [21/Oct/2025:16:28:20 +0900] "GET /admin/drivers/pending?search=&size=10&page=0 HTTP/1.1" 200 544
0:0:0:0:0:0:0:1 - - [21/Oct/2025:16:28:23 +0900] "GET /admin/drivers/pending?search=&size=10&page=0 HTTP/1.1" 200 544
0:0:0:0:0:0:0:1 - - [21/Oct/2025:16:28:24 +0900] "GET /admin/drivers/pending?search=&size=10&page=0 HTTP/1.1" 200 544
0:0:0:0:0:0:0:1 - - [21/Oct/2025:16:28:25 +0900] "GET /admin/drivers/pending?search=&size=10&page=0 HTTP/1.1" 200 544
0:0:0:0:0:0:0:1 - - [21/Oct/2025:16:28:25 +0900] "OPTIONS /admin/drivers/pending?search=&size=10&page=0 HTTP/1.1" 200 -
0:0:0:0:0:0:0:1 - - [21/Oct/2025:16:28:25 +0900] "GET /admin/drivers/pending?search=&size=10&page=0 HTTP/1.1" 200 544
0:0:0:0:0:0:0:1 - - [21/Oct/2025:16:28:25 +0900] "GET /admin/drivers/pending?search=&size=10&page=0 HTTP/1.1" 200 544
0:0:0:0:0:0:0:1 - - [21/Oct/2025:16:28:26 +0900] "GET /admin/drivers/pending?search=&size=10&page=0 HTTP/1.1" 200 544
0:0:0:0:0:0:0:1 - - [21/Oct/2025:16:28:26 +0900] "OPTIONS /admin/drivers/driver07/license HTTP/1.1" 200 -
0:0:0:0:0:0:0:1 - - [21/Oct/2025:16:28:26 +0900] "GET /admin/drivers/driver07/license HTTP/1.1" 200 63365
0:0:0:0:0:0:0:1 - - [21/Oct/2025:16:28:26 +0900] "OPTIONS /admin/drivers/driver07/license/info HTTP/1.1" 200 -
0:0:0:0:0:0:0:1 - - [21/Oct/2025:16:28:27 +0900] "GET /admin/drivers/driver07/license/info HTTP/1.1" 200 134
127.0.0.1 - - [21/Oct/2025:16:46:06 +0900] "OPTIONS /admin/drivers/pending?search=&size=10&page=0 HTTP/1.1" 200 -
127.0.0.1 - - [21/Oct/2025:16:46:06 +0900] "OPTIONS /admin/drivers/pending?search=&size=10&page=0 HTTP/1.1" 200 -
127.0.0.1 - - [21/Oct/2025:16:46:06 +0900] "OPTIONS /admin/drivers/pending?search=&size=10&page=0 HTTP/1.1" 200 -
127.0.0.1 - - [21/Oct/2025:16:46:06 +0900] "GET /admin/drivers/pending?search=&size=10&page=0 HTTP/1.1" 200 544
127.0.0.1 - - [21/Oct/2025:16:46:07 +0900] "GET /admin/drivers/pending?search=&size=10&page=0 HTTP/1.1" 200 544
0:0:0:0:0:0:0:1 - - [21/Oct/2025:16:48:45 +0900] "OPTIONS /admin/drivers/pending?search=&size=10&page=0 HTTP/1.1" 200 -
0:0:0:0:0:0:0:1 - - [21/Oct/2025:16:48:45 +0900] "GET /admin/drivers/pending?search=&size=10&page=0 HTTP/1.1" 200 544
0:0:0:0:0:0:0:1 - - [21/Oct/2025:16:48:46 +0900] "GET /admin/drivers/pending?search=&size=10&page=0 HTTP/1.1" 200 544
0:0:0:0:0:0:0:1 - - [21/Oct/2025:16:48:47 +0900] "OPTIONS /admin/drivers/driver07/license HTTP/1.1" 200 -
0:0:0:0:0:0:0:1 - - [21/Oct/2025:16:48:47 +0900] "GET /admin/drivers/driver07/license HTTP/1.1" 200 63365
0:0:0:0:0:0:0:1 - - [21/Oct/2025:16:48:47 +0900] "OPTIONS /admin/drivers/driver07/license/info HTTP/1.1" 200 -
0:0:0:0:0:0:0:1 - - [21/Oct/2025:16:48:47 +0900] "GET /admin/drivers/driver07/license/info HTTP/1.1" 200 134
0:0:0:0:0:0:0:1 - - [21/Oct/2025:16:51:31 +0900] "OPTIONS /admin/drivers/driver07/license HTTP/1.1" 200 -
0:0:0:0:0:0:0:1 - - [21/Oct/2025:16:51:31 +0900] "GET /admin/drivers/driver07/license HTTP/1.1" 200 63365
0:0:0:0:0:0:0:1 - - [21/Oct/2025:16:51:31 +0900] "OPTIONS /admin/drivers/driver07/license/info HTTP/1.1" 200 -
0:0:0:0:0:0:0:1 - - [21/Oct/2025:16:51:31 +0900] "GET /admin/drivers/driver07/license/info HTTP/1.1" 200 134
0:0:0:0:0:0:0:1 - - [21/Oct/2025:16:53:12 +0900] "OPTIONS /admin/drivers/pending?search=&size=10&page=0 HTTP/1.1" 200 -
0:0:0:0:0:0:0:1 - - [21/Oct/2025:16:53:12 +0900] "GET /admin/drivers/pending?search=&size=10&page=0 HTTP/1.1" 200 544
0:0:0:0:0:0:0:1 - - [21/Oct/2025:16:54:20 +0900] "OPTIONS /admin/drivers/pending?search=&size=10&page=0 HTTP/1.1" 200 -
0:0:0:0:0:0:0:1 - - [21/Oct/2025:16:54:20 +0900] "GET /admin/drivers/pending?search=&size=10&page=0 HTTP/1.1" 200 544
0:0:0:0:0:0:0:1 - - [21/Oct/2025:16:54:23 +0900] "OPTIONS /admin/drivers/driver07/approve HTTP/1.1" 200 -
0:0:0:0:0:0:0:1 - - [21/Oct/2025:16:54:23 +0900] "POST /admin/drivers/driver07/approve HTTP/1.1" 200 42
0:0:0:0:0:0:0:1 - - [21/Oct/2025:16:54:23 +0900] "GET /admin/drivers/pending?search=&size=10&page=0 HTTP/1.1" 200 329
0:0:0:0:0:0:0:1 - - [21/Oct/2025:16:55:38 +0900] "OPTIONS /admin/drivers/pending?search=&size=10&page=0 HTTP/1.1" 200 -
0:0:0:0:0:0:0:1 - - [21/Oct/2025:16:55:38 +0900] "GET /admin/drivers/pending?search=&size=10&page=0 HTTP/1.1" 200 544
0:0:0:0:0:0:0:1 - - [21/Oct/2025:16:55:39 +0900] "OPTIONS /admin/drivers/driver07/license HTTP/1.1" 200 -
0:0:0:0:0:0:0:1 - - [21/Oct/2025:16:55:40 +0900] "GET /admin/drivers/driver07/license HTTP/1.1" 200 63365
0:0:0:0:0:0:0:1 - - [21/Oct/2025:16:55:40 +0900] "OPTIONS /admin/drivers/driver07/license/info HTTP/1.1" 200 -
0:0:0:0:0:0:0:1 - - [21/Oct/2025:16:55:40 +0900] "GET /admin/drivers/driver07/license/info HTTP/1.1" 200 134
0:0:0:0:0:0:0:1 - - [21/Oct/2025:16:56:41 +0900] "OPTIONS /admin/drivers/driver07/license HTTP/1.1" 200 -
0:0:0:0:0:0:0:1 - - [21/Oct/2025:16:56:42 +0900] "GET /admin/drivers/driver07/license HTTP/1.1" 200 63365
0:0:0:0:0:0:0:1 - - [21/Oct/2025:16:56:42 +0900] "OPTIONS /admin/drivers/driver07/license/info HTTP/1.1" 200 -
0:0:0:0:0:0:0:1 - - [21/Oct/2025:16:56:42 +0900] "GET /admin/drivers/driver07/license/info HTTP/1.1" 200 134
0:0:0:0:0:0:0:1 - - [21/Oct/2025:16:57:56 +0900] "OPTIONS /admin/drivers/pending?search=&size=10&page=0 HTTP/1.1" 200 -
0:0:0:0:0:0:0:1 - - [21/Oct/2025:16:57:56 +0900] "GET /admin/drivers/pending?search=&size=10&page=0 HTTP/1.1" 200 544
0:0:0:0:0:0:0:1 - - [21/Oct/2025:16:57:58 +0900] "GET /admin/drivers/pending?search=&size=10&page=0 HTTP/1.1" 200 544
0:0:0:0:0:0:0:1 - - [21/Oct/2025:16:59:14 +0900] "OPTIONS /admin/drivers/pending?search=dasd&size=10&page=0 HTTP/1.1" 200 -
0:0:0:0:0:0:0:1 - - [21/Oct/2025:16:59:14 +0900] "GET /admin/drivers/pending?search=dasd&size=10&page=0 HTTP/1.1" 200 329
0:0:0:0:0:0:0:1 - - [21/Oct/2025:16:59:14 +0900] "GET /admin/drivers/pending?search=dasd&size=10&page=0 HTTP/1.1" 200 329
0:0:0:0:0:0:0:1 - - [21/Oct/2025:16:59:17 +0900] "OPTIONS /admin/drivers/pending?search=%EA%B9%80&size=10&page=0 HTTP/1.1" 200 -
0:0:0:0:0:0:0:1 - - [21/Oct/2025:16:59:18 +0900] "GET /admin/drivers/pending?search=%EA%B9%80&size=10&page=0 HTTP/1.1" 200 544
0:0:0:0:0:0:0:1 - - [21/Oct/2025:17:00:09 +0900] "OPTIONS /admin/drivers/pending?search=&size=10&page=0 HTTP/1.1" 200 -
0:0:0:0:0:0:0:1 - - [21/Oct/2025:17:00:09 +0900] "GET /admin/drivers/pending?search=&size=10&page=0 HTTP/1.1" 200 544
0:0:0:0:0:0:0:1 - - [21/Oct/2025:17:02:37 +0900] "OPTIONS /admin/drivers/pending?search=&size=10&page=0 HTTP/1.1" 200 -
0:0:0:0:0:0:0:1 - - [21/Oct/2025:17:02:38 +0900] "GET /admin/drivers/pending?search=&size=10&page=0 HTTP/1.1" 200 544
0:0:0:0:0:0:0:1 - - [21/Oct/2025:17:02:42 +0900] "GET /admin/drivers/pending?search=&size=10&page=0 HTTP/1.1" 200 544
0:0:0:0:0:0:0:1 - - [21/Oct/2025:17:07:32 +0900] "OPTIONS /admin/drivers/pending?search=&size=10&page=0 HTTP/1.1" 200 -
0:0:0:0:0:0:0:1 - - [21/Oct/2025:17:07:33 +0900] "GET /admin/drivers/pending?search=&size=10&page=0 HTTP/1.1" 200 544
0:0:0:0:0:0:0:1 - - [21/Oct/2025:17:08:38 +0900] "OPTIONS /admin/drivers/pending?search=&size=10&page=0 HTTP/1.1" 200 -
0:0:0:0:0:0:0:1 - - [21/Oct/2025:17:08:38 +0900] "GET /admin/drivers/pending?search=&size=10&page=0 HTTP/1.1" 200 544
0:0:0:0:0:0:0:1 - - [21/Oct/2025:17:08:54 +0900] "OPTIONS /admin/drivers/driver07/license HTTP/1.1" 200 -
0:0:0:0:0:0:0:1 - - [21/Oct/2025:17:08:54 +0900] "GET /admin/drivers/driver07/license HTTP/1.1" 401 24
0:0:0:0:0:0:0:1 - - [21/Oct/2025:17:08:54 +0900] "OPTIONS /auth/refresh?refreshToken=eyJhbGciOiJIUzI1NiJ9.eyJzdWIiOiJkcml2ZXIwMSIsImF1ZCI6IkFETUlOX0FQUCIsInJvbGUiOiJST0xFX0FETUlOIiwiaWF0IjoxNzYxMDMwNTMzLCJleHAiOjE3Njg4MDY1MzN9.iPF_ZBAW340N4i7Ke0BkmOta1Kc6sQ_0BHJH0sro_vA&clientType=ADMIN_APP&deviceId=web-1ff2ac0c-caa8-447f-b149-619416ab19ac HTTP/1.1" 200 -
0:0:0:0:0:0:0:1 - - [21/Oct/2025:17:08:54 +0900] "POST /auth/refresh?refreshToken=eyJhbGciOiJIUzI1NiJ9.eyJzdWIiOiJkcml2ZXIwMSIsImF1ZCI6IkFETUlOX0FQUCIsInJvbGUiOiJST0xFX0FETUlOIiwiaWF0IjoxNzYxMDMwNTMzLCJleHAiOjE3Njg4MDY1MzN9.iPF_ZBAW340N4i7Ke0BkmOta1Kc6sQ_0BHJH0sro_vA&clientType=ADMIN_APP&deviceId=web-1ff2ac0c-caa8-447f-b149-619416ab19ac HTTP/1.1" 200 459
0:0:0:0:0:0:0:1 - - [21/Oct/2025:17:08:54 +0900] "GET /admin/drivers/driver07/license HTTP/1.1" 200 63365
0:0:0:0:0:0:0:1 - - [21/Oct/2025:17:08:54 +0900] "OPTIONS /admin/drivers/driver07/license/info HTTP/1.1" 200 -
0:0:0:0:0:0:0:1 - - [21/Oct/2025:17:08:54 +0900] "GET /admin/drivers/driver07/license/info HTTP/1.1" 200 134
0:0:0:0:0:0:0:1 - - [21/Oct/2025:17:18:56 +0900] "OPTIONS /admin/drivers/driver07/approve HTTP/1.1" 200 -
0:0:0:0:0:0:0:1 - - [21/Oct/2025:17:18:56 +0900] "POST /admin/drivers/driver07/approve HTTP/1.1" 200 42
0:0:0:0:0:0:0:1 - - [21/Oct/2025:17:18:56 +0900] "OPTIONS /admin/drivers/pending?search=&size=10&page=0 HTTP/1.1" 200 -
0:0:0:0:0:0:0:1 - - [21/Oct/2025:17:18:56 +0900] "GET /admin/drivers/pending?search=&size=10&page=0 HTTP/1.1" 200 329
0:0:0:0:0:0:0:1 - - [21/Oct/2025:17:21:43 +0900] "OPTIONS /admin/drivers/pending?search=&size=10&page=0 HTTP/1.1" 200 -
0:0:0:0:0:0:0:1 - - [21/Oct/2025:17:21:43 +0900] "GET /admin/drivers/pending?search=&size=10&page=0 HTTP/1.1" 200 544
0:0:0:0:0:0:0:1 - - [21/Oct/2025:17:21:47 +0900] "OPTIONS /admin/drivers/driver07/approve HTTP/1.1" 200 -
0:0:0:0:0:0:0:1 - - [21/Oct/2025:17:21:47 +0900] "POST /admin/drivers/driver07/approve HTTP/1.1" 200 42
0:0:0:0:0:0:0:1 - - [21/Oct/2025:17:21:48 +0900] "GET /admin/drivers/pending?search=&size=10&page=0 HTTP/1.1" 200 329
0:0:0:0:0:0:0:1 - - [21/Oct/2025:17:22:34 +0900] "OPTIONS /admin/drivers/pending?search=&size=10&page=0 HTTP/1.1" 200 -
0:0:0:0:0:0:0:1 - - [21/Oct/2025:17:22:34 +0900] "GET /admin/drivers/pending?search=&size=10&page=0 HTTP/1.1" 200 544
0:0:0:0:0:0:0:1 - - [21/Oct/2025:17:22:35 +0900] "OPTIONS /admin/drivers/driver07/approve HTTP/1.1" 200 -
0:0:0:0:0:0:0:1 - - [21/Oct/2025:17:22:36 +0900] "POST /admin/drivers/driver07/approve HTTP/1.1" 200 42
0:0:0:0:0:0:0:1 - - [21/Oct/2025:17:22:36 +0900] "GET /admin/drivers/pending?search=&size=10&page=0 HTTP/1.1" 200 329
0:0:0:0:0:0:0:1 - - [21/Oct/2025:17:23:43 +0900] "OPTIONS /admin/drivers/pending?search=&size=10&page=0 HTTP/1.1" 200 -
0:0:0:0:0:0:0:1 - - [21/Oct/2025:17:23:43 +0900] "GET /admin/drivers/pending?search=&size=10&page=0 HTTP/1.1" 200 544
0:0:0:0:0:0:0:1 - - [21/Oct/2025:17:24:01 +0900] "OPTIONS /admin/drivers/driver07/reject HTTP/1.1" 200 -
0:0:0:0:0:0:0:1 - - [21/Oct/2025:17:24:01 +0900] "POST /admin/drivers/driver07/reject HTTP/1.1" 200 80
0:0:0:0:0:0:0:1 - - [21/Oct/2025:17:24:01 +0900] "OPTIONS /admin/drivers/pending?search=&size=10&page=0 HTTP/1.1" 200 -
0:0:0:0:0:0:0:1 - - [21/Oct/2025:17:24:02 +0900] "GET /admin/drivers/pending?search=&size=10&page=0 HTTP/1.1" 200 329
0:0:0:0:0:0:0:1 - - [21/Oct/2025:17:31:08 +0900] "OPTIONS /admin/drivers/pending?search=&size=10&page=0 HTTP/1.1" 200 -
0:0:0:0:0:0:0:1 - - [21/Oct/2025:17:31:08 +0900] "GET /admin/drivers/pending?search=&size=10&page=0 HTTP/1.1" 200 544
0:0:0:0:0:0:0:1 - - [21/Oct/2025:17:31:09 +0900] "GET /admin/drivers/pending?search=&size=10&page=0 HTTP/1.1" 200 544
0:0:0:0:0:0:0:1 - - [21/Oct/2025:17:31:09 +0900] "GET /admin/drivers/pending?search=&size=10&page=0 HTTP/1.1" 200 544
0:0:0:0:0:0:0:1 - - [21/Oct/2025:17:32:31 +0900] "OPTIONS /admin/drivers/pending?search=&size=10&page=0&sort=createdAt,asc HTTP/1.1" 200 -
0:0:0:0:0:0:0:1 - - [21/Oct/2025:17:32:32 +0900] "GET /admin/drivers/pending?search=&size=10&page=0&sort=createdAt,asc HTTP/1.1" 200 544
0:0:0:0:0:0:0:1 - - [21/Oct/2025:17:32:34 +0900] "GET /admin/drivers/pending?search=&size=10&page=0&sort=createdAt,asc HTTP/1.1" 200 544
0:0:0:0:0:0:0:1 - - [21/Oct/2025:17:32:37 +0900] "OPTIONS /admin/drivers/pending?search=&size=10&page=0&sort=createdAt,desc HTTP/1.1" 200 -
0:0:0:0:0:0:0:1 - - [21/Oct/2025:17:32:37 +0900] "GET /admin/drivers/pending?search=&size=10&page=0&sort=createdAt,desc HTTP/1.1" 200 544
0:0:0:0:0:0:0:1 - - [21/Oct/2025:17:32:37 +0900] "OPTIONS /admin/drivers/pending?search=&size=10&page=0&sort=createdAt,asc HTTP/1.1" 200 -
0:0:0:0:0:0:0:1 - - [21/Oct/2025:17:32:38 +0900] "GET /admin/drivers/pending?search=&size=10&page=0&sort=createdAt,asc HTTP/1.1" 200 544
0:0:0:0:0:0:0:1 - - [21/Oct/2025:17:33:02 +0900] "OPTIONS /admin/drivers/driver07/license HTTP/1.1" 200 -
0:0:0:0:0:0:0:1 - - [21/Oct/2025:17:33:02 +0900] "GET /admin/drivers/driver07/license HTTP/1.1" 200 63365
0:0:0:0:0:0:0:1 - - [21/Oct/2025:17:33:02 +0900] "OPTIONS /admin/drivers/driver07/license/info HTTP/1.1" 200 -
0:0:0:0:0:0:0:1 - - [21/Oct/2025:17:33:02 +0900] "GET /admin/drivers/driver07/license/info HTTP/1.1" 200 134
0:0:0:0:0:0:0:1 - - [21/Oct/2025:17:33:51 +0900] "OPTIONS /admin/drivers/pending?search=&size=10&page=0&sort=createdAt,asc HTTP/1.1" 200 -
0:0:0:0:0:0:0:1 - - [21/Oct/2025:17:33:51 +0900] "GET /admin/drivers/pending?search=&size=10&page=0&sort=createdAt,asc HTTP/1.1" 200 759
0:0:0:0:0:0:0:1 - - [21/Oct/2025:17:34:03 +0900] "OPTIONS /admin/drivers/pending?search=&size=10&page=0&sort=createdAt,desc HTTP/1.1" 200 -
0:0:0:0:0:0:0:1 - - [21/Oct/2025:17:34:03 +0900] "GET /admin/drivers/pending?search=&size=10&page=0&sort=createdAt,desc HTTP/1.1" 200 759
0:0:0:0:0:0:0:1 - - [21/Oct/2025:17:34:04 +0900] "OPTIONS /admin/drivers/pending?search=&size=10&page=0&sort=createdAt,asc HTTP/1.1" 200 -
0:0:0:0:0:0:0:1 - - [21/Oct/2025:17:34:04 +0900] "GET /admin/drivers/pending?search=&size=10&page=0&sort=createdAt,asc HTTP/1.1" 200 759
0:0:0:0:0:0:0:1 - - [21/Oct/2025:17:48:19 +0900] "OPTIONS /admin/drivers/pending?search=&size=10&page=0&sort=createdAt,asc HTTP/1.1" 200 -
0:0:0:0:0:0:0:1 - - [21/Oct/2025:17:48:19 +0900] "GET /admin/drivers/pending?search=&size=10&page=0&sort=createdAt,asc HTTP/1.1" 500 14238
0:0:0:0:0:0:0:1 - - [21/Oct/2025:17:51:26 +0900] "OPTIONS /admin/drivers/pending?search=&size=10&page=0&sort=createdAt,asc HTTP/1.1" 200 -
0:0:0:0:0:0:0:1 - - [21/Oct/2025:17:51:26 +0900] "GET /admin/drivers/pending?search=&size=10&page=0&sort=createdAt,asc HTTP/1.1" 200 963
0:0:0:0:0:0:0:1 - - [21/Oct/2025:17:51:27 +0900] "GET /admin/drivers/pending?search=&size=10&page=0&sort=createdAt,asc HTTP/1.1" 200 963
0:0:0:0:0:0:0:1 - - [21/Oct/2025:17:55:12 +0900] "OPTIONS /admin/drivers/pending?search=&size=10&page=0&sort=createdAt,asc HTTP/1.1" 200 -
0:0:0:0:0:0:0:1 - - [21/Oct/2025:17:55:12 +0900] "GET /admin/drivers/pending?search=&size=10&page=0&sort=createdAt,asc HTTP/1.1" 200 963
0:0:0:0:0:0:0:1 - - [21/Oct/2025:17:56:06 +0900] "OPTIONS /admin/drivers/pending?search=&size=10&page=0&sort=createdAt,asc HTTP/1.1" 200 -
0:0:0:0:0:0:0:1 - - [21/Oct/2025:17:56:07 +0900] "GET /admin/drivers/pending?search=&size=10&page=0&sort=createdAt,asc HTTP/1.1" 200 963
0:0:0:0:0:0:0:1 - - [21/Oct/2025:17:58:15 +0900] "OPTIONS /admin/drivers/driver04/license HTTP/1.1" 200 -
0:0:0:0:0:0:0:1 - - [21/Oct/2025:17:58:15 +0900] "GET /admin/drivers/driver04/license HTTP/1.1" 200 4
0:0:0:0:0:0:0:1 - - [21/Oct/2025:17:58:15 +0900] "OPTIONS /admin/drivers/driver04/license/info HTTP/1.1" 200 -
0:0:0:0:0:0:0:1 - - [21/Oct/2025:17:58:15 +0900] "GET /admin/drivers/driver04/license/info HTTP/1.1" 200 122
0:0:0:0:0:0:0:1 - - [21/Oct/2025:17:58:16 +0900] "GET /admin/drivers/driver04/license HTTP/1.1" 200 4
0:0:0:0:0:0:0:1 - - [21/Oct/2025:17:58:16 +0900] "GET /admin/drivers/driver04/license/info HTTP/1.1" 200 122
0:0:0:0:0:0:0:1 - - [21/Oct/2025:17:58:18 +0900] "GET /admin/drivers/driver04/license HTTP/1.1" 200 4
0:0:0:0:0:0:0:1 - - [21/Oct/2025:17:58:18 +0900] "GET /admin/drivers/driver04/license/info HTTP/1.1" 200 122
0:0:0:0:0:0:0:1 - - [21/Oct/2025:17:58:18 +0900] "GET /admin/drivers/driver04/license HTTP/1.1" 200 4
0:0:0:0:0:0:0:1 - - [21/Oct/2025:17:58:18 +0900] "GET /admin/drivers/driver04/license/info HTTP/1.1" 200 122
0:0:0:0:0:0:0:1 - - [21/Oct/2025:17:58:18 +0900] "GET /admin/drivers/driver04/license HTTP/1.1" 200 4
0:0:0:0:0:0:0:1 - - [21/Oct/2025:17:58:19 +0900] "GET /admin/drivers/driver04/license/info HTTP/1.1" 200 122
0:0:0:0:0:0:0:1 - - [21/Oct/2025:17:58:20 +0900] "OPTIONS /admin/drivers/pending?search=&size=10&page=0&sort=createdAt,asc HTTP/1.1" 200 -
0:0:0:0:0:0:0:1 - - [21/Oct/2025:17:58:20 +0900] "GET /admin/drivers/pending?search=&size=10&page=0&sort=createdAt,asc HTTP/1.1" 200 963
0:0:0:0:0:0:0:1 - - [21/Oct/2025:17:58:22 +0900] "OPTIONS /admin/drivers/driver04/license HTTP/1.1" 200 -
0:0:0:0:0:0:0:1 - - [21/Oct/2025:17:58:22 +0900] "GET /admin/drivers/driver04/license HTTP/1.1" 200 4
0:0:0:0:0:0:0:1 - - [21/Oct/2025:17:58:22 +0900] "OPTIONS /admin/drivers/driver04/license/info HTTP/1.1" 200 -
0:0:0:0:0:0:0:1 - - [21/Oct/2025:17:58:22 +0900] "GET /admin/drivers/driver04/license/info HTTP/1.1" 200 122
0:0:0:0:0:0:0:1 - - [21/Oct/2025:17:58:30 +0900] "OPTIONS /admin/drivers/driver04/license HTTP/1.1" 200 -
0:0:0:0:0:0:0:1 - - [21/Oct/2025:17:58:30 +0900] "GET /admin/drivers/driver04/license HTTP/1.1" 200 4
0:0:0:0:0:0:0:1 - - [21/Oct/2025:17:58:30 +0900] "OPTIONS /admin/drivers/driver04/license/info HTTP/1.1" 200 -
0:0:0:0:0:0:0:1 - - [21/Oct/2025:17:58:30 +0900] "GET /admin/drivers/driver04/license/info HTTP/1.1" 200 122
0:0:0:0:0:0:0:1 - - [21/Oct/2025:17:58:36 +0900] "OPTIONS /admin/drivers/pending?search=&size=10&page=0&sort=createdAt,desc HTTP/1.1" 200 -
0:0:0:0:0:0:0:1 - - [21/Oct/2025:17:58:36 +0900] "GET /admin/drivers/pending?search=&size=10&page=0&sort=createdAt,desc HTTP/1.1" 200 963
0:0:0:0:0:0:0:1 - - [21/Oct/2025:17:58:36 +0900] "OPTIONS /admin/drivers/pending?search=&size=10&page=0&sort=createdAt,asc HTTP/1.1" 200 -
0:0:0:0:0:0:0:1 - - [21/Oct/2025:17:58:37 +0900] "GET /admin/drivers/pending?search=&size=10&page=0&sort=createdAt,asc HTTP/1.1" 200 963
0:0:0:0:0:0:0:1 - - [21/Oct/2025:17:58:50 +0900] "OPTIONS /admin/drivers/driver04/license HTTP/1.1" 200 -
0:0:0:0:0:0:0:1 - - [21/Oct/2025:17:58:50 +0900] "OPTIONS /admin/drivers/driver04/license HTTP/1.1" 200 -
0:0:0:0:0:0:0:1 - - [21/Oct/2025:17:58:50 +0900] "GET /admin/drivers/driver04/license HTTP/1.1" 200 4
0:0:0:0:0:0:0:1 - - [21/Oct/2025:17:58:51 +0900] "OPTIONS /admin/drivers/driver04/license/info HTTP/1.1" 200 -
0:0:0:0:0:0:0:1 - - [21/Oct/2025:17:58:51 +0900] "GET /admin/drivers/driver04/license HTTP/1.1" 200 4
0:0:0:0:0:0:0:1 - - [21/Oct/2025:17:58:51 +0900] "GET /admin/drivers/driver04/license/info HTTP/1.1" 200 122
0:0:0:0:0:0:0:1 - - [21/Oct/2025:17:58:51 +0900] "GET /admin/drivers/driver04/license/info HTTP/1.1" 200 122
0:0:0:0:0:0:0:1 - - [21/Oct/2025:18:38:32 +0900] "OPTIONS /admin/drivers/pending?search=&size=10&page=0&sort=createdAt,asc HTTP/1.1" 200 -
0:0:0:0:0:0:0:1 - - [21/Oct/2025:18:38:32 +0900] "GET /admin/drivers/pending?search=&size=10&page=0&sort=createdAt,asc HTTP/1.1" 401 24
0:0:0:0:0:0:0:1 - - [21/Oct/2025:18:38:32 +0900] "OPTIONS /auth/refresh?refreshToken=eyJhbGciOiJIUzI1NiJ9.eyJzdWIiOiJkcml2ZXIwMSIsImF1ZCI6IkFETUlOX0FQUCIsInJvbGUiOiJST0xFX0FETUlOIiwiaWF0IjoxNzYxMDM0MTM0LCJleHAiOjE3Njg4MTAxMzR9.Jz2QfbiFty_Ug18XwGlKxiPZiWO4iFlYhrmsQrq_Hz4&clientType=ADMIN_APP&deviceId=web-1ff2ac0c-caa8-447f-b149-619416ab19ac HTTP/1.1" 200 -
0:0:0:0:0:0:0:1 - - [21/Oct/2025:18:38:32 +0900] "POST /auth/refresh?refreshToken=eyJhbGciOiJIUzI1NiJ9.eyJzdWIiOiJkcml2ZXIwMSIsImF1ZCI6IkFETUlOX0FQUCIsInJvbGUiOiJST0xFX0FETUlOIiwiaWF0IjoxNzYxMDM0MTM0LCJleHAiOjE3Njg4MTAxMzR9.Jz2QfbiFty_Ug18XwGlKxiPZiWO4iFlYhrmsQrq_Hz4&clientType=ADMIN_APP&deviceId=web-1ff2ac0c-caa8-447f-b149-619416ab19ac HTTP/1.1" 200 459
0:0:0:0:0:0:0:1 - - [21/Oct/2025:18:38:33 +0900] "GET /admin/drivers/pending?search=&size=10&page=0&sort=createdAt,asc HTTP/1.1" 200 963
0:0:0:0:0:0:0:1 - - [21/Oct/2025:18:38:33 +0900] "OPTIONS /admin/users/driver04/profile-image HTTP/1.1" 200 -
0:0:0:0:0:0:0:1 - - [21/Oct/2025:18:38:33 +0900] "OPTIONS /admin/users/driver07/profile-image HTTP/1.1" 200 -
0:0:0:0:0:0:0:1 - - [21/Oct/2025:18:38:33 +0900] "GET /admin/users/driver04/profile-image HTTP/1.1" 200 8392
0:0:0:0:0:0:0:1 - - [21/Oct/2025:18:38:33 +0900] "GET /admin/users/driver07/profile-image HTTP/1.1" 200 8392
0:0:0:0:0:0:0:1 - - [21/Oct/2025:18:38:37 +0900] "OPTIONS /admin/drivers/pending?search=&size=10&page=0&sort=createdAt,asc HTTP/1.1" 200 -
0:0:0:0:0:0:0:1 - - [21/Oct/2025:18:38:37 +0900] "GET /admin/drivers/pending?search=&size=10&page=0&sort=createdAt,asc HTTP/1.1" 200 963
0:0:0:0:0:0:0:1 - - [21/Oct/2025:18:38:38 +0900] "GET /admin/drivers/pending?search=&size=10&page=0&sort=createdAt,asc HTTP/1.1" 200 963
0:0:0:0:0:0:0:1 - - [21/Oct/2025:18:38:38 +0900] "OPTIONS /admin/users/driver04/profile-image HTTP/1.1" 200 -
0:0:0:0:0:0:0:1 - - [21/Oct/2025:18:38:38 +0900] "OPTIONS /admin/users/driver07/profile-image HTTP/1.1" 200 -
0:0:0:0:0:0:0:1 - - [21/Oct/2025:18:39:43 +0900] "OPTIONS /admin/drivers/pending?search=&size=10&page=0&sort=createdAt,asc HTTP/1.1" 200 -
0:0:0:0:0:0:0:1 - - [21/Oct/2025:18:39:43 +0900] "GET /admin/drivers/pending?search=&size=10&page=0&sort=createdAt,asc HTTP/1.1" 200 963
127.0.0.1 - - [21/Oct/2025:18:39:43 +0900] "OPTIONS /admin/users/driver07/profile-image HTTP/1.1" 200 -
0:0:0:0:0:0:0:1 - - [21/Oct/2025:18:39:43 +0900] "OPTIONS /admin/users/driver04/profile-image HTTP/1.1" 200 -
0:0:0:0:0:0:0:1 - - [21/Oct/2025:18:39:44 +0900] "OPTIONS /admin/drivers/driver04/license HTTP/1.1" 200 -
0:0:0:0:0:0:0:1 - - [21/Oct/2025:18:39:44 +0900] "GET /admin/drivers/driver04/license HTTP/1.1" 200 4
0:0:0:0:0:0:0:1 - - [21/Oct/2025:18:39:44 +0900] "OPTIONS /admin/drivers/driver04/license/info HTTP/1.1" 200 -
0:0:0:0:0:0:0:1 - - [21/Oct/2025:18:39:44 +0900] "GET /admin/drivers/driver04/license/info HTTP/1.1" 200 122
0:0:0:0:0:0:0:1 - - [21/Oct/2025:18:39:46 +0900] "GET /admin/drivers/driver04/license HTTP/1.1" 200 4
0:0:0:0:0:0:0:1 - - [21/Oct/2025:18:39:46 +0900] "GET /admin/drivers/driver04/license/info HTTP/1.1" 200 122
0:0:0:0:0:0:0:1 - - [21/Oct/2025:18:39:51 +0900] "OPTIONS /admin/drivers/driver04/license HTTP/1.1" 200 -
0:0:0:0:0:0:0:1 - - [21/Oct/2025:18:39:51 +0900] "GET /admin/drivers/driver04/license HTTP/1.1" 200 4
0:0:0:0:0:0:0:1 - - [21/Oct/2025:18:39:51 +0900] "OPTIONS /admin/drivers/driver04/license/info HTTP/1.1" 200 -
0:0:0:0:0:0:0:1 - - [21/Oct/2025:18:39:51 +0900] "GET /admin/drivers/driver04/license/info HTTP/1.1" 200 122
0:0:0:0:0:0:0:1 - - [21/Oct/2025:18:39:53 +0900] "GET /admin/drivers/driver04/license HTTP/1.1" 200 4
0:0:0:0:0:0:0:1 - - [21/Oct/2025:18:39:53 +0900] "GET /admin/drivers/driver04/license/info HTTP/1.1" 200 122
0:0:0:0:0:0:0:1 - - [21/Oct/2025:18:39:57 +0900] "OPTIONS /admin/drivers/pending?search=&size=10&page=0&sort=createdAt,asc HTTP/1.1" 200 -
0:0:0:0:0:0:0:1 - - [21/Oct/2025:18:39:57 +0900] "GET /admin/drivers/pending?search=&size=10&page=0&sort=createdAt,asc HTTP/1.1" 200 963
0:0:0:0:0:0:0:1 - - [21/Oct/2025:18:39:57 +0900] "OPTIONS /admin/users/driver04/profile-image HTTP/1.1" 200 -
127.0.0.1 - - [21/Oct/2025:18:39:57 +0900] "OPTIONS /admin/users/driver07/profile-image HTTP/1.1" 200 -
127.0.0.1 - - [21/Oct/2025:18:39:59 +0900] "OPTIONS /admin/drivers/driver04/license HTTP/1.1" 200 -
127.0.0.1 - - [21/Oct/2025:18:39:59 +0900] "GET /admin/drivers/driver04/license HTTP/1.1" 200 4
127.0.0.1 - - [21/Oct/2025:18:39:59 +0900] "OPTIONS /admin/drivers/driver04/license/info HTTP/1.1" 200 -
127.0.0.1 - - [21/Oct/2025:18:39:59 +0900] "GET /admin/drivers/driver04/license/info HTTP/1.1" 200 122
0:0:0:0:0:0:0:1 - - [21/Oct/2025:18:41:16 +0900] "OPTIONS /admin/drivers/driver04/license HTTP/1.1" 200 -
0:0:0:0:0:0:0:1 - - [21/Oct/2025:18:41:16 +0900] "GET /admin/drivers/driver04/license HTTP/1.1" 200 4
0:0:0:0:0:0:0:1 - - [21/Oct/2025:18:41:16 +0900] "OPTIONS /admin/drivers/driver04/license/info HTTP/1.1" 200 -
0:0:0:0:0:0:0:1 - - [21/Oct/2025:18:41:16 +0900] "GET /admin/drivers/driver04/license/info HTTP/1.1" 200 122
0:0:0:0:0:0:0:1 - - [21/Oct/2025:18:42:58 +0900] "OPTIONS /admin/drivers/driver04/license HTTP/1.1" 200 -
0:0:0:0:0:0:0:1 - - [21/Oct/2025:18:42:59 +0900] "GET /admin/drivers/driver04/license HTTP/1.1" 200 4
0:0:0:0:0:0:0:1 - - [21/Oct/2025:18:42:59 +0900] "OPTIONS /admin/drivers/driver04/license/info HTTP/1.1" 200 -
0:0:0:0:0:0:0:1 - - [21/Oct/2025:18:42:59 +0900] "GET /admin/drivers/driver04/license/info HTTP/1.1" 200 122
0:0:0:0:0:0:0:1 - - [21/Oct/2025:18:43:04 +0900] "OPTIONS /admin/drivers/driver04/license HTTP/1.1" 200 -
0:0:0:0:0:0:0:1 - - [21/Oct/2025:18:43:04 +0900] "GET /admin/drivers/driver04/license HTTP/1.1" 200 4
0:0:0:0:0:0:0:1 - - [21/Oct/2025:18:43:04 +0900] "OPTIONS /admin/drivers/driver04/license/info HTTP/1.1" 200 -
0:0:0:0:0:0:0:1 - - [21/Oct/2025:18:43:04 +0900] "GET /admin/drivers/driver04/license/info HTTP/1.1" 200 122
0:0:0:0:0:0:0:1 - - [21/Oct/2025:18:43:06 +0900] "OPTIONS /admin/drivers/driver07/license HTTP/1.1" 200 -
0:0:0:0:0:0:0:1 - - [21/Oct/2025:18:43:06 +0900] "GET /admin/drivers/driver07/license HTTP/1.1" 200 63365
0:0:0:0:0:0:0:1 - - [21/Oct/2025:18:43:06 +0900] "OPTIONS /admin/drivers/driver07/license/info HTTP/1.1" 200 -
0:0:0:0:0:0:0:1 - - [21/Oct/2025:18:43:06 +0900] "GET /admin/drivers/driver07/license/info HTTP/1.1" 200 134
0:0:0:0:0:0:0:1 - - [21/Oct/2025:18:43:09 +0900] "GET /admin/drivers/driver04/license HTTP/1.1" 200 4
0:0:0:0:0:0:0:1 - - [21/Oct/2025:18:43:09 +0900] "GET /admin/drivers/driver04/license/info HTTP/1.1" 200 122
0:0:0:0:0:0:0:1 - - [21/Oct/2025:18:43:13 +0900] "OPTIONS /admin/drivers/driver07/license HTTP/1.1" 200 -
0:0:0:0:0:0:0:1 - - [21/Oct/2025:18:43:13 +0900] "GET /admin/drivers/driver07/license HTTP/1.1" 200 63365
0:0:0:0:0:0:0:1 - - [21/Oct/2025:18:43:13 +0900] "OPTIONS /admin/drivers/driver07/license/info HTTP/1.1" 200 -
0:0:0:0:0:0:0:1 - - [21/Oct/2025:18:43:13 +0900] "GET /admin/drivers/driver07/license/info HTTP/1.1" 200 134
0:0:0:0:0:0:0:1 - - [21/Oct/2025:18:44:31 +0900] "OPTIONS /admin/drivers/driver04/license HTTP/1.1" 200 -
0:0:0:0:0:0:0:1 - - [21/Oct/2025:18:44:31 +0900] "GET /admin/drivers/driver04/license HTTP/1.1" 200 4
0:0:0:0:0:0:0:1 - - [21/Oct/2025:18:44:31 +0900] "OPTIONS /admin/drivers/driver04/license/info HTTP/1.1" 200 -
0:0:0:0:0:0:0:1 - - [21/Oct/2025:18:44:31 +0900] "GET /admin/drivers/driver04/license/info HTTP/1.1" 200 122
0:0:0:0:0:0:0:1 - - [21/Oct/2025:18:45:03 +0900] "OPTIONS /admin/drivers/pending?search=&size=10&page=0&sort=createdAt,desc HTTP/1.1" 200 -
0:0:0:0:0:0:0:1 - - [21/Oct/2025:18:45:03 +0900] "GET /admin/drivers/pending?search=&size=10&page=0&sort=createdAt,desc HTTP/1.1" 200 963
0:0:0:0:0:0:0:1 - - [21/Oct/2025:18:45:03 +0900] "OPTIONS /admin/users/driver07/profile-image HTTP/1.1" 200 -
0:0:0:0:0:0:0:1 - - [21/Oct/2025:18:45:03 +0900] "OPTIONS /admin/users/driver04/profile-image HTTP/1.1" 200 -
0:0:0:0:0:0:0:1 - - [21/Oct/2025:18:45:04 +0900] "OPTIONS /admin/drivers/pending?search=&size=10&page=0&sort=createdAt,asc HTTP/1.1" 200 -
0:0:0:0:0:0:0:1 - - [21/Oct/2025:18:45:04 +0900] "GET /admin/drivers/pending?search=&size=10&page=0&sort=createdAt,asc HTTP/1.1" 200 963
0:0:0:0:0:0:0:1 - - [21/Oct/2025:18:45:08 +0900] "GET /admin/drivers/pending?search=&size=10&page=0&sort=createdAt,asc HTTP/1.1" 200 963
0:0:0:0:0:0:0:1 - - [21/Oct/2025:18:45:08 +0900] "OPTIONS /admin/users/driver04/profile-image HTTP/1.1" 200 -
0:0:0:0:0:0:0:1 - - [21/Oct/2025:18:45:08 +0900] "OPTIONS /admin/users/driver07/profile-image HTTP/1.1" 200 -
0:0:0:0:0:0:0:1 - - [21/Oct/2025:18:45:17 +0900] "OPTIONS /admin/drivers/pending?search=&size=10&page=0&sort=createdAt,asc HTTP/1.1" 200 -
0:0:0:0:0:0:0:1 - - [21/Oct/2025:18:45:17 +0900] "GET /admin/drivers/pending?search=&size=10&page=0&sort=createdAt,asc HTTP/1.1" 200 963
0:0:0:0:0:0:0:1 - - [21/Oct/2025:18:45:17 +0900] "OPTIONS /admin/users/driver04/profile-image HTTP/1.1" 200 -
0:0:0:0:0:0:0:1 - - [21/Oct/2025:18:45:17 +0900] "OPTIONS /admin/users/driver07/profile-image HTTP/1.1" 200 -
0:0:0:0:0:0:0:1 - - [21/Oct/2025:18:45:23 +0900] "OPTIONS /admin/drivers/driver04/license HTTP/1.1" 200 -
0:0:0:0:0:0:0:1 - - [21/Oct/2025:18:45:23 +0900] "GET /admin/drivers/driver04/license HTTP/1.1" 200 4
0:0:0:0:0:0:0:1 - - [21/Oct/2025:18:45:23 +0900] "OPTIONS /admin/drivers/driver04/license/info HTTP/1.1" 200 -
0:0:0:0:0:0:0:1 - - [21/Oct/2025:18:45:23 +0900] "GET /admin/drivers/driver04/license/info HTTP/1.1" 200 122
0:0:0:0:0:0:0:1 - - [21/Oct/2025:18:45:25 +0900] "OPTIONS /admin/drivers/pending?search=&size=10&page=0&sort=createdAt,asc HTTP/1.1" 200 -
0:0:0:0:0:0:0:1 - - [21/Oct/2025:18:45:25 +0900] "GET /admin/drivers/pending?search=&size=10&page=0&sort=createdAt,asc HTTP/1.1" 200 963
0:0:0:0:0:0:0:1 - - [21/Oct/2025:18:45:25 +0900] "OPTIONS /admin/users/driver07/profile-image HTTP/1.1" 200 -
0:0:0:0:0:0:0:1 - - [21/Oct/2025:18:45:25 +0900] "OPTIONS /admin/users/driver04/profile-image HTTP/1.1" 200 -
0:0:0:0:0:0:0:1 - - [21/Oct/2025:18:45:27 +0900] "GET /admin/drivers/driver04/license HTTP/1.1" 200 4
0:0:0:0:0:0:0:1 - - [21/Oct/2025:18:45:27 +0900] "GET /admin/drivers/driver04/license/info HTTP/1.1" 200 122
0:0:0:0:0:0:0:1 - - [21/Oct/2025:18:46:01 +0900] "OPTIONS /admin/drivers/pending?search=&size=10&page=0&sort=createdAt,asc HTTP/1.1" 200 -
0:0:0:0:0:0:0:1 - - [21/Oct/2025:18:46:01 +0900] "GET /admin/drivers/pending?search=&size=10&page=0&sort=createdAt,asc HTTP/1.1" 200 963
0:0:0:0:0:0:0:1 - - [21/Oct/2025:18:46:01 +0900] "OPTIONS /admin/users/driver04/profile-image HTTP/1.1" 200 -
0:0:0:0:0:0:0:1 - - [21/Oct/2025:18:46:01 +0900] "OPTIONS /admin/users/driver07/profile-image HTTP/1.1" 200 -
0:0:0:0:0:0:0:1 - - [21/Oct/2025:18:46:05 +0900] "OPTIONS /admin/drivers/driver04/license HTTP/1.1" 200 -
0:0:0:0:0:0:0:1 - - [21/Oct/2025:18:46:05 +0900] "GET /admin/drivers/driver04/license HTTP/1.1" 200 4
0:0:0:0:0:0:0:1 - - [21/Oct/2025:18:46:05 +0900] "OPTIONS /admin/drivers/driver04/license/info HTTP/1.1" 200 -
0:0:0:0:0:0:0:1 - - [21/Oct/2025:18:46:05 +0900] "GET /admin/drivers/driver04/license/info HTTP/1.1" 200 122
0:0:0:0:0:0:0:1 - - [21/Oct/2025:18:46:06 +0900] "OPTIONS /admin/drivers/pending?search=&size=10&page=0&sort=createdAt,asc HTTP/1.1" 200 -
0:0:0:0:0:0:0:1 - - [21/Oct/2025:18:46:07 +0900] "GET /admin/drivers/pending?search=&size=10&page=0&sort=createdAt,asc HTTP/1.1" 200 963
0:0:0:0:0:0:0:1 - - [21/Oct/2025:18:46:07 +0900] "OPTIONS /admin/users/driver04/profile-image HTTP/1.1" 200 -
0:0:0:0:0:0:0:1 - - [21/Oct/2025:18:46:07 +0900] "OPTIONS /admin/users/driver07/profile-image HTTP/1.1" 200 -
0:0:0:0:0:0:0:1 - - [21/Oct/2025:18:46:09 +0900] "GET /admin/drivers/pending?search=&size=10&page=0&sort=createdAt,asc HTTP/1.1" 200 963
0:0:0:0:0:0:0:1 - - [21/Oct/2025:18:46:10 +0900] "GET /admin/drivers/pending?search=&size=10&page=0&sort=createdAt,asc HTTP/1.1" 200 963
0:0:0:0:0:0:0:1 - - [21/Oct/2025:18:46:11 +0900] "GET /admin/drivers/pending?search=&size=10&page=0&sort=createdAt,asc HTTP/1.1" 200 963
0:0:0:0:0:0:0:1 - - [21/Oct/2025:18:46:11 +0900] "GET /admin/drivers/pending?search=&size=10&page=0&sort=createdAt,asc HTTP/1.1" 200 963
0:0:0:0:0:0:0:1 - - [21/Oct/2025:18:46:12 +0900] "OPTIONS /admin/drivers/driver04/license HTTP/1.1" 200 -
0:0:0:0:0:0:0:1 - - [21/Oct/2025:18:46:12 +0900] "GET /admin/drivers/driver04/license HTTP/1.1" 200 4
0:0:0:0:0:0:0:1 - - [21/Oct/2025:18:46:12 +0900] "OPTIONS /admin/drivers/driver04/license/info HTTP/1.1" 200 -
0:0:0:0:0:0:0:1 - - [21/Oct/2025:18:46:12 +0900] "GET /admin/drivers/driver04/license/info HTTP/1.1" 200 122
0:0:0:0:0:0:0:1 - - [21/Oct/2025:18:46:14 +0900] "OPTIONS /admin/drivers/pending?search=&size=10&page=0&sort=createdAt,desc HTTP/1.1" 200 -
0:0:0:0:0:0:0:1 - - [21/Oct/2025:18:46:14 +0900] "GET /admin/drivers/pending?search=&size=10&page=0&sort=createdAt,desc HTTP/1.1" 200 963
0:0:0:0:0:0:0:1 - - [21/Oct/2025:18:46:14 +0900] "OPTIONS /admin/users/driver07/profile-image HTTP/1.1" 200 -
0:0:0:0:0:0:0:1 - - [21/Oct/2025:18:46:14 +0900] "OPTIONS /admin/users/driver04/profile-image HTTP/1.1" 200 -
0:0:0:0:0:0:0:1 - - [21/Oct/2025:18:46:15 +0900] "OPTIONS /admin/drivers/pending?search=&size=10&page=0&sort=createdAt,asc HTTP/1.1" 200 -
0:0:0:0:0:0:0:1 - - [21/Oct/2025:18:46:15 +0900] "GET /admin/drivers/pending?search=&size=10&page=0&sort=createdAt,asc HTTP/1.1" 200 963
0:0:0:0:0:0:0:1 - - [21/Oct/2025:18:46:16 +0900] "GET /admin/drivers/pending?search=&size=10&page=0&sort=createdAt,desc HTTP/1.1" 200 963
0:0:0:0:0:0:0:1 - - [21/Oct/2025:18:46:17 +0900] "GET /admin/drivers/pending?search=&size=10&page=0&sort=createdAt,asc HTTP/1.1" 200 963
0:0:0:0:0:0:0:1 - - [21/Oct/2025:18:46:17 +0900] "GET /admin/drivers/driver04/license HTTP/1.1" 200 4
0:0:0:0:0:0:0:1 - - [21/Oct/2025:18:46:17 +0900] "GET /admin/drivers/driver04/license/info HTTP/1.1" 200 122
0:0:0:0:0:0:0:1 - - [21/Oct/2025:18:51:43 +0900] "OPTIONS /admin/drivers/pending?search=&size=10&page=0&sort=createdAt,asc HTTP/1.1" 200 -
0:0:0:0:0:0:0:1 - - [21/Oct/2025:18:51:43 +0900] "GET /admin/drivers/pending?search=&size=10&page=0&sort=createdAt,asc HTTP/1.1" 200 963
0:0:0:0:0:0:0:1 - - [21/Oct/2025:18:51:43 +0900] "OPTIONS /admin/users/driver04/profile-image HTTP/1.1" 200 -
0:0:0:0:0:0:0:1 - - [21/Oct/2025:18:51:43 +0900] "OPTIONS /admin/users/driver07/profile-image HTTP/1.1" 200 -
0:0:0:0:0:0:0:1 - - [21/Oct/2025:18:51:45 +0900] "GET /admin/drivers/pending?search=&size=10&page=0&sort=createdAt,asc HTTP/1.1" 200 963
0:0:0:0:0:0:0:1 - - [21/Oct/2025:18:51:46 +0900] "OPTIONS /admin/drivers/driver04/license HTTP/1.1" 200 -
0:0:0:0:0:0:0:1 - - [21/Oct/2025:18:51:46 +0900] "GET /admin/drivers/driver04/license HTTP/1.1" 200 4
0:0:0:0:0:0:0:1 - - [21/Oct/2025:18:51:46 +0900] "OPTIONS /admin/drivers/driver04/license/info HTTP/1.1" 200 -
0:0:0:0:0:0:0:1 - - [21/Oct/2025:18:51:47 +0900] "GET /admin/drivers/driver04/license/info HTTP/1.1" 200 122
0:0:0:0:0:0:0:1 - - [21/Oct/2025:18:51:48 +0900] "OPTIONS /admin/drivers/driver07/license HTTP/1.1" 200 -
0:0:0:0:0:0:0:1 - - [21/Oct/2025:18:51:48 +0900] "GET /admin/drivers/driver07/license HTTP/1.1" 200 63365
0:0:0:0:0:0:0:1 - - [21/Oct/2025:18:51:48 +0900] "OPTIONS /admin/drivers/driver07/license/info HTTP/1.1" 200 -
0:0:0:0:0:0:0:1 - - [21/Oct/2025:18:51:48 +0900] "GET /admin/drivers/driver07/license/info HTTP/1.1" 200 134
0:0:0:0:0:0:0:1 - - [21/Oct/2025:18:51:55 +0900] "OPTIONS /admin/drivers/pending?search=&size=10&page=0&sort=createdAt,desc HTTP/1.1" 200 -
0:0:0:0:0:0:0:1 - - [21/Oct/2025:18:51:55 +0900] "GET /admin/drivers/pending?search=&size=10&page=0&sort=createdAt,desc HTTP/1.1" 200 963
0:0:0:0:0:0:0:1 - - [21/Oct/2025:18:51:55 +0900] "OPTIONS /admin/users/driver07/profile-image HTTP/1.1" 200 -
0:0:0:0:0:0:0:1 - - [21/Oct/2025:18:51:55 +0900] "OPTIONS /admin/users/driver04/profile-image HTTP/1.1" 200 -
0:0:0:0:0:0:0:1 - - [21/Oct/2025:18:51:56 +0900] "OPTIONS /admin/drivers/pending?search=&size=10&page=0&sort=createdAt,asc HTTP/1.1" 200 -
0:0:0:0:0:0:0:1 - - [21/Oct/2025:18:51:56 +0900] "GET /admin/drivers/pending?search=&size=10&page=0&sort=createdAt,asc HTTP/1.1" 200 963
0:0:0:0:0:0:0:1 - - [21/Oct/2025:18:52:55 +0900] "OPTIONS /admin/drivers/pending?search=&size=10&page=0&sort=createdAt,asc HTTP/1.1" 200 -
0:0:0:0:0:0:0:1 - - [21/Oct/2025:18:52:56 +0900] "GET /admin/drivers/pending?search=&size=10&page=0&sort=createdAt,asc HTTP/1.1" 200 963
0:0:0:0:0:0:0:1 - - [21/Oct/2025:18:52:56 +0900] "OPTIONS /admin/users/driver04/profile-image HTTP/1.1" 200 -
0:0:0:0:0:0:0:1 - - [21/Oct/2025:18:52:56 +0900] "OPTIONS /admin/users/driver07/profile-image HTTP/1.1" 200 -
0:0:0:0:0:0:0:1 - - [21/Oct/2025:18:52:56 +0900] "GET /admin/drivers/pending?search=&size=10&page=0&sort=createdAt,asc HTTP/1.1" 200 963
0:0:0:0:0:0:0:1 - - [21/Oct/2025:18:53:17 +0900] "OPTIONS /admin/drivers/pending?search=&size=10&page=0&sort=createdAt,asc HTTP/1.1" 200 -
0:0:0:0:0:0:0:1 - - [21/Oct/2025:18:53:17 +0900] "GET /admin/drivers/pending?search=&size=10&page=0&sort=createdAt,asc HTTP/1.1" 200 963
0:0:0:0:0:0:0:1 - - [21/Oct/2025:18:53:17 +0900] "OPTIONS /admin/users/driver07/profile-image HTTP/1.1" 200 -
0:0:0:0:0:0:0:1 - - [21/Oct/2025:18:53:17 +0900] "OPTIONS /admin/users/driver04/profile-image HTTP/1.1" 200 -
0:0:0:0:0:0:0:1 - - [21/Oct/2025:18:55:01 +0900] "OPTIONS /admin/drivers/pending?search=&size=10&page=0&sort=createdAt,asc HTTP/1.1" 200 -
0:0:0:0:0:0:0:1 - - [21/Oct/2025:18:55:01 +0900] "GET /admin/drivers/pending?search=&size=10&page=0&sort=createdAt,asc HTTP/1.1" 200 963
0:0:0:0:0:0:0:1 - - [21/Oct/2025:18:55:01 +0900] "OPTIONS /admin/users/driver04/profile-image HTTP/1.1" 200 -
0:0:0:0:0:0:0:1 - - [21/Oct/2025:18:55:01 +0900] "OPTIONS /admin/users/driver07/profile-image HTTP/1.1" 200 -
0:0:0:0:0:0:0:1 - - [21/Oct/2025:18:56:13 +0900] "OPTIONS /admin/users/driver01/profile-image HTTP/1.1" 200 -
0:0:0:0:0:0:0:1 - - [21/Oct/2025:18:56:13 +0900] "OPTIONS /admin/drivers/pending?search=&size=10&page=0&sort=createdAt,asc HTTP/1.1" 200 -
0:0:0:0:0:0:0:1 - - [21/Oct/2025:18:56:13 +0900] "GET /admin/users/driver01/profile-image HTTP/1.1" 200 31105
0:0:0:0:0:0:0:1 - - [21/Oct/2025:18:56:13 +0900] "GET /admin/drivers/pending?search=&size=10&page=0&sort=createdAt,asc HTTP/1.1" 200 963
0:0:0:0:0:0:0:1 - - [21/Oct/2025:18:56:13 +0900] "OPTIONS /admin/users/driver04/profile-image HTTP/1.1" 200 -
0:0:0:0:0:0:0:1 - - [21/Oct/2025:18:56:13 +0900] "OPTIONS /admin/users/driver07/profile-image HTTP/1.1" 200 -
0:0:0:0:0:0:0:1 - - [21/Oct/2025:18:56:14 +0900] "GET /admin/drivers/pending?search=&size=10&page=0&sort=createdAt,asc HTTP/1.1" 200 963
0:0:0:0:0:0:0:1 - - [21/Oct/2025:18:56:16 +0900] "GET /admin/drivers/pending?search=&size=10&page=0&sort=createdAt,asc HTTP/1.1" 200 963
0:0:0:0:0:0:0:1 - - [21/Oct/2025:18:56:19 +0900] "OPTIONS /admin/users/driver01/profile-image HTTP/1.1" 200 -
0:0:0:0:0:0:0:1 - - [21/Oct/2025:18:56:19 +0900] "OPTIONS /admin/drivers/pending?search=&size=10&page=0&sort=createdAt,asc HTTP/1.1" 200 -
0:0:0:0:0:0:0:1 - - [21/Oct/2025:18:56:19 +0900] "GET /admin/drivers/pending?search=&size=10&page=0&sort=createdAt,asc HTTP/1.1" 200 963
0:0:0:0:0:0:0:1 - - [21/Oct/2025:18:56:19 +0900] "OPTIONS /admin/users/driver04/profile-image HTTP/1.1" 200 -
0:0:0:0:0:0:0:1 - - [21/Oct/2025:18:56:19 +0900] "OPTIONS /admin/users/driver07/profile-image HTTP/1.1" 200 -
0:0:0:0:0:0:0:1 - - [21/Oct/2025:18:56:37 +0900] "OPTIONS /admin/drivers/pending?search=&size=10&page=0&sort=createdAt,asc HTTP/1.1" 200 -
0:0:0:0:0:0:0:1 - - [21/Oct/2025:18:56:37 +0900] "GET /admin/drivers/pending?search=&size=10&page=0&sort=createdAt,asc HTTP/1.1" 200 963
0:0:0:0:0:0:0:1 - - [21/Oct/2025:18:56:37 +0900] "OPTIONS /admin/users/driver07/profile-image HTTP/1.1" 200 -
0:0:0:0:0:0:0:1 - - [21/Oct/2025:18:56:37 +0900] "OPTIONS /admin/users/driver04/profile-image HTTP/1.1" 200 -
0:0:0:0:0:0:0:1 - - [21/Oct/2025:18:56:38 +0900] "GET /admin/drivers/pending?search=&size=10&page=0&sort=createdAt,asc HTTP/1.1" 200 963
0:0:0:0:0:0:0:1 - - [21/Oct/2025:18:56:41 +0900] "OPTIONS /admin/drivers/pending?search=&size=10&page=0&sort=createdAt,desc HTTP/1.1" 200 -
0:0:0:0:0:0:0:1 - - [21/Oct/2025:18:56:41 +0900] "GET /admin/drivers/pending?search=&size=10&page=0&sort=createdAt,desc HTTP/1.1" 200 963
0:0:0:0:0:0:0:1 - - [21/Oct/2025:18:56:42 +0900] "GET /admin/drivers/pending?search=&size=10&page=0&sort=createdAt,asc HTTP/1.1" 200 963
0:0:0:0:0:0:0:1 - - [21/Oct/2025:18:56:43 +0900] "OPTIONS /admin/drivers/driver04/license HTTP/1.1" 200 -
0:0:0:0:0:0:0:1 - - [21/Oct/2025:18:56:43 +0900] "GET /admin/drivers/driver04/license HTTP/1.1" 200 4
0:0:0:0:0:0:0:1 - - [21/Oct/2025:18:56:43 +0900] "OPTIONS /admin/drivers/driver04/license/info HTTP/1.1" 200 -
0:0:0:0:0:0:0:1 - - [21/Oct/2025:18:56:44 +0900] "GET /admin/drivers/driver04/license/info HTTP/1.1" 200 122
0:0:0:0:0:0:0:1 - - [21/Oct/2025:18:56:45 +0900] "OPTIONS /admin/drivers/driver07/license HTTP/1.1" 200 -
0:0:0:0:0:0:0:1 - - [21/Oct/2025:18:56:45 +0900] "GET /admin/drivers/driver07/license HTTP/1.1" 200 63365
0:0:0:0:0:0:0:1 - - [21/Oct/2025:18:56:45 +0900] "OPTIONS /admin/drivers/driver07/license/info HTTP/1.1" 200 -
0:0:0:0:0:0:0:1 - - [21/Oct/2025:18:56:45 +0900] "GET /admin/drivers/driver07/license/info HTTP/1.1" 200 134
0:0:0:0:0:0:0:1 - - [21/Oct/2025:19:00:03 +0900] "OPTIONS /admin/drivers/pending?search=&size=10&page=0&sort=createdAt,asc HTTP/1.1" 200 -
0:0:0:0:0:0:0:1 - - [21/Oct/2025:19:00:03 +0900] "GET /admin/drivers/pending?search=&size=10&page=0&sort=createdAt,asc HTTP/1.1" 200 963
0:0:0:0:0:0:0:1 - - [21/Oct/2025:19:00:03 +0900] "OPTIONS /admin/users/driver04/profile-image HTTP/1.1" 200 -
0:0:0:0:0:0:0:1 - - [21/Oct/2025:19:00:03 +0900] "OPTIONS /admin/users/driver07/profile-image HTTP/1.1" 200 -
0:0:0:0:0:0:0:1 - - [21/Oct/2025:19:02:46 +0900] "OPTIONS /admin/users/driver01/profile-image HTTP/1.1" 200 -
0:0:0:0:0:0:0:1 - - [21/Oct/2025:19:02:46 +0900] "OPTIONS /admin/drivers/pending?search=&size=10&page=0&sort=createdAt,asc HTTP/1.1" 200 -
0:0:0:0:0:0:0:1 - - [21/Oct/2025:19:02:46 +0900] "GET /admin/drivers/pending?search=&size=10&page=0&sort=createdAt,asc HTTP/1.1" 200 963
0:0:0:0:0:0:0:1 - - [21/Oct/2025:19:02:46 +0900] "OPTIONS /admin/users/driver04/profile-image HTTP/1.1" 200 -
0:0:0:0:0:0:0:1 - - [21/Oct/2025:19:02:46 +0900] "OPTIONS /admin/users/driver07/profile-image HTTP/1.1" 200 -
0:0:0:0:0:0:0:1 - - [21/Oct/2025:19:04:01 +0900] "OPTIONS /admin/users/driver01/profile-image HTTP/1.1" 200 -
0:0:0:0:0:0:0:1 - - [21/Oct/2025:19:04:01 +0900] "OPTIONS /admin/drivers/pending?search=&size=10&page=0&sort=createdAt,asc HTTP/1.1" 200 -
0:0:0:0:0:0:0:1 - - [21/Oct/2025:19:04:01 +0900] "GET /admin/drivers/pending?search=&size=10&page=0&sort=createdAt,asc HTTP/1.1" 200 963
0:0:0:0:0:0:0:1 - - [21/Oct/2025:19:04:01 +0900] "OPTIONS /admin/users/driver04/profile-image HTTP/1.1" 200 -
0:0:0:0:0:0:0:1 - - [21/Oct/2025:19:04:01 +0900] "OPTIONS /admin/users/driver07/profile-image HTTP/1.1" 200 -
0:0:0:0:0:0:0:1 - - [21/Oct/2025:19:04:05 +0900] "GET /admin/drivers/pending?search=&size=10&page=0&sort=createdAt,asc HTTP/1.1" 200 963
0:0:0:0:0:0:0:1 - - [21/Oct/2025:19:05:23 +0900] "OPTIONS /admin/users/driver01/profile-image HTTP/1.1" 200 -
0:0:0:0:0:0:0:1 - - [21/Oct/2025:19:05:23 +0900] "OPTIONS /admin/drivers/pending?search=&size=10&page=0&sort=createdAt,asc HTTP/1.1" 200 -
0:0:0:0:0:0:0:1 - - [21/Oct/2025:19:05:23 +0900] "GET /admin/drivers/pending?search=&size=10&page=0&sort=createdAt,asc HTTP/1.1" 200 963
0:0:0:0:0:0:0:1 - - [21/Oct/2025:19:05:23 +0900] "OPTIONS /admin/users/driver04/profile-image HTTP/1.1" 200 -
0:0:0:0:0:0:0:1 - - [21/Oct/2025:19:05:23 +0900] "OPTIONS /admin/users/driver07/profile-image HTTP/1.1" 200 -
0:0:0:0:0:0:0:1 - - [21/Oct/2025:19:09:12 +0900] "OPTIONS /health HTTP/1.1" 200 -
0:0:0:0:0:0:0:1 - - [21/Oct/2025:19:09:12 +0900] "GET /health HTTP/1.1" 404 10728
