0:0:0:0:0:0:0:1 - - [22/Oct/2025:00:00:07 +0900] "GET /actuator/health?_t=1761058807368 HTTP/1.1" 200 60
0:0:0:0:0:0:0:1 - - [22/Oct/2025:00:00:22 +0900] "GET /actuator/health?_t=1761058822368 HTTP/1.1" 200 60
0:0:0:0:0:0:0:1 - - [22/Oct/2025:00:00:37 +0900] "GET /actuator/health?_t=1761058837368 HTTP/1.1" 200 60
0:0:0:0:0:0:0:1 - - [22/Oct/2025:00:00:52 +0900] "GET /actuator/health?_t=1761058852368 HTTP/1.1" 200 60
0:0:0:0:0:0:0:1 - - [22/Oct/2025:00:01:07 +0900] "GET /actuator/health?_t=1761058867368 HTTP/1.1" 200 60
0:0:0:0:0:0:0:1 - - [22/Oct/2025:00:01:22 +0900] "GET /actuator/health?_t=1761058882371 HTTP/1.1" 200 60
0:0:0:0:0:0:0:1 - - [22/Oct/2025:00:01:37 +0900] "GET /actuator/health?_t=1761058897371 HTTP/1.1" 200 60
0:0:0:0:0:0:0:1 - - [22/Oct/2025:00:01:52 +0900] "GET /actuator/health?_t=1761058912371 HTTP/1.1" 200 60
0:0:0:0:0:0:0:1 - - [22/Oct/2025:00:02:07 +0900] "GET /actuator/health?_t=1761058927371 HTTP/1.1" 200 60
0:0:0:0:0:0:0:1 - - [22/Oct/2025:00:02:22 +0900] "GET /actuator/health?_t=1761058942374 HTTP/1.1" 200 60
0:0:0:0:0:0:0:1 - - [22/Oct/2025:00:02:37 +0900] "GET /actuator/health?_t=1761058957374 HTTP/1.1" 200 60
0:0:0:0:0:0:0:1 - - [22/Oct/2025:00:02:52 +0900] "GET /actuator/health?_t=1761058972374 HTTP/1.1" 200 60
0:0:0:0:0:0:0:1 - - [22/Oct/2025:00:03:07 +0900] "GET /actuator/health?_t=1761058987378 HTTP/1.1" 200 60
0:0:0:0:0:0:0:1 - - [22/Oct/2025:00:03:22 +0900] "GET /actuator/health?_t=1761059002377 HTTP/1.1" 200 60
0:0:0:0:0:0:0:1 - - [22/Oct/2025:00:03:37 +0900] "GET /actuator/health?_t=1761059017378 HTTP/1.1" 200 60
0:0:0:0:0:0:0:1 - - [22/Oct/2025:00:03:52 +0900] "GET /actuator/health?_t=1761059032378 HTTP/1.1" 200 60
0:0:0:0:0:0:0:1 - - [22/Oct/2025:00:04:07 +0900] "GET /actuator/health?_t=1761059047381 HTTP/1.1" 200 60
0:0:0:0:0:0:0:1 - - [22/Oct/2025:00:04:19 +0900] "OPTIONS /admin/drivers/approved?search=&size=10&page=0&sort=createdAt,asc HTTP/1.1" 200 -
0:0:0:0:0:0:0:1 - - [22/Oct/2025:00:04:19 +0900] "GET /admin/drivers/approved?search=&size=10&page=0&sort=createdAt,asc HTTP/1.1" 200 1284
0:0:0:0:0:0:0:1 - - [22/Oct/2025:00:04:19 +0900] "OPTIONS /admin/drivers/driver02/profile HTTP/1.1" 200 -
0:0:0:0:0:0:0:1 - - [22/Oct/2025:00:04:19 +0900] "OPTIONS /admin/drivers/driver03/profile HTTP/1.1" 200 -
0:0:0:0:0:0:0:1 - - [22/Oct/2025:00:04:19 +0900] "OPTIONS /admin/drivers/driver04/profile HTTP/1.1" 200 -
0:0:0:0:0:0:0:1 - - [22/Oct/2025:00:04:19 +0900] "GET /admin/drivers/driver02/profile HTTP/1.1" 200 8392
0:0:0:0:0:0:0:1 - - [22/Oct/2025:00:04:19 +0900] "GET /admin/drivers/driver04/profile HTTP/1.1" 200 8392
0:0:0:0:0:0:0:1 - - [22/Oct/2025:00:04:19 +0900] "GET /admin/drivers/driver03/profile HTTP/1.1" 200 8392
0:0:0:0:0:0:0:1 - - [22/Oct/2025:00:04:20 +0900] "OPTIONS /admin/drivers/counts HTTP/1.1" 200 -
0:0:0:0:0:0:0:1 - - [22/Oct/2025:00:04:20 +0900] "GET /admin/drivers/counts HTTP/1.1" 200 50
0:0:0:0:0:0:0:1 - - [22/Oct/2025:00:04:22 +0900] "GET /actuator/health?_t=1761059062381 HTTP/1.1" 200 60
0:0:0:0:0:0:0:1 - - [22/Oct/2025:00:04:37 +0900] "GET /actuator/health?_t=1761059077455 HTTP/1.1" 200 60
0:0:0:0:0:0:0:1 - - [22/Oct/2025:00:04:52 +0900] "GET /actuator/health?_t=1761059092464 HTTP/1.1" 200 60
0:0:0:0:0:0:0:1 - - [22/Oct/2025:00:05:07 +0900] "GET /actuator/health?_t=1761059107460 HTTP/1.1" 200 60
0:0:0:0:0:0:0:1 - - [22/Oct/2025:00:05:22 +0900] "GET /actuator/health?_t=1761059122473 HTTP/1.1" 200 60
0:0:0:0:0:0:0:1 - - [22/Oct/2025:00:05:37 +0900] "GET /actuator/health?_t=1761059137465 HTTP/1.1" 200 60
0:0:0:0:0:0:0:1 - - [22/Oct/2025:00:05:52 +0900] "GET /actuator/health?_t=1761059152465 HTTP/1.1" 200 60
0:0:0:0:0:0:0:1 - - [22/Oct/2025:00:06:07 +0900] "GET /actuator/health?_t=1761059167471 HTTP/1.1" 200 60
0:0:0:0:0:0:0:1 - - [22/Oct/2025:00:06:22 +0900] "GET /actuator/health?_t=1761059182472 HTTP/1.1" 200 60
0:0:0:0:0:0:0:1 - - [22/Oct/2025:00:06:37 +0900] "GET /actuator/health?_t=1761059197477 HTTP/1.1" 200 60
0:0:0:0:0:0:0:1 - - [22/Oct/2025:00:07:11 +0900] "GET /actuator/health?_t=1761059231369 HTTP/1.1" 200 60
0:0:0:0:0:0:0:1 - - [22/Oct/2025:00:07:22 +0900] "GET /actuator/health?_t=1761059242468 HTTP/1.1" 200 60
0:0:0:0:0:0:0:1 - - [22/Oct/2025:00:07:37 +0900] "GET /actuator/health?_t=1761059257480 HTTP/1.1" 200 60
0:0:0:0:0:0:0:1 - - [22/Oct/2025:00:07:52 +0900] "GET /actuator/health?_t=1761059272478 HTTP/1.1" 200 60
0:0:0:0:0:0:0:1 - - [22/Oct/2025:00:08:07 +0900] "GET /actuator/health?_t=1761059287471 HTTP/1.1" 200 60
0:0:0:0:0:0:0:1 - - [22/Oct/2025:00:09:08 +0900] "GET /actuator/health?_t=1761059348477 HTTP/1.1" 200 60
0:0:0:0:0:0:0:1 - - [22/Oct/2025:00:10:09 +0900] "GET /actuator/health?_t=1761059409484 HTTP/1.1" 200 60
0:0:0:0:0:0:0:1 - - [22/Oct/2025:00:10:22 +0900] "GET /actuator/health?_t=1761059422404 HTTP/1.1" 200 60
0:0:0:0:0:0:0:1 - - [22/Oct/2025:00:10:37 +0900] "GET /actuator/health?_t=1761059437400 HTTP/1.1" 200 60
0:0:0:0:0:0:0:1 - - [22/Oct/2025:00:10:52 +0900] "GET /actuator/health?_t=1761059452400 HTTP/1.1" 200 60
0:0:0:0:0:0:0:1 - - [22/Oct/2025:00:11:07 +0900] "GET /actuator/health?_t=1761059467400 HTTP/1.1" 200 60
0:0:0:0:0:0:0:1 - - [22/Oct/2025:00:11:22 +0900] "GET /actuator/health?_t=1761059482404 HTTP/1.1" 200 60
0:0:0:0:0:0:0:1 - - [22/Oct/2025:00:11:37 +0900] "GET /actuator/health?_t=1761059497404 HTTP/1.1" 200 60
0:0:0:0:0:0:0:1 - - [22/Oct/2025:00:11:52 +0900] "GET /actuator/health?_t=1761059512404 HTTP/1.1" 200 60
0:0:0:0:0:0:0:1 - - [22/Oct/2025:00:12:07 +0900] "GET /actuator/health?_t=1761059527404 HTTP/1.1" 200 60
0:0:0:0:0:0:0:1 - - [22/Oct/2025:00:12:22 +0900] "GET /actuator/health?_t=1761059542407 HTTP/1.1" 200 60
0:0:0:0:0:0:0:1 - - [22/Oct/2025:00:12:37 +0900] "GET /actuator/health?_t=1761059557407 HTTP/1.1" 200 60
0:0:0:0:0:0:0:1 - - [22/Oct/2025:00:12:52 +0900] "GET /actuator/health?_t=1761059572407 HTTP/1.1" 200 60
0:0:0:0:0:0:0:1 - - [22/Oct/2025:00:13:07 +0900] "GET /actuator/health?_t=1761059587407 HTTP/1.1" 200 60
0:0:0:0:0:0:0:1 - - [22/Oct/2025:00:13:22 +0900] "GET /actuator/health?_t=1761059602405 HTTP/1.1" 200 60
0:0:0:0:0:0:0:1 - - [22/Oct/2025:00:13:37 +0900] "GET /actuator/health?_t=1761059617410 HTTP/1.1" 200 60
0:0:0:0:0:0:0:1 - - [22/Oct/2025:00:13:52 +0900] "GET /actuator/health?_t=1761059632410 HTTP/1.1" 200 60
0:0:0:0:0:0:0:1 - - [22/Oct/2025:00:14:07 +0900] "GET /actuator/health?_t=1761059647410 HTTP/1.1" 200 60
0:0:0:0:0:0:0:1 - - [22/Oct/2025:00:14:22 +0900] "GET /actuator/health?_t=1761059662410 HTTP/1.1" 200 60
0:0:0:0:0:0:0:1 - - [22/Oct/2025:00:14:37 +0900] "GET /actuator/health?_t=1761059677414 HTTP/1.1" 200 60
0:0:0:0:0:0:0:1 - - [22/Oct/2025:00:14:52 +0900] "GET /actuator/health?_t=1761059692414 HTTP/1.1" 200 60
0:0:0:0:0:0:0:1 - - [22/Oct/2025:00:15:07 +0900] "GET /actuator/health?_t=1761059707414 HTTP/1.1" 200 60
0:0:0:0:0:0:0:1 - - [22/Oct/2025:00:15:22 +0900] "GET /actuator/health?_t=1761059722414 HTTP/1.1" 200 60
0:0:0:0:0:0:0:1 - - [22/Oct/2025:00:15:37 +0900] "GET /actuator/health?_t=1761059737418 HTTP/1.1" 200 60
0:0:0:0:0:0:0:1 - - [22/Oct/2025:00:15:52 +0900] "GET /actuator/health?_t=1761059752417 HTTP/1.1" 200 60
0:0:0:0:0:0:0:1 - - [22/Oct/2025:00:16:07 +0900] "GET /actuator/health?_t=1761059767417 HTTP/1.1" 200 60
0:0:0:0:0:0:0:1 - - [22/Oct/2025:00:16:22 +0900] "GET /actuator/health?_t=1761059782417 HTTP/1.1" 200 60
0:0:0:0:0:0:0:1 - - [22/Oct/2025:00:16:37 +0900] "GET /actuator/health?_t=1761059797417 HTTP/1.1" 200 60
0:0:0:0:0:0:0:1 - - [22/Oct/2025:00:16:52 +0900] "GET /actuator/health?_t=1761059812421 HTTP/1.1" 200 60
0:0:0:0:0:0:0:1 - - [22/Oct/2025:00:17:07 +0900] "GET /actuator/health?_t=1761059827421 HTTP/1.1" 200 60
0:0:0:0:0:0:0:1 - - [22/Oct/2025:00:17:22 +0900] "GET /actuator/health?_t=1761059842421 HTTP/1.1" 200 60
0:0:0:0:0:0:0:1 - - [22/Oct/2025:00:17:37 +0900] "GET /actuator/health?_t=1761059857423 HTTP/1.1" 200 60
0:0:0:0:0:0:0:1 - - [22/Oct/2025:00:17:52 +0900] "GET /actuator/health?_t=1761059872423 HTTP/1.1" 200 60
0:0:0:0:0:0:0:1 - - [22/Oct/2025:00:18:07 +0900] "GET /actuator/health?_t=1761059887423 HTTP/1.1" 200 60
0:0:0:0:0:0:0:1 - - [22/Oct/2025:00:18:22 +0900] "GET /actuator/health?_t=1761059902423 HTTP/1.1" 200 60
0:0:0:0:0:0:0:1 - - [22/Oct/2025:00:18:37 +0900] "GET /actuator/health?_t=1761059917425 HTTP/1.1" 200 60
0:0:0:0:0:0:0:1 - - [22/Oct/2025:00:18:52 +0900] "GET /actuator/health?_t=1761059932425 HTTP/1.1" 200 60
0:0:0:0:0:0:0:1 - - [22/Oct/2025:00:19:07 +0900] "GET /actuator/health?_t=1761059947424 HTTP/1.1" 200 60
0:0:0:0:0:0:0:1 - - [22/Oct/2025:00:19:22 +0900] "GET /actuator/health?_t=1761059962425 HTTP/1.1" 200 60
0:0:0:0:0:0:0:1 - - [22/Oct/2025:00:19:37 +0900] "GET /actuator/health?_t=1761059977425 HTTP/1.1" 200 60
0:0:0:0:0:0:0:1 - - [22/Oct/2025:00:19:52 +0900] "GET /actuator/health?_t=1761059992427 HTTP/1.1" 200 60
0:0:0:0:0:0:0:1 - - [22/Oct/2025:00:20:07 +0900] "GET /actuator/health?_t=1761060007425 HTTP/1.1" 200 60
0:0:0:0:0:0:0:1 - - [22/Oct/2025:00:20:22 +0900] "GET /actuator/health?_t=1761060022428 HTTP/1.1" 200 60
0:0:0:0:0:0:0:1 - - [22/Oct/2025:00:20:37 +0900] "GET /actuator/health?_t=1761060037430 HTTP/1.1" 200 60
0:0:0:0:0:0:0:1 - - [22/Oct/2025:00:20:52 +0900] "GET /actuator/health?_t=1761060052430 HTTP/1.1" 200 60
0:0:0:0:0:0:0:1 - - [22/Oct/2025:00:21:07 +0900] "GET /actuator/health?_t=1761060067430 HTTP/1.1" 200 60
0:0:0:0:0:0:0:1 - - [22/Oct/2025:00:21:22 +0900] "GET /actuator/health?_t=1761060082430 HTTP/1.1" 200 60
0:0:0:0:0:0:0:1 - - [22/Oct/2025:00:21:37 +0900] "GET /actuator/health?_t=1761060097432 HTTP/1.1" 200 60
0:0:0:0:0:0:0:1 - - [22/Oct/2025:00:21:52 +0900] "GET /actuator/health?_t=1761060112432 HTTP/1.1" 200 60
0:0:0:0:0:0:0:1 - - [22/Oct/2025:00:22:07 +0900] "GET /actuator/health?_t=1761060127432 HTTP/1.1" 200 60
0:0:0:0:0:0:0:1 - - [22/Oct/2025:00:22:22 +0900] "GET /actuator/health?_t=1761060142432 HTTP/1.1" 200 60
0:0:0:0:0:0:0:1 - - [22/Oct/2025:00:22:37 +0900] "GET /actuator/health?_t=1761060157432 HTTP/1.1" 200 60
0:0:0:0:0:0:0:1 - - [22/Oct/2025:00:22:52 +0900] "GET /actuator/health?_t=1761060172434 HTTP/1.1" 200 60
0:0:0:0:0:0:0:1 - - [22/Oct/2025:00:23:07 +0900] "GET /actuator/health?_t=1761060187434 HTTP/1.1" 200 60
0:0:0:0:0:0:0:1 - - [22/Oct/2025:00:23:22 +0900] "GET /actuator/health?_t=1761060202433 HTTP/1.1" 200 60
0:0:0:0:0:0:0:1 - - [22/Oct/2025:00:23:37 +0900] "GET /actuator/health?_t=1761060217434 HTTP/1.1" 200 60
0:0:0:0:0:0:0:1 - - [22/Oct/2025:00:23:52 +0900] "GET /actuator/health?_t=1761060232437 HTTP/1.1" 200 60
0:0:0:0:0:0:0:1 - - [22/Oct/2025:00:24:07 +0900] "GET /actuator/health?_t=1761060247437 HTTP/1.1" 200 60
0:0:0:0:0:0:0:1 - - [22/Oct/2025:00:24:22 +0900] "GET /actuator/health?_t=1761060262437 HTTP/1.1" 200 60
0:0:0:0:0:0:0:1 - - [22/Oct/2025:00:24:37 +0900] "GET /actuator/health?_t=1761060277437 HTTP/1.1" 200 60
0:0:0:0:0:0:0:1 - - [22/Oct/2025:00:24:52 +0900] "GET /actuator/health?_t=1761060292439 HTTP/1.1" 200 60
0:0:0:0:0:0:0:1 - - [22/Oct/2025:00:25:07 +0900] "GET /actuator/health?_t=1761060307439 HTTP/1.1" 200 60
0:0:0:0:0:0:0:1 - - [22/Oct/2025:00:25:22 +0900] "GET /actuator/health?_t=1761060322439 HTTP/1.1" 200 60
0:0:0:0:0:0:0:1 - - [22/Oct/2025:00:25:37 +0900] "GET /actuator/health?_t=1761060337438 HTTP/1.1" 200 60
0:0:0:0:0:0:0:1 - - [22/Oct/2025:00:25:52 +0900] "GET /actuator/health?_t=1761060352441 HTTP/1.1" 200 60
0:0:0:0:0:0:0:1 - - [22/Oct/2025:00:26:07 +0900] "GET /actuator/health?_t=1761060367441 HTTP/1.1" 200 60
0:0:0:0:0:0:0:1 - - [22/Oct/2025:00:26:22 +0900] "GET /actuator/health?_t=1761060382441 HTTP/1.1" 200 60
0:0:0:0:0:0:0:1 - - [22/Oct/2025:00:26:37 +0900] "GET /actuator/health?_t=1761060397441 HTTP/1.1" 200 60
0:0:0:0:0:0:0:1 - - [22/Oct/2025:00:26:52 +0900] "GET /actuator/health?_t=1761060412443 HTTP/1.1" 200 60
0:0:0:0:0:0:0:1 - - [22/Oct/2025:00:27:07 +0900] "GET /actuator/health?_t=1761060427444 HTTP/1.1" 200 60
0:0:0:0:0:0:0:1 - - [22/Oct/2025:00:27:22 +0900] "GET /actuator/health?_t=1761060442444 HTTP/1.1" 200 60
0:0:0:0:0:0:0:1 - - [22/Oct/2025:00:27:37 +0900] "GET /actuator/health?_t=1761060457444 HTTP/1.1" 200 60
0:0:0:0:0:0:0:1 - - [22/Oct/2025:00:27:39 +0900] "OPTIONS /admin/users/driver01/profile-image HTTP/1.1" 200 -
0:0:0:0:0:0:0:1 - - [22/Oct/2025:00:27:39 +0900] "OPTIONS /admin/drivers/pending?search=&size=10&page=0&sort=createdAt,asc HTTP/1.1" 200 -
0:0:0:0:0:0:0:1 - - [22/Oct/2025:00:27:39 +0900] "GET /admin/drivers/pending?search=&size=10&page=0&sort=createdAt,asc HTTP/1.1" 200 652
0:0:0:0:0:0:0:1 - - [22/Oct/2025:00:27:39 +0900] "OPTIONS /admin/drivers/driver07/profile HTTP/1.1" 200 -
0:0:0:0:0:0:0:1 - - [22/Oct/2025:00:27:39 +0900] "GET /admin/drivers/driver07/profile HTTP/1.1" 200 8392
0:0:0:0:0:0:0:1 - - [22/Oct/2025:00:27:39 +0900] "OPTIONS /admin/drivers/counts HTTP/1.1" 200 -
0:0:0:0:0:0:0:1 - - [22/Oct/2025:00:27:39 +0900] "GET /admin/drivers/counts HTTP/1.1" 200 50
0:0:0:0:0:0:0:1 - - [22/Oct/2025:00:27:39 +0900] "GET /actuator/health?_t=1761060459651 HTTP/1.1" 200 60
0:0:0:0:0:0:0:1 - - [22/Oct/2025:00:27:54 +0900] "GET /actuator/health?_t=1761060474651 HTTP/1.1" 200 60
0:0:0:0:0:0:0:1 - - [22/Oct/2025:00:28:09 +0900] "GET /actuator/health?_t=1761060489651 HTTP/1.1" 200 60
0:0:0:0:0:0:0:1 - - [22/Oct/2025:00:28:24 +0900] "GET /actuator/health?_t=1761060504651 HTTP/1.1" 200 60
0:0:0:0:0:0:0:1 - - [22/Oct/2025:00:28:39 +0900] "GET /actuator/health?_t=1761060519654 HTTP/1.1" 200 60
0:0:0:0:0:0:0:1 - - [22/Oct/2025:00:28:54 +0900] "GET /actuator/health?_t=1761060534654 HTTP/1.1" 200 60
0:0:0:0:0:0:0:1 - - [22/Oct/2025:00:29:09 +0900] "GET /actuator/health?_t=1761060549654 HTTP/1.1" 200 60
0:0:0:0:0:0:0:1 - - [22/Oct/2025:00:29:24 +0900] "GET /actuator/health?_t=1761060564654 HTTP/1.1" 200 60
0:0:0:0:0:0:0:1 - - [22/Oct/2025:00:29:39 +0900] "GET /actuator/health?_t=1761060579656 HTTP/1.1" 200 60
0:0:0:0:0:0:0:1 - - [22/Oct/2025:00:29:54 +0900] "GET /actuator/health?_t=1761060594656 HTTP/1.1" 200 60
0:0:0:0:0:0:0:1 - - [22/Oct/2025:00:30:09 +0900] "GET /actuator/health?_t=1761060609656 HTTP/1.1" 200 60
0:0:0:0:0:0:0:1 - - [22/Oct/2025:00:30:24 +0900] "GET /actuator/health?_t=1761060624670 HTTP/1.1" 200 60
0:0:0:0:0:0:0:1 - - [22/Oct/2025:00:30:26 +0900] "OPTIONS /admin/drivers/pending?search=&size=10&page=0&sort=createdAt,asc HTTP/1.1" 200 -
0:0:0:0:0:0:0:1 - - [22/Oct/2025:00:30:26 +0900] "GET /admin/drivers/pending?search=&size=10&page=0&sort=createdAt,asc HTTP/1.1" 200 652
0:0:0:0:0:0:0:1 - - [22/Oct/2025:00:30:26 +0900] "OPTIONS /admin/drivers/driver07/profile HTTP/1.1" 200 -
0:0:0:0:0:0:0:1 - - [22/Oct/2025:00:30:26 +0900] "GET /admin/drivers/driver07/profile HTTP/1.1" 200 8392
0:0:0:0:0:0:0:1 - - [22/Oct/2025:00:30:26 +0900] "OPTIONS /admin/drivers/counts HTTP/1.1" 200 -
0:0:0:0:0:0:0:1 - - [22/Oct/2025:00:30:26 +0900] "GET /admin/drivers/counts HTTP/1.1" 200 50
0:0:0:0:0:0:0:1 - - [22/Oct/2025:00:30:39 +0900] "GET /actuator/health?_t=1761060639658 HTTP/1.1" 200 60
0:0:0:0:0:0:0:1 - - [22/Oct/2025:00:30:54 +0900] "GET /actuator/health?_t=1761060654658 HTTP/1.1" 200 60
0:0:0:0:0:0:0:1 - - [22/Oct/2025:00:31:09 +0900] "GET /actuator/health?_t=1761060669658 HTTP/1.1" 200 60
0:0:0:0:0:0:0:1 - - [22/Oct/2025:00:31:24 +0900] "GET /actuator/health?_t=1761060684658 HTTP/1.1" 200 60
0:0:0:0:0:0:0:1 - - [22/Oct/2025:00:31:39 +0900] "GET /actuator/health?_t=1761060699661 HTTP/1.1" 200 60
0:0:0:0:0:0:0:1 - - [22/Oct/2025:00:31:54 +0900] "GET /actuator/health?_t=1761060714661 HTTP/1.1" 200 60
0:0:0:0:0:0:0:1 - - [22/Oct/2025:00:32:09 +0900] "GET /actuator/health?_t=1761060729661 HTTP/1.1" 200 60
0:0:0:0:0:0:0:1 - - [22/Oct/2025:00:32:24 +0900] "GET /actuator/health?_t=1761060744661 HTTP/1.1" 200 60
0:0:0:0:0:0:0:1 - - [22/Oct/2025:00:32:39 +0900] "GET /actuator/health?_t=1761060759663 HTTP/1.1" 200 60
0:0:0:0:0:0:0:1 - - [22/Oct/2025:00:32:54 +0900] "GET /actuator/health?_t=1761060774663 HTTP/1.1" 200 60
0:0:0:0:0:0:0:1 - - [22/Oct/2025:00:33:09 +0900] "GET /actuator/health?_t=1761060789663 HTTP/1.1" 200 60
0:0:0:0:0:0:0:1 - - [22/Oct/2025:00:33:25 +0900] "GET /actuator/health?_t=1761060805544 HTTP/1.1" 200 60
0:0:0:0:0:0:0:1 - - [22/Oct/2025:00:33:40 +0900] "GET /actuator/health?_t=1761060820538 HTTP/1.1" 200 60
0:0:0:0:0:0:0:1 - - [22/Oct/2025:00:33:55 +0900] "GET /actuator/health?_t=1761060835536 HTTP/1.1" 200 60
0:0:0:0:0:0:0:1 - - [22/Oct/2025:00:34:10 +0900] "GET /actuator/health?_t=1761060850546 HTTP/1.1" 200 60
0:0:0:0:0:0:0:1 - - [22/Oct/2025:00:34:49 +0900] "GET /actuator/health?_t=1761060889792 HTTP/1.1" 200 60
0:0:0:0:0:0:0:1 - - [22/Oct/2025:00:34:54 +0900] "GET /actuator/health?_t=1761060894667 HTTP/1.1" 200 60
0:0:0:0:0:0:0:1 - - [22/Oct/2025:00:35:05 +0900] "OPTIONS /admin/drivers/pending?search=&size=10&page=0&sort=createdAt,asc HTTP/1.1" 200 -
0:0:0:0:0:0:0:1 - - [22/Oct/2025:00:35:05 +0900] "GET /admin/drivers/pending?search=&size=10&page=0&sort=createdAt,asc HTTP/1.1" 200 652
0:0:0:0:0:0:0:1 - - [22/Oct/2025:00:35:05 +0900] "OPTIONS /admin/drivers/driver07/profile HTTP/1.1" 200 -
0:0:0:0:0:0:0:1 - - [22/Oct/2025:00:35:05 +0900] "GET /admin/drivers/driver07/profile HTTP/1.1" 200 8392
0:0:0:0:0:0:0:1 - - [22/Oct/2025:00:35:05 +0900] "OPTIONS /admin/drivers/counts HTTP/1.1" 200 -
0:0:0:0:0:0:0:1 - - [22/Oct/2025:00:35:05 +0900] "GET /admin/drivers/counts HTTP/1.1" 200 50
0:0:0:0:0:0:0:1 - - [22/Oct/2025:00:35:08 +0900] "OPTIONS /admin/drivers/rejected?search=&size=10&page=0&sort=createdAt,asc HTTP/1.1" 200 -
0:0:0:0:0:0:0:1 - - [22/Oct/2025:00:35:08 +0900] "GET /admin/drivers/rejected?search=&size=10&page=0&sort=createdAt,asc HTTP/1.1" 200 329
0:0:0:0:0:0:0:1 - - [22/Oct/2025:00:35:08 +0900] "GET /admin/drivers/counts HTTP/1.1" 200 50
0:0:0:0:0:0:0:1 - - [22/Oct/2025:00:35:09 +0900] "OPTIONS /admin/drivers/approved?search=&size=10&page=0&sort=createdAt,asc HTTP/1.1" 200 -
0:0:0:0:0:0:0:1 - - [22/Oct/2025:00:35:09 +0900] "GET /admin/drivers/approved?search=&size=10&page=0&sort=createdAt,asc HTTP/1.1" 200 1284
0:0:0:0:0:0:0:1 - - [22/Oct/2025:00:35:09 +0900] "OPTIONS /admin/drivers/driver02/profile HTTP/1.1" 200 -
0:0:0:0:0:0:0:1 - - [22/Oct/2025:00:35:09 +0900] "OPTIONS /admin/drivers/driver03/profile HTTP/1.1" 200 -
0:0:0:0:0:0:0:1 - - [22/Oct/2025:00:35:09 +0900] "OPTIONS /admin/drivers/driver04/profile HTTP/1.1" 200 -
0:0:0:0:0:0:0:1 - - [22/Oct/2025:00:35:09 +0900] "GET /admin/drivers/driver02/profile HTTP/1.1" 200 8392
0:0:0:0:0:0:0:1 - - [22/Oct/2025:00:35:09 +0900] "GET /admin/drivers/driver04/profile HTTP/1.1" 200 8392
0:0:0:0:0:0:0:1 - - [22/Oct/2025:00:35:09 +0900] "GET /admin/drivers/driver03/profile HTTP/1.1" 200 8392
0:0:0:0:0:0:0:1 - - [22/Oct/2025:00:35:09 +0900] "GET /admin/drivers/counts HTTP/1.1" 200 50
0:0:0:0:0:0:0:1 - - [22/Oct/2025:00:35:09 +0900] "GET /admin/drivers/pending?search=&size=10&page=0&sort=createdAt,asc HTTP/1.1" 200 652
0:0:0:0:0:0:0:1 - - [22/Oct/2025:00:35:09 +0900] "GET /admin/drivers/driver07/profile HTTP/1.1" 200 8392
0:0:0:0:0:0:0:1 - - [22/Oct/2025:00:35:09 +0900] "GET /admin/drivers/counts HTTP/1.1" 200 50
0:0:0:0:0:0:0:1 - - [22/Oct/2025:00:35:09 +0900] "GET /actuator/health?_t=1761060909667 HTTP/1.1" 200 60
0:0:0:0:0:0:0:1 - - [22/Oct/2025:00:35:11 +0900] "GET /admin/drivers/rejected?search=&size=10&page=0&sort=createdAt,asc HTTP/1.1" 200 329
0:0:0:0:0:0:0:1 - - [22/Oct/2025:00:35:11 +0900] "OPTIONS /admin/drivers/counts HTTP/1.1" 200 -
0:0:0:0:0:0:0:1 - - [22/Oct/2025:00:35:11 +0900] "GET /admin/drivers/counts HTTP/1.1" 200 50
0:0:0:0:0:0:0:1 - - [22/Oct/2025:00:35:12 +0900] "GET /admin/drivers/approved?search=&size=10&page=0&sort=createdAt,asc HTTP/1.1" 200 1284
0:0:0:0:0:0:0:1 - - [22/Oct/2025:00:35:12 +0900] "GET /admin/drivers/driver04/profile HTTP/1.1" 200 8392
0:0:0:0:0:0:0:1 - - [22/Oct/2025:00:35:12 +0900] "GET /admin/drivers/driver03/profile HTTP/1.1" 200 8392
0:0:0:0:0:0:0:1 - - [22/Oct/2025:00:35:12 +0900] "GET /admin/drivers/driver02/profile HTTP/1.1" 200 8392
0:0:0:0:0:0:0:1 - - [22/Oct/2025:00:35:12 +0900] "GET /admin/drivers/counts HTTP/1.1" 200 50
0:0:0:0:0:0:0:1 - - [22/Oct/2025:00:35:24 +0900] "GET /actuator/health?_t=1761060924667 HTTP/1.1" 200 60
0:0:0:0:0:0:0:1 - - [22/Oct/2025:00:35:39 +0900] "GET /actuator/health?_t=1761060939667 HTTP/1.1" 200 60
0:0:0:0:0:0:0:1 - - [22/Oct/2025:00:35:54 +0900] "GET /actuator/health?_t=1761060954669 HTTP/1.1" 200 60
0:0:0:0:0:0:0:1 - - [22/Oct/2025:00:36:09 +0900] "GET /actuator/health?_t=1761060969669 HTTP/1.1" 200 60
0:0:0:0:0:0:0:1 - - [22/Oct/2025:00:36:24 +0900] "GET /actuator/health?_t=1761060984669 HTTP/1.1" 200 60
0:0:0:0:0:0:0:1 - - [22/Oct/2025:00:36:39 +0900] "GET /actuator/health?_t=1761060999669 HTTP/1.1" 200 60
0:0:0:0:0:0:0:1 - - [22/Oct/2025:00:36:54 +0900] "GET /actuator/health?_t=1761061014671 HTTP/1.1" 200 60
0:0:0:0:0:0:0:1 - - [22/Oct/2025:00:37:09 +0900] "GET /actuator/health?_t=1761061029671 HTTP/1.1" 200 60
0:0:0:0:0:0:0:1 - - [22/Oct/2025:00:37:24 +0900] "GET /actuator/health?_t=1761061044671 HTTP/1.1" 200 60
0:0:0:0:0:0:0:1 - - [22/Oct/2025:00:37:39 +0900] "GET /actuator/health?_t=1761061059671 HTTP/1.1" 200 60
0:0:0:0:0:0:0:1 - - [22/Oct/2025:00:37:54 +0900] "GET /actuator/health?_t=1761061074672 HTTP/1.1" 200 60
0:0:0:0:0:0:0:1 - - [22/Oct/2025:00:38:09 +0900] "GET /actuator/health?_t=1761061089672 HTTP/1.1" 200 60
0:0:0:0:0:0:0:1 - - [22/Oct/2025:00:38:24 +0900] "GET /actuator/health?_t=1761061104672 HTTP/1.1" 200 60
0:0:0:0:0:0:0:1 - - [22/Oct/2025:00:38:39 +0900] "GET /actuator/health?_t=1761061119672 HTTP/1.1" 200 60
0:0:0:0:0:0:0:1 - - [22/Oct/2025:00:38:54 +0900] "GET /actuator/health?_t=1761061134674 HTTP/1.1" 200 60
0:0:0:0:0:0:0:1 - - [22/Oct/2025:00:39:09 +0900] "GET /actuator/health?_t=1761061149674 HTTP/1.1" 200 60
0:0:0:0:0:0:0:1 - - [22/Oct/2025:00:39:24 +0900] "GET /actuator/health?_t=1761061164674 HTTP/1.1" 200 60
0:0:0:0:0:0:0:1 - - [22/Oct/2025:00:39:39 +0900] "GET /actuator/health?_t=1761061179674 HTTP/1.1" 200 60
0:0:0:0:0:0:0:1 - - [22/Oct/2025:00:39:54 +0900] "GET /actuator/health?_t=1761061194676 HTTP/1.1" 200 60
0:0:0:0:0:0:0:1 - - [22/Oct/2025:00:40:09 +0900] "GET /actuator/health?_t=1761061209676 HTTP/1.1" 200 60
0:0:0:0:0:0:0:1 - - [22/Oct/2025:00:40:24 +0900] "GET /actuator/health?_t=1761061224676 HTTP/1.1" 200 60
0:0:0:0:0:0:0:1 - - [22/Oct/2025:00:40:39 +0900] "GET /actuator/health?_t=1761061239676 HTTP/1.1" 200 60
0:0:0:0:0:0:0:1 - - [22/Oct/2025:00:40:54 +0900] "GET /actuator/health?_t=1761061254677 HTTP/1.1" 200 60
0:0:0:0:0:0:0:1 - - [22/Oct/2025:00:41:09 +0900] "GET /actuator/health?_t=1761061269677 HTTP/1.1" 200 60
0:0:0:0:0:0:0:1 - - [22/Oct/2025:00:41:24 +0900] "GET /actuator/health?_t=1761061284677 HTTP/1.1" 200 60
0:0:0:0:0:0:0:1 - - [22/Oct/2025:00:41:39 +0900] "GET /actuator/health?_t=1761061299677 HTTP/1.1" 200 60
0:0:0:0:0:0:0:1 - - [22/Oct/2025:00:41:54 +0900] "GET /actuator/health?_t=1761061314679 HTTP/1.1" 200 60
0:0:0:0:0:0:0:1 - - [22/Oct/2025:00:42:09 +0900] "GET /actuator/health?_t=1761061329679 HTTP/1.1" 200 60
0:0:0:0:0:0:0:1 - - [22/Oct/2025:00:42:24 +0900] "GET /actuator/health?_t=1761061344679 HTTP/1.1" 200 60
0:0:0:0:0:0:0:1 - - [22/Oct/2025:00:42:39 +0900] "GET /actuator/health?_t=1761061359679 HTTP/1.1" 200 60
0:0:0:0:0:0:0:1 - - [22/Oct/2025:00:42:54 +0900] "GET /actuator/health?_t=1761061374690 HTTP/1.1" 200 60
0:0:0:0:0:0:0:1 - - [22/Oct/2025:00:43:09 +0900] "GET /actuator/health?_t=1761061389681 HTTP/1.1" 200 60
0:0:0:0:0:0:0:1 - - [22/Oct/2025:00:43:24 +0900] "GET /actuator/health?_t=1761061404681 HTTP/1.1" 200 60
0:0:0:0:0:0:0:1 - - [22/Oct/2025:00:43:39 +0900] "GET /actuator/health?_t=1761061419681 HTTP/1.1" 200 60
0:0:0:0:0:0:0:1 - - [22/Oct/2025:00:43:54 +0900] "GET /actuator/health?_t=1761061434681 HTTP/1.1" 200 60
0:0:0:0:0:0:0:1 - - [22/Oct/2025:00:44:09 +0900] "GET /actuator/health?_t=1761061449682 HTTP/1.1" 200 60
0:0:0:0:0:0:0:1 - - [22/Oct/2025:00:44:24 +0900] "GET /actuator/health?_t=1761061464682 HTTP/1.1" 200 60
0:0:0:0:0:0:0:1 - - [22/Oct/2025:00:44:39 +0900] "GET /actuator/health?_t=1761061479682 HTTP/1.1" 200 60
0:0:0:0:0:0:0:1 - - [22/Oct/2025:00:44:54 +0900] "GET /actuator/health?_t=1761061494682 HTTP/1.1" 200 60
0:0:0:0:0:0:0:1 - - [22/Oct/2025:00:45:09 +0900] "GET /actuator/health?_t=1761061509684 HTTP/1.1" 200 60
0:0:0:0:0:0:0:1 - - [22/Oct/2025:00:45:24 +0900] "GET /actuator/health?_t=1761061524684 HTTP/1.1" 200 60
0:0:0:0:0:0:0:1 - - [22/Oct/2025:00:45:39 +0900] "GET /actuator/health?_t=1761061539684 HTTP/1.1" 200 60
0:0:0:0:0:0:0:1 - - [22/Oct/2025:00:45:54 +0900] "GET /actuator/health?_t=1761061554684 HTTP/1.1" 200 60
0:0:0:0:0:0:0:1 - - [22/Oct/2025:00:46:09 +0900] "GET /actuator/health?_t=1761061569686 HTTP/1.1" 200 60
0:0:0:0:0:0:0:1 - - [22/Oct/2025:00:46:24 +0900] "GET /actuator/health?_t=1761061584686 HTTP/1.1" 200 60
0:0:0:0:0:0:0:1 - - [22/Oct/2025:00:46:39 +0900] "GET /actuator/health?_t=1761061599686 HTTP/1.1" 200 60
0:0:0:0:0:0:0:1 - - [22/Oct/2025:00:46:54 +0900] "GET /actuator/health?_t=1761061614686 HTTP/1.1" 200 60
0:0:0:0:0:0:0:1 - - [22/Oct/2025:00:47:09 +0900] "GET /actuator/health?_t=1761061629688 HTTP/1.1" 200 60
0:0:0:0:0:0:0:1 - - [22/Oct/2025:00:47:24 +0900] "GET /actuator/health?_t=1761061644686 HTTP/1.1" 200 60
0:0:0:0:0:0:0:1 - - [22/Oct/2025:00:47:39 +0900] "GET /actuator/health?_t=1761061659688 HTTP/1.1" 200 60
0:0:0:0:0:0:0:1 - - [22/Oct/2025:00:47:54 +0900] "GET /actuator/health?_t=1761061674688 HTTP/1.1" 200 60
0:0:0:0:0:0:0:1 - - [22/Oct/2025:00:48:09 +0900] "GET /actuator/health?_t=1761061689689 HTTP/1.1" 200 60
0:0:0:0:0:0:0:1 - - [22/Oct/2025:00:48:24 +0900] "GET /actuator/health?_t=1761061704689 HTTP/1.1" 200 60
0:0:0:0:0:0:0:1 - - [22/Oct/2025:00:48:39 +0900] "GET /actuator/health?_t=1761061719689 HTTP/1.1" 200 60
0:0:0:0:0:0:0:1 - - [22/Oct/2025:00:48:54 +0900] "GET /actuator/health?_t=1761061734689 HTTP/1.1" 200 60
0:0:0:0:0:0:0:1 - - [22/Oct/2025:00:49:09 +0900] "GET /actuator/health?_t=1761061749691 HTTP/1.1" 200 60
0:0:0:0:0:0:0:1 - - [22/Oct/2025:00:49:24 +0900] "GET /actuator/health?_t=1761061764691 HTTP/1.1" 200 60
0:0:0:0:0:0:0:1 - - [22/Oct/2025:00:49:39 +0900] "GET /actuator/health?_t=1761061779691 HTTP/1.1" 200 60
0:0:0:0:0:0:0:1 - - [22/Oct/2025:00:49:54 +0900] "GET /actuator/health?_t=1761061794691 HTTP/1.1" 200 60
0:0:0:0:0:0:0:1 - - [22/Oct/2025:00:50:09 +0900] "GET /actuator/health?_t=1761061809693 HTTP/1.1" 200 60
0:0:0:0:0:0:0:1 - - [22/Oct/2025:00:50:24 +0900] "GET /actuator/health?_t=1761061824693 HTTP/1.1" 200 60
0:0:0:0:0:0:0:1 - - [22/Oct/2025:00:50:39 +0900] "GET /actuator/health?_t=1761061839693 HTTP/1.1" 200 60
0:0:0:0:0:0:0:1 - - [22/Oct/2025:00:50:54 +0900] "GET /actuator/health?_t=1761061854693 HTTP/1.1" 200 60
0:0:0:0:0:0:0:1 - - [22/Oct/2025:00:51:09 +0900] "GET /actuator/health?_t=1761061869694 HTTP/1.1" 200 60
0:0:0:0:0:0:0:1 - - [22/Oct/2025:00:51:40 +0900] "GET /actuator/health?_t=1761061899694 HTTP/1.1" 200 60
0:0:0:0:0:0:0:1 - - [22/Oct/2025:00:51:56 +0900] "GET /actuator/health?_t=1761061914694 HTTP/1.1" 200 60
0:0:0:0:0:0:0:1 - - [22/Oct/2025:00:52:09 +0900] "GET /actuator/health?_t=1761061929695 HTTP/1.1" 200 60
0:0:0:0:0:0:0:1 - - [22/Oct/2025:00:52:24 +0900] "GET /actuator/health?_t=1761061944695 HTTP/1.1" 200 60
0:0:0:0:0:0:0:1 - - [22/Oct/2025:00:52:39 +0900] "GET /actuator/health?_t=1761061959695 HTTP/1.1" 200 60
0:0:0:0:0:0:0:1 - - [22/Oct/2025:00:52:54 +0900] "GET /actuator/health?_t=1761061974695 HTTP/1.1" 200 60
0:0:0:0:0:0:0:1 - - [22/Oct/2025:00:53:10 +0900] "GET /actuator/health?_t=1761061989696 HTTP/1.1" 200 60
0:0:0:0:0:0:0:1 - - [22/Oct/2025:00:53:24 +0900] "GET /actuator/health?_t=1761062004696 HTTP/1.1" 200 60
0:0:0:0:0:0:0:1 - - [22/Oct/2025:00:53:39 +0900] "GET /actuator/health?_t=1761062019697 HTTP/1.1" 200 60
0:0:0:0:0:0:0:1 - - [22/Oct/2025:00:53:54 +0900] "GET /actuator/health?_t=1761062034697 HTTP/1.1" 200 60
0:0:0:0:0:0:0:1 - - [22/Oct/2025:00:54:09 +0900] "GET /actuator/health?_t=1761062049698 HTTP/1.1" 200 60
0:0:0:0:0:0:0:1 - - [22/Oct/2025:00:54:24 +0900] "GET /actuator/health?_t=1761062064698 HTTP/1.1" 200 60
0:0:0:0:0:0:0:1 - - [22/Oct/2025:00:54:39 +0900] "GET /actuator/health?_t=1761062079698 HTTP/1.1" 200 60
0:0:0:0:0:0:0:1 - - [22/Oct/2025:00:54:54 +0900] "GET /actuator/health?_t=1761062094698 HTTP/1.1" 200 60
0:0:0:0:0:0:0:1 - - [22/Oct/2025:00:55:09 +0900] "GET /actuator/health?_t=1761062109699 HTTP/1.1" 200 60
0:0:0:0:0:0:0:1 - - [22/Oct/2025:00:55:24 +0900] "GET /actuator/health?_t=1761062124699 HTTP/1.1" 200 60
0:0:0:0:0:0:0:1 - - [22/Oct/2025:00:55:39 +0900] "GET /actuator/health?_t=1761062139699 HTTP/1.1" 200 60
0:0:0:0:0:0:0:1 - - [22/Oct/2025:00:55:54 +0900] "GET /actuator/health?_t=1761062154699 HTTP/1.1" 200 60
0:0:0:0:0:0:0:1 - - [22/Oct/2025:00:56:09 +0900] "GET /actuator/health?_t=1761062169700 HTTP/1.1" 200 60
0:0:0:0:0:0:0:1 - - [22/Oct/2025:00:56:24 +0900] "GET /actuator/health?_t=1761062184700 HTTP/1.1" 200 60
0:0:0:0:0:0:0:1 - - [22/Oct/2025:00:56:39 +0900] "GET /actuator/health?_t=1761062199700 HTTP/1.1" 200 60
0:0:0:0:0:0:0:1 - - [22/Oct/2025:00:56:54 +0900] "GET /actuator/health?_t=1761062214700 HTTP/1.1" 200 60
0:0:0:0:0:0:0:1 - - [22/Oct/2025:00:57:09 +0900] "GET /actuator/health?_t=1761062229701 HTTP/1.1" 200 60
0:0:0:0:0:0:0:1 - - [22/Oct/2025:00:57:24 +0900] "GET /actuator/health?_t=1761062244701 HTTP/1.1" 200 60
0:0:0:0:0:0:0:1 - - [22/Oct/2025:00:57:39 +0900] "GET /actuator/health?_t=1761062259701 HTTP/1.1" 200 60
0:0:0:0:0:0:0:1 - - [22/Oct/2025:00:57:54 +0900] "GET /actuator/health?_t=1761062274701 HTTP/1.1" 200 60
0:0:0:0:0:0:0:1 - - [22/Oct/2025:00:58:09 +0900] "GET /actuator/health?_t=1761062289703 HTTP/1.1" 200 60
0:0:0:0:0:0:0:1 - - [22/Oct/2025:00:58:24 +0900] "GET /actuator/health?_t=1761062304703 HTTP/1.1" 200 60
0:0:0:0:0:0:0:1 - - [22/Oct/2025:00:58:39 +0900] "GET /actuator/health?_t=1761062319703 HTTP/1.1" 200 60
0:0:0:0:0:0:0:1 - - [22/Oct/2025:00:58:54 +0900] "GET /actuator/health?_t=1761062334703 HTTP/1.1" 200 60
0:0:0:0:0:0:0:1 - - [22/Oct/2025:00:59:09 +0900] "GET /actuator/health?_t=1761062349704 HTTP/1.1" 200 60
0:0:0:0:0:0:0:1 - - [22/Oct/2025:00:59:24 +0900] "GET /actuator/health?_t=1761062364702 HTTP/1.1" 200 60
0:0:0:0:0:0:0:1 - - [22/Oct/2025:00:59:39 +0900] "GET /actuator/health?_t=1761062379704 HTTP/1.1" 200 60
0:0:0:0:0:0:0:1 - - [22/Oct/2025:00:59:54 +0900] "GET /actuator/health?_t=1761062394704 HTTP/1.1" 200 60
0:0:0:0:0:0:0:1 - - [22/Oct/2025:01:00:09 +0900] "GET /actuator/health?_t=1761062409706 HTTP/1.1" 200 60
0:0:0:0:0:0:0:1 - - [22/Oct/2025:01:00:24 +0900] "GET /actuator/health?_t=1761062424705 HTTP/1.1" 200 60
0:0:0:0:0:0:0:1 - - [22/Oct/2025:01:00:39 +0900] "GET /actuator/health?_t=1761062439705 HTTP/1.1" 200 60
0:0:0:0:0:0:0:1 - - [22/Oct/2025:01:00:54 +0900] "GET /actuator/health?_t=1761062454705 HTTP/1.1" 200 60
0:0:0:0:0:0:0:1 - - [22/Oct/2025:01:01:09 +0900] "GET /actuator/health?_t=1761062469705 HTTP/1.1" 200 60
0:0:0:0:0:0:0:1 - - [22/Oct/2025:01:01:24 +0900] "GET /actuator/health?_t=1761062484706 HTTP/1.1" 200 60
0:0:0:0:0:0:0:1 - - [22/Oct/2025:01:01:40 +0900] "GET /actuator/health?_t=1761062500577 HTTP/1.1" 200 60
0:0:0:0:0:0:0:1 - - [22/Oct/2025:01:01:55 +0900] "GET /actuator/health?_t=1761062515577 HTTP/1.1" 200 60
0:0:0:0:0:0:0:1 - - [22/Oct/2025:01:02:10 +0900] "GET /actuator/health?_t=1761062530584 HTTP/1.1" 200 60
0:0:0:0:0:0:0:1 - - [22/Oct/2025:01:02:25 +0900] "GET /actuator/health?_t=1761062545576 HTTP/1.1" 200 60
0:0:0:0:0:0:0:1 - - [22/Oct/2025:01:03:20 +0900] "GET /actuator/health?_t=1761062600576 HTTP/1.1" 200 60
0:0:0:0:0:0:0:1 - - [22/Oct/2025:01:04:20 +0900] "GET /actuator/health?_t=1761062660575 HTTP/1.1" 200 60
0:0:0:0:0:0:0:1 - - [22/Oct/2025:01:05:20 +0900] "GET /actuator/health?_t=1761062720579 HTTP/1.1" 200 60
0:0:0:0:0:0:0:1 - - [22/Oct/2025:01:06:20 +0900] "GET /actuator/health?_t=1761062780584 HTTP/1.1" 200 60
0:0:0:0:0:0:0:1 - - [22/Oct/2025:01:07:20 +0900] "GET /actuator/health?_t=1761062840593 HTTP/1.1" 200 60
0:0:0:0:0:0:0:1 - - [22/Oct/2025:01:08:20 +0900] "GET /actuator/health?_t=1761062900592 HTTP/1.1" 200 60
0:0:0:0:0:0:0:1 - - [22/Oct/2025:01:09:20 +0900] "GET /actuator/health?_t=1761062960587 HTTP/1.1" 200 60
0:0:0:0:0:0:0:1 - - [22/Oct/2025:01:10:20 +0900] "GET /actuator/health?_t=1761063020592 HTTP/1.1" 200 60
0:0:0:0:0:0:0:1 - - [22/Oct/2025:01:11:20 +0900] "GET /actuator/health?_t=1761063080592 HTTP/1.1" 200 60
0:0:0:0:0:0:0:1 - - [22/Oct/2025:01:12:20 +0900] "GET /actuator/health?_t=1761063140582 HTTP/1.1" 200 60
0:0:0:0:0:0:0:1 - - [22/Oct/2025:01:13:20 +0900] "GET /actuator/health?_t=1761063200594 HTTP/1.1" 200 60
0:0:0:0:0:0:0:1 - - [22/Oct/2025:01:14:20 +0900] "GET /actuator/health?_t=1761063260586 HTTP/1.1" 200 60
0:0:0:0:0:0:0:1 - - [22/Oct/2025:01:15:20 +0900] "GET /actuator/health?_t=1761063320595 HTTP/1.1" 200 60
0:0:0:0:0:0:0:1 - - [22/Oct/2025:01:16:20 +0900] "GET /actuator/health?_t=1761063380599 HTTP/1.1" 200 60
0:0:0:0:0:0:0:1 - - [22/Oct/2025:01:17:20 +0900] "GET /actuator/health?_t=1761063440599 HTTP/1.1" 200 60
0:0:0:0:0:0:0:1 - - [22/Oct/2025:01:18:20 +0900] "GET /actuator/health?_t=1761063500598 HTTP/1.1" 200 60
0:0:0:0:0:0:0:1 - - [22/Oct/2025:01:19:20 +0900] "GET /actuator/health?_t=1761063560596 HTTP/1.1" 200 60
0:0:0:0:0:0:0:1 - - [22/Oct/2025:01:20:20 +0900] "GET /actuator/health?_t=1761063620591 HTTP/1.1" 200 60
0:0:0:0:0:0:0:1 - - [22/Oct/2025:01:21:20 +0900] "GET /actuator/health?_t=1761063680593 HTTP/1.1" 200 60
0:0:0:0:0:0:0:1 - - [22/Oct/2025:01:22:17 +0900] "GET /actuator/health?_t=1761063737520 HTTP/1.1" 200 60
0:0:0:0:0:0:0:1 - - [22/Oct/2025:01:22:24 +0900] "GET /actuator/health?_t=1761063744725 HTTP/1.1" 200 60
0:0:0:0:0:0:0:1 - - [22/Oct/2025:01:22:39 +0900] "GET /actuator/health?_t=1761063759727 HTTP/1.1" 200 60
0:0:0:0:0:0:0:1 - - [22/Oct/2025:01:22:54 +0900] "GET /actuator/health?_t=1761063774727 HTTP/1.1" 200 60
0:0:0:0:0:0:0:1 - - [22/Oct/2025:01:23:03 +0900] "OPTIONS /admin/drivers/driver02/license HTTP/1.1" 200 -
0:0:0:0:0:0:0:1 - - [22/Oct/2025:01:23:03 +0900] "GET /admin/drivers/driver02/license HTTP/1.1" 401 24
0:0:0:0:0:0:0:1 - - [22/Oct/2025:01:23:03 +0900] "OPTIONS /auth/refresh?refreshToken=eyJhbGciOiJIUzI1NiJ9.eyJzdWIiOiJkcml2ZXIwMSIsImF1ZCI6IkFETUlOX0FQUCIsInJvbGUiOiJST0xFX0FETUlOIiwiaWF0IjoxNzYxMDU3NzU3LCJleHAiOjE3Njg4MzM3NTd9.uhMbbUzh9ZiI3ZEmpp1FJ9O2FTcQ4W1q04357hi4VyQ&clientType=ADMIN_APP&deviceId=web-0789cb0d-edbb-40c8-9e2d-b10b77cfaf61 HTTP/1.1" 200 -
0:0:0:0:0:0:0:1 - - [22/Oct/2025:01:23:03 +0900] "POST /auth/refresh?refreshToken=eyJhbGciOiJIUzI1NiJ9.eyJzdWIiOiJkcml2ZXIwMSIsImF1ZCI6IkFETUlOX0FQUCIsInJvbGUiOiJST0xFX0FETUlOIiwiaWF0IjoxNzYxMDU3NzU3LCJleHAiOjE3Njg4MzM3NTd9.uhMbbUzh9ZiI3ZEmpp1FJ9O2FTcQ4W1q04357hi4VyQ&clientType=ADMIN_APP&deviceId=web-0789cb0d-edbb-40c8-9e2d-b10b77cfaf61 HTTP/1.1" 200 459
0:0:0:0:0:0:0:1 - - [22/Oct/2025:01:23:03 +0900] "GET /admin/drivers/driver02/license HTTP/1.1" 200 4
0:0:0:0:0:0:0:1 - - [22/Oct/2025:01:23:03 +0900] "OPTIONS /admin/drivers/driver02/license/info HTTP/1.1" 200 -
0:0:0:0:0:0:0:1 - - [22/Oct/2025:01:23:03 +0900] "GET /admin/drivers/driver02/license/info HTTP/1.1" 200 122
0:0:0:0:0:0:0:1 - - [22/Oct/2025:01:23:09 +0900] "GET /actuator/health?_t=1761063789727 HTTP/1.1" 200 60
0:0:0:0:0:0:0:1 - - [22/Oct/2025:01:23:24 +0900] "GET /actuator/health?_t=1761063804728 HTTP/1.1" 200 60
0:0:0:0:0:0:0:1 - - [22/Oct/2025:01:23:39 +0900] "GET /actuator/health?_t=1761063819724 HTTP/1.1" 200 60
0:0:0:0:0:0:0:1 - - [22/Oct/2025:01:23:54 +0900] "GET /actuator/health?_t=1761063834728 HTTP/1.1" 200 60
0:0:0:0:0:0:0:1 - - [22/Oct/2025:01:24:09 +0900] "GET /actuator/health?_t=1761063849726 HTTP/1.1" 200 60
0:0:0:0:0:0:0:1 - - [22/Oct/2025:01:24:24 +0900] "GET /actuator/health?_t=1761063864729 HTTP/1.1" 200 60
0:0:0:0:0:0:0:1 - - [22/Oct/2025:01:24:39 +0900] "GET /actuator/health?_t=1761063879728 HTTP/1.1" 200 60
0:0:0:0:0:0:0:1 - - [22/Oct/2025:01:24:54 +0900] "GET /actuator/health?_t=1761063894729 HTTP/1.1" 200 60
0:0:0:0:0:0:0:1 - - [22/Oct/2025:01:25:09 +0900] "GET /actuator/health?_t=1761063909729 HTTP/1.1" 200 60
0:0:0:0:0:0:0:1 - - [22/Oct/2025:01:25:24 +0900] "GET /actuator/health?_t=1761063924726 HTTP/1.1" 200 60
0:0:0:0:0:0:0:1 - - [22/Oct/2025:01:25:39 +0900] "GET /actuator/health?_t=1761063939729 HTTP/1.1" 200 60
0:0:0:0:0:0:0:1 - - [22/Oct/2025:01:25:54 +0900] "GET /actuator/health?_t=1761063954730 HTTP/1.1" 200 60
0:0:0:0:0:0:0:1 - - [22/Oct/2025:01:26:25 +0900] "GET /actuator/health?_t=1761063984730 HTTP/1.1" 200 60
0:0:0:0:0:0:0:1 - - [22/Oct/2025:01:26:39 +0900] "GET /actuator/health?_t=1761063999729 HTTP/1.1" 200 60
0:0:0:0:0:0:0:1 - - [22/Oct/2025:01:26:55 +0900] "GET /actuator/health?_t=1761064014730 HTTP/1.1" 200 60
0:0:0:0:0:0:0:1 - - [22/Oct/2025:01:27:09 +0900] "GET /actuator/health?_t=1761064029730 HTTP/1.1" 200 60
0:0:0:0:0:0:0:1 - - [22/Oct/2025:01:27:25 +0900] "GET /actuator/health?_t=1761064044727 HTTP/1.1" 200 60
0:0:0:0:0:0:0:1 - - [22/Oct/2025:01:27:39 +0900] "GET /actuator/health?_t=1761064059730 HTTP/1.1" 200 60
0:0:0:0:0:0:0:1 - - [22/Oct/2025:01:27:53 +0900] "OPTIONS /admin/users/driver01/profile-image HTTP/1.1" 200 -
0:0:0:0:0:0:0:1 - - [22/Oct/2025:01:27:53 +0900] "OPTIONS /admin/drivers/pending?search=&size=10&page=0&sort=createdAt,asc HTTP/1.1" 200 -
0:0:0:0:0:0:0:1 - - [22/Oct/2025:01:27:53 +0900] "GET /admin/drivers/pending?search=&size=10&page=0&sort=createdAt,asc HTTP/1.1" 200 652
0:0:0:0:0:0:0:1 - - [22/Oct/2025:01:27:53 +0900] "OPTIONS /admin/drivers/driver07/profile HTTP/1.1" 200 -
0:0:0:0:0:0:0:1 - - [22/Oct/2025:01:27:53 +0900] "GET /admin/drivers/driver07/profile HTTP/1.1" 200 8392
0:0:0:0:0:0:0:1 - - [22/Oct/2025:01:27:53 +0900] "OPTIONS /admin/drivers/counts HTTP/1.1" 200 -
0:0:0:0:0:0:0:1 - - [22/Oct/2025:01:27:53 +0900] "GET /admin/drivers/counts HTTP/1.1" 200 50
0:0:0:0:0:0:0:1 - - [22/Oct/2025:01:27:53 +0900] "GET /actuator/health?_t=1761064073598 HTTP/1.1" 200 60
0:0:0:0:0:0:0:1 - - [22/Oct/2025:01:27:56 +0900] "OPTIONS /admin/drivers/rejected?search=&size=10&page=0&sort=createdAt,asc HTTP/1.1" 200 -
0:0:0:0:0:0:0:1 - - [22/Oct/2025:01:27:56 +0900] "GET /admin/drivers/rejected?search=&size=10&page=0&sort=createdAt,asc HTTP/1.1" 200 329
0:0:0:0:0:0:0:1 - - [22/Oct/2025:01:27:57 +0900] "GET /admin/drivers/counts HTTP/1.1" 200 50
0:0:0:0:0:0:0:1 - - [22/Oct/2025:01:27:57 +0900] "OPTIONS /admin/drivers/approved?search=&size=10&page=0&sort=createdAt,asc HTTP/1.1" 200 -
0:0:0:0:0:0:0:1 - - [22/Oct/2025:01:27:57 +0900] "GET /admin/drivers/approved?search=&size=10&page=0&sort=createdAt,asc HTTP/1.1" 200 1284
0:0:0:0:0:0:0:1 - - [22/Oct/2025:01:27:57 +0900] "OPTIONS /admin/drivers/driver02/profile HTTP/1.1" 200 -
0:0:0:0:0:0:0:1 - - [22/Oct/2025:01:27:57 +0900] "OPTIONS /admin/drivers/driver03/profile HTTP/1.1" 200 -
0:0:0:0:0:0:0:1 - - [22/Oct/2025:01:27:57 +0900] "OPTIONS /admin/drivers/driver04/profile HTTP/1.1" 200 -
0:0:0:0:0:0:0:1 - - [22/Oct/2025:01:27:57 +0900] "GET /admin/drivers/driver03/profile HTTP/1.1" 200 8392
0:0:0:0:0:0:0:1 - - [22/Oct/2025:01:27:57 +0900] "GET /admin/drivers/driver04/profile HTTP/1.1" 200 8392
0:0:0:0:0:0:0:1 - - [22/Oct/2025:01:27:57 +0900] "GET /admin/drivers/driver02/profile HTTP/1.1" 200 8392
0:0:0:0:0:0:0:1 - - [22/Oct/2025:01:27:57 +0900] "GET /admin/drivers/counts HTTP/1.1" 200 50
0:0:0:0:0:0:0:1 - - [22/Oct/2025:01:27:59 +0900] "GET /admin/drivers/rejected?search=&size=10&page=0&sort=createdAt,asc HTTP/1.1" 200 329
0:0:0:0:0:0:0:1 - - [22/Oct/2025:01:27:59 +0900] "OPTIONS /admin/drivers/counts HTTP/1.1" 200 -
0:0:0:0:0:0:0:1 - - [22/Oct/2025:01:27:59 +0900] "GET /admin/drivers/counts HTTP/1.1" 200 50
0:0:0:0:0:0:0:1 - - [22/Oct/2025:01:28:01 +0900] "OPTIONS /admin/drivers/pending?search=&size=10&page=0&sort=createdAt,asc HTTP/1.1" 200 -
0:0:0:0:0:0:0:1 - - [22/Oct/2025:01:28:01 +0900] "GET /admin/drivers/pending?search=&size=10&page=0&sort=createdAt,asc HTTP/1.1" 200 652
0:0:0:0:0:0:0:1 - - [22/Oct/2025:01:28:01 +0900] "OPTIONS /admin/drivers/driver07/profile HTTP/1.1" 200 -
0:0:0:0:0:0:0:1 - - [22/Oct/2025:01:28:01 +0900] "GET /admin/drivers/driver07/profile HTTP/1.1" 200 8392
0:0:0:0:0:0:0:1 - - [22/Oct/2025:01:28:01 +0900] "GET /admin/drivers/counts HTTP/1.1" 200 50
0:0:0:0:0:0:0:1 - - [22/Oct/2025:01:28:08 +0900] "GET /actuator/health?_t=1761064088603 HTTP/1.1" 200 60
0:0:0:0:0:0:0:1 - - [22/Oct/2025:01:28:23 +0900] "GET /actuator/health?_t=1761064103600 HTTP/1.1" 200 60
0:0:0:0:0:0:0:1 - - [22/Oct/2025:01:28:38 +0900] "GET /actuator/health?_t=1761064118600 HTTP/1.1" 200 60
0:0:0:0:0:0:0:1 - - [22/Oct/2025:01:28:53 +0900] "GET /actuator/health?_t=1761064133599 HTTP/1.1" 200 60
0:0:0:0:0:0:0:1 - - [22/Oct/2025:01:29:08 +0900] "GET /actuator/health?_t=1761064148604 HTTP/1.1" 200 60
0:0:0:0:0:0:0:1 - - [22/Oct/2025:01:29:23 +0900] "GET /actuator/health?_t=1761064163604 HTTP/1.1" 200 60
0:0:0:0:0:0:0:1 - - [22/Oct/2025:01:29:38 +0900] "GET /actuator/health?_t=1761064178605 HTTP/1.1" 200 60
0:0:0:0:0:0:0:1 - - [22/Oct/2025:01:29:53 +0900] "GET /actuator/health?_t=1761064193605 HTTP/1.1" 200 60
0:0:0:0:0:0:0:1 - - [22/Oct/2025:01:30:08 +0900] "GET /actuator/health?_t=1761064208599 HTTP/1.1" 200 60
0:0:0:0:0:0:0:1 - - [22/Oct/2025:01:30:23 +0900] "GET /actuator/health?_t=1761064223599 HTTP/1.1" 200 60
0:0:0:0:0:0:0:1 - - [22/Oct/2025:01:30:39 +0900] "GET /actuator/health?_t=1761064238600 HTTP/1.1" 200 60
0:0:0:0:0:0:0:1 - - [22/Oct/2025:01:30:53 +0900] "GET /actuator/health?_t=1761064253601 HTTP/1.1" 200 60
0:0:0:0:0:0:0:1 - - [22/Oct/2025:01:31:08 +0900] "GET /actuator/health?_t=1761064268600 HTTP/1.1" 200 60
0:0:0:0:0:0:0:1 - - [22/Oct/2025:01:31:23 +0900] "GET /actuator/health?_t=1761064283600 HTTP/1.1" 200 60
0:0:0:0:0:0:0:1 - - [22/Oct/2025:01:31:38 +0900] "GET /actuator/health?_t=1761064298600 HTTP/1.1" 200 60
0:0:0:0:0:0:0:1 - - [22/Oct/2025:01:31:53 +0900] "GET /actuator/health?_t=1761064313606 HTTP/1.1" 200 60
0:0:0:0:0:0:0:1 - - [22/Oct/2025:01:32:08 +0900] "GET /actuator/health?_t=1761064328601 HTTP/1.1" 200 60
0:0:0:0:0:0:0:1 - - [22/Oct/2025:01:32:21 +0900] "OPTIONS /admin/drivers/driver07/license HTTP/1.1" 200 -
0:0:0:0:0:0:0:1 - - [22/Oct/2025:01:32:21 +0900] "GET /admin/drivers/driver07/license HTTP/1.1" 200 63365
0:0:0:0:0:0:0:1 - - [22/Oct/2025:01:32:21 +0900] "OPTIONS /admin/drivers/driver07/license/info HTTP/1.1" 200 -
0:0:0:0:0:0:0:1 - - [22/Oct/2025:01:32:21 +0900] "GET /admin/drivers/driver07/license/info HTTP/1.1" 200 134
0:0:0:0:0:0:0:1 - - [22/Oct/2025:01:32:23 +0900] "GET /actuator/health?_t=1761064343601 HTTP/1.1" 200 60
0:0:0:0:0:0:0:1 - - [22/Oct/2025:01:32:31 +0900] "OPTIONS /admin/drivers/approved?search=&size=10&page=0&sort=createdAt,asc HTTP/1.1" 200 -
0:0:0:0:0:0:0:1 - - [22/Oct/2025:01:32:31 +0900] "GET /admin/drivers/approved?search=&size=10&page=0&sort=createdAt,asc HTTP/1.1" 200 1284
0:0:0:0:0:0:0:1 - - [22/Oct/2025:01:32:31 +0900] "OPTIONS /admin/drivers/driver02/profile HTTP/1.1" 200 -
0:0:0:0:0:0:0:1 - - [22/Oct/2025:01:32:31 +0900] "OPTIONS /admin/drivers/driver03/profile HTTP/1.1" 200 -
0:0:0:0:0:0:0:1 - - [22/Oct/2025:01:32:31 +0900] "OPTIONS /admin/drivers/driver04/profile HTTP/1.1" 200 -
0:0:0:0:0:0:0:1 - - [22/Oct/2025:01:32:31 +0900] "GET /admin/drivers/driver02/profile HTTP/1.1" 200 8392
0:0:0:0:0:0:0:1 - - [22/Oct/2025:01:32:31 +0900] "GET /admin/drivers/driver03/profile HTTP/1.1" 200 8392
0:0:0:0:0:0:0:1 - - [22/Oct/2025:01:32:31 +0900] "GET /admin/drivers/driver04/profile HTTP/1.1" 200 8392
0:0:0:0:0:0:0:1 - - [22/Oct/2025:01:32:31 +0900] "OPTIONS /admin/drivers/counts HTTP/1.1" 200 -
0:0:0:0:0:0:0:1 - - [22/Oct/2025:01:32:31 +0900] "GET /admin/drivers/counts HTTP/1.1" 200 50
0:0:0:0:0:0:0:1 - - [22/Oct/2025:01:32:32 +0900] "OPTIONS /admin/drivers/pending?search=&size=10&page=0&sort=createdAt,asc HTTP/1.1" 200 -
0:0:0:0:0:0:0:1 - - [22/Oct/2025:01:32:32 +0900] "GET /admin/drivers/pending?search=&size=10&page=0&sort=createdAt,asc HTTP/1.1" 200 652
0:0:0:0:0:0:0:1 - - [22/Oct/2025:01:32:32 +0900] "OPTIONS /admin/drivers/driver07/profile HTTP/1.1" 200 -
0:0:0:0:0:0:0:1 - - [22/Oct/2025:01:32:32 +0900] "GET /admin/drivers/driver07/profile HTTP/1.1" 200 8392
0:0:0:0:0:0:0:1 - - [22/Oct/2025:01:32:32 +0900] "GET /admin/drivers/counts HTTP/1.1" 200 50
0:0:0:0:0:0:0:1 - - [22/Oct/2025:01:32:34 +0900] "GET /admin/drivers/approved?search=&size=10&page=0&sort=createdAt,asc HTTP/1.1" 200 1284
0:0:0:0:0:0:0:1 - - [22/Oct/2025:01:32:34 +0900] "GET /admin/drivers/driver04/profile HTTP/1.1" 200 8392
0:0:0:0:0:0:0:1 - - [22/Oct/2025:01:32:34 +0900] "GET /admin/drivers/driver03/profile HTTP/1.1" 200 8392
0:0:0:0:0:0:0:1 - - [22/Oct/2025:01:32:34 +0900] "GET /admin/drivers/driver02/profile HTTP/1.1" 200 8392
0:0:0:0:0:0:0:1 - - [22/Oct/2025:01:32:34 +0900] "GET /admin/drivers/counts HTTP/1.1" 200 50
0:0:0:0:0:0:0:1 - - [22/Oct/2025:01:32:35 +0900] "GET /admin/drivers/pending?search=&size=10&page=0&sort=createdAt,asc HTTP/1.1" 200 652
0:0:0:0:0:0:0:1 - - [22/Oct/2025:01:32:35 +0900] "GET /admin/drivers/driver07/profile HTTP/1.1" 200 8392
0:0:0:0:0:0:0:1 - - [22/Oct/2025:01:32:35 +0900] "GET /admin/drivers/counts HTTP/1.1" 200 50
0:0:0:0:0:0:0:1 - - [22/Oct/2025:01:32:38 +0900] "GET /actuator/health?_t=1761064358601 HTTP/1.1" 200 60
0:0:0:0:0:0:0:1 - - [22/Oct/2025:01:32:48 +0900] "OPTIONS /admin/drivers/rejected?search=&size=10&page=0&sort=createdAt,asc HTTP/1.1" 200 -
0:0:0:0:0:0:0:1 - - [22/Oct/2025:01:32:48 +0900] "GET /admin/drivers/rejected?search=&size=10&page=0&sort=createdAt,asc HTTP/1.1" 200 329
0:0:0:0:0:0:0:1 - - [22/Oct/2025:01:32:48 +0900] "OPTIONS /admin/drivers/counts HTTP/1.1" 200 -
0:0:0:0:0:0:0:1 - - [22/Oct/2025:01:32:48 +0900] "GET /admin/drivers/counts HTTP/1.1" 200 50
0:0:0:0:0:0:0:1 - - [22/Oct/2025:01:32:49 +0900] "OPTIONS /admin/drivers/approved?search=&size=10&page=0&sort=createdAt,asc HTTP/1.1" 200 -
0:0:0:0:0:0:0:1 - - [22/Oct/2025:01:32:49 +0900] "GET /admin/drivers/approved?search=&size=10&page=0&sort=createdAt,asc HTTP/1.1" 200 1284
0:0:0:0:0:0:0:1 - - [22/Oct/2025:01:32:49 +0900] "OPTIONS /admin/drivers/driver02/profile HTTP/1.1" 200 -
0:0:0:0:0:0:0:1 - - [22/Oct/2025:01:32:49 +0900] "OPTIONS /admin/drivers/driver03/profile HTTP/1.1" 200 -
0:0:0:0:0:0:0:1 - - [22/Oct/2025:01:32:49 +0900] "OPTIONS /admin/drivers/driver04/profile HTTP/1.1" 200 -
0:0:0:0:0:0:0:1 - - [22/Oct/2025:01:32:49 +0900] "GET /admin/drivers/driver03/profile HTTP/1.1" 200 8392
0:0:0:0:0:0:0:1 - - [22/Oct/2025:01:32:49 +0900] "GET /admin/drivers/driver04/profile HTTP/1.1" 200 8392
0:0:0:0:0:0:0:1 - - [22/Oct/2025:01:32:49 +0900] "GET /admin/drivers/driver02/profile HTTP/1.1" 200 8392
0:0:0:0:0:0:0:1 - - [22/Oct/2025:01:32:49 +0900] "GET /admin/drivers/counts HTTP/1.1" 200 50
0:0:0:0:0:0:0:1 - - [22/Oct/2025:01:32:50 +0900] "OPTIONS /admin/drivers/pending?search=&size=10&page=0&sort=createdAt,asc HTTP/1.1" 200 -
0:0:0:0:0:0:0:1 - - [22/Oct/2025:01:32:50 +0900] "GET /admin/drivers/pending?search=&size=10&page=0&sort=createdAt,asc HTTP/1.1" 200 652
0:0:0:0:0:0:0:1 - - [22/Oct/2025:01:32:50 +0900] "OPTIONS /admin/drivers/driver07/profile HTTP/1.1" 200 -
0:0:0:0:0:0:0:1 - - [22/Oct/2025:01:32:50 +0900] "GET /admin/drivers/driver07/profile HTTP/1.1" 200 8392
0:0:0:0:0:0:0:1 - - [22/Oct/2025:01:32:50 +0900] "GET /admin/drivers/counts HTTP/1.1" 200 50
0:0:0:0:0:0:0:1 - - [22/Oct/2025:01:32:53 +0900] "GET /actuator/health?_t=1761064373601 HTTP/1.1" 200 60
0:0:0:0:0:0:0:1 - - [22/Oct/2025:01:33:08 +0900] "GET /actuator/health?_t=1761064388601 HTTP/1.1" 200 60
0:0:0:0:0:0:0:1 - - [22/Oct/2025:01:33:23 +0900] "GET /actuator/health?_t=1761064403601 HTTP/1.1" 200 60
0:0:0:0:0:0:0:1 - - [22/Oct/2025:01:33:38 +0900] "GET /actuator/health?_t=1761064418601 HTTP/1.1" 200 60
0:0:0:0:0:0:0:1 - - [22/Oct/2025:01:33:53 +0900] "GET /actuator/health?_t=1761064433602 HTTP/1.1" 200 60
0:0:0:0:0:0:0:1 - - [22/Oct/2025:01:34:08 +0900] "GET /actuator/health?_t=1761064448602 HTTP/1.1" 200 60
0:0:0:0:0:0:0:1 - - [22/Oct/2025:01:34:23 +0900] "GET /actuator/health?_t=1761064463602 HTTP/1.1" 200 60
0:0:0:0:0:0:0:1 - - [22/Oct/2025:01:34:38 +0900] "GET /actuator/health?_t=1761064478602 HTTP/1.1" 200 60
0:0:0:0:0:0:0:1 - - [22/Oct/2025:01:34:53 +0900] "GET /actuator/health?_t=1761064493602 HTTP/1.1" 200 60
0:0:0:0:0:0:0:1 - - [22/Oct/2025:01:35:08 +0900] "GET /actuator/health?_t=1761064508602 HTTP/1.1" 200 60
0:0:0:0:0:0:0:1 - - [22/Oct/2025:01:35:23 +0900] "GET /actuator/health?_t=1761064523602 HTTP/1.1" 200 60
0:0:0:0:0:0:0:1 - - [22/Oct/2025:01:35:38 +0900] "GET /actuator/health?_t=1761064538603 HTTP/1.1" 200 60
0:0:0:0:0:0:0:1 - - [22/Oct/2025:01:35:53 +0900] "GET /actuator/health?_t=1761064553603 HTTP/1.1" 200 60
0:0:0:0:0:0:0:1 - - [22/Oct/2025:01:36:08 +0900] "GET /actuator/health?_t=1761064568603 HTTP/1.1" 200 60
0:0:0:0:0:0:0:1 - - [22/Oct/2025:01:36:23 +0900] "GET /actuator/health?_t=1761064583603 HTTP/1.1" 200 60
0:0:0:0:0:0:0:1 - - [22/Oct/2025:01:36:38 +0900] "GET /actuator/health?_t=1761064598604 HTTP/1.1" 200 60
0:0:0:0:0:0:0:1 - - [22/Oct/2025:01:36:53 +0900] "GET /actuator/health?_t=1761064613604 HTTP/1.1" 200 60
0:0:0:0:0:0:0:1 - - [22/Oct/2025:01:37:08 +0900] "GET /actuator/health?_t=1761064628604 HTTP/1.1" 200 60
0:0:0:0:0:0:0:1 - - [22/Oct/2025:01:37:23 +0900] "GET /actuator/health?_t=1761064643604 HTTP/1.1" 200 60
0:0:0:0:0:0:0:1 - - [22/Oct/2025:01:37:38 +0900] "GET /actuator/health?_t=1761064658604 HTTP/1.1" 200 60
0:0:0:0:0:0:0:1 - - [22/Oct/2025:01:37:53 +0900] "GET /actuator/health?_t=1761064673604 HTTP/1.1" 200 60
0:0:0:0:0:0:0:1 - - [22/Oct/2025:01:38:08 +0900] "GET /actuator/health?_t=1761064688604 HTTP/1.1" 200 60
0:0:0:0:0:0:0:1 - - [22/Oct/2025:01:38:23 +0900] "GET /actuator/health?_t=1761064703604 HTTP/1.1" 200 60
0:0:0:0:0:0:0:1 - - [22/Oct/2025:01:38:38 +0900] "GET /actuator/health?_t=1761064718605 HTTP/1.1" 200 60
0:0:0:0:0:0:0:1 - - [22/Oct/2025:01:38:53 +0900] "GET /actuator/health?_t=1761064733605 HTTP/1.1" 200 60
0:0:0:0:0:0:0:1 - - [22/Oct/2025:01:39:08 +0900] "GET /actuator/health?_t=1761064748605 HTTP/1.1" 200 60
0:0:0:0:0:0:0:1 - - [22/Oct/2025:01:39:23 +0900] "GET /actuator/health?_t=1761064763605 HTTP/1.1" 200 60
0:0:0:0:0:0:0:1 - - [22/Oct/2025:01:39:28 +0900] "OPTIONS /admin/users/driver01/profile-image HTTP/1.1" 200 -
0:0:0:0:0:0:0:1 - - [22/Oct/2025:01:39:28 +0900] "OPTIONS /admin/drivers/pending?search=&size=10&page=0&sort=createdAt,asc HTTP/1.1" 200 -
0:0:0:0:0:0:0:1 - - [22/Oct/2025:01:39:28 +0900] "GET /admin/drivers/pending?search=&size=10&page=0&sort=createdAt,asc HTTP/1.1" 200 652
0:0:0:0:0:0:0:1 - - [22/Oct/2025:01:39:28 +0900] "OPTIONS /admin/drivers/driver07/profile HTTP/1.1" 200 -
0:0:0:0:0:0:0:1 - - [22/Oct/2025:01:39:28 +0900] "GET /admin/drivers/driver07/profile HTTP/1.1" 200 8392
0:0:0:0:0:0:0:1 - - [22/Oct/2025:01:39:28 +0900] "OPTIONS /admin/drivers/counts HTTP/1.1" 200 -
0:0:0:0:0:0:0:1 - - [22/Oct/2025:01:39:28 +0900] "GET /admin/drivers/counts HTTP/1.1" 200 50
0:0:0:0:0:0:0:1 - - [22/Oct/2025:01:39:28 +0900] "GET /actuator/health?_t=1761064768030 HTTP/1.1" 200 60
0:0:0:0:0:0:0:1 - - [22/Oct/2025:01:39:43 +0900] "GET /actuator/health?_t=1761064783033 HTTP/1.1" 200 60
0:0:0:0:0:0:0:1 - - [22/Oct/2025:01:39:58 +0900] "GET /actuator/health?_t=1761064798033 HTTP/1.1" 200 60
0:0:0:0:0:0:0:1 - - [22/Oct/2025:01:40:13 +0900] "GET /actuator/health?_t=1761064813033 HTTP/1.1" 200 60
0:0:0:0:0:0:0:1 - - [22/Oct/2025:01:40:28 +0900] "GET /actuator/health?_t=1761064828033 HTTP/1.1" 200 60
0:0:0:0:0:0:0:1 - - [22/Oct/2025:01:40:43 +0900] "GET /actuator/health?_t=1761064843034 HTTP/1.1" 200 60
0:0:0:0:0:0:0:1 - - [22/Oct/2025:01:40:58 +0900] "GET /actuator/health?_t=1761064858034 HTTP/1.1" 200 60
0:0:0:0:0:0:0:1 - - [22/Oct/2025:01:41:13 +0900] "GET /actuator/health?_t=1761064873033 HTTP/1.1" 200 60
0:0:0:0:0:0:0:1 - - [22/Oct/2025:01:41:28 +0900] "GET /actuator/health?_t=1761064888034 HTTP/1.1" 200 60
0:0:0:0:0:0:0:1 - - [22/Oct/2025:01:41:43 +0900] "GET /actuator/health?_t=1761064903035 HTTP/1.1" 200 60
0:0:0:0:0:0:0:1 - - [22/Oct/2025:01:41:58 +0900] "GET /actuator/health?_t=1761064918035 HTTP/1.1" 200 60
0:0:0:0:0:0:0:1 - - [22/Oct/2025:01:42:13 +0900] "GET /actuator/health?_t=1761064933035 HTTP/1.1" 200 60
0:0:0:0:0:0:0:1 - - [22/Oct/2025:01:42:28 +0900] "GET /actuator/health?_t=1761064948035 HTTP/1.1" 200 60
0:0:0:0:0:0:0:1 - - [22/Oct/2025:01:42:43 +0900] "GET /actuator/health?_t=1761064963036 HTTP/1.1" 200 60
0:0:0:0:0:0:0:1 - - [22/Oct/2025:01:42:53 +0900] "OPTIONS /admin/drivers/driver07/license HTTP/1.1" 200 -
0:0:0:0:0:0:0:1 - - [22/Oct/2025:01:42:53 +0900] "GET /admin/drivers/driver07/license HTTP/1.1" 200 63365
0:0:0:0:0:0:0:1 - - [22/Oct/2025:01:42:53 +0900] "OPTIONS /admin/drivers/driver07/license/info HTTP/1.1" 200 -
0:0:0:0:0:0:0:1 - - [22/Oct/2025:01:42:53 +0900] "GET /admin/drivers/driver07/license/info HTTP/1.1" 200 134
0:0:0:0:0:0:0:1 - - [22/Oct/2025:01:42:58 +0900] "GET /actuator/health?_t=1761064978035 HTTP/1.1" 200 60
0:0:0:0:0:0:0:1 - - [22/Oct/2025:01:43:13 +0900] "GET /actuator/health?_t=1761064993035 HTTP/1.1" 200 60
0:0:0:0:0:0:0:1 - - [22/Oct/2025:01:43:28 +0900] "GET /actuator/health?_t=1761065008035 HTTP/1.1" 200 60
0:0:0:0:0:0:0:1 - - [22/Oct/2025:01:43:43 +0900] "GET /actuator/health?_t=1761065023035 HTTP/1.1" 200 60
0:0:0:0:0:0:0:1 - - [22/Oct/2025:01:43:58 +0900] "GET /actuator/health?_t=1761065038036 HTTP/1.1" 200 60
0:0:0:0:0:0:0:1 - - [22/Oct/2025:01:44:13 +0900] "GET /actuator/health?_t=1761065053036 HTTP/1.1" 200 60
0:0:0:0:0:0:0:1 - - [22/Oct/2025:01:44:28 +0900] "GET /actuator/health?_t=1761065068035 HTTP/1.1" 200 60
0:0:0:0:0:0:0:1 - - [22/Oct/2025:01:44:43 +0900] "GET /actuator/health?_t=1761065083036 HTTP/1.1" 200 60
0:0:0:0:0:0:0:1 - - [22/Oct/2025:01:44:58 +0900] "GET /actuator/health?_t=1761065098036 HTTP/1.1" 200 60
0:0:0:0:0:0:0:1 - - [22/Oct/2025:01:45:13 +0900] "GET /actuator/health?_t=1761065113036 HTTP/1.1" 200 60
0:0:0:0:0:0:0:1 - - [22/Oct/2025:01:45:28 +0900] "GET /actuator/health?_t=1761065128036 HTTP/1.1" 200 60
0:0:0:0:0:0:0:1 - - [22/Oct/2025:01:45:43 +0900] "GET /actuator/health?_t=1761065143036 HTTP/1.1" 200 60
0:0:0:0:0:0:0:1 - - [22/Oct/2025:01:45:58 +0900] "GET /actuator/health?_t=1761065158037 HTTP/1.1" 200 60
0:0:0:0:0:0:0:1 - - [22/Oct/2025:01:46:13 +0900] "GET /actuator/health?_t=1761065173037 HTTP/1.1" 200 60
0:0:0:0:0:0:0:1 - - [22/Oct/2025:01:46:28 +0900] "GET /actuator/health?_t=1761065188034 HTTP/1.1" 200 60
0:0:0:0:0:0:0:1 - - [22/Oct/2025:01:46:43 +0900] "GET /actuator/health?_t=1761065203036 HTTP/1.1" 200 60
0:0:0:0:0:0:0:1 - - [22/Oct/2025:01:46:58 +0900] "GET /actuator/health?_t=1761065218036 HTTP/1.1" 200 60
0:0:0:0:0:0:0:1 - - [22/Oct/2025:01:47:13 +0900] "GET /actuator/health?_t=1761065233037 HTTP/1.1" 200 60
